DEBUG:root:individual words: ['_weak_', '_tight_', '_box_', '_own_', '_farm_', '_play_', '_bank_', '_sing_', '_deal_', '_kill_', '_hunt_', '_read_', '_lead_', '_tell_', '_mix_', '_win_', '_test_', '_abort_', '_evict_', '_fuse_', '_act_', '_edit_', '_poll_', '_sir_', '_both_', '_broth_', '_cat_', '_corn_', '_cow_', '_flow_', '_lag_', '_mist_', '_moth_', '_pond_', '_prop_', '_show_', '_tap_', '_tow_', '_wand_', '_leg_', '_lot_', '_miss_', '_port_', '_rat_', '_cash_', '_flee_', '_turn_', '_ball_', '_spin_', '_pulp_', '_star_', '_gala_', '_free_', '_add_', '_tea_', '_pill_', '_drag_', '_wind_', '_yell_', '_car_', '_hot_', '_too_', '_beg_', '_ski_', '_won_', '_cart_']
DEBUG:root:word freq dict (first 20): 
{'_abort_': 2.92, '_abortion_': 3.77, '_acidic_': 3.26, '_act_': 4.99, '_action_': 5.09, '_add_': 5.0, '_address_': 4.69, '_ageing_': 3.73, '_arming_': 3.07, '_asking_': 4.99, '_ball_': 5.33, '_ballast_': 2.94, '_bank_': 5.28, '_banker_': 3.73, '_beefy_': 2.96, '_beg_': 4.1, '_begin_': 4.77, '_boards_': 4.06, '_bossy_': 3.42, '_both_': 5.57}
DEBUG:root:['tion_', 'al_', 'ial_', 'er_', 'y_', 'ment_', 'ous_', 'ious_', 'ant_', 'ent_', 'an_', 'ian_', 'ar_', 'or_', 'ance_', 'ence_', 'ity_', 'able_', 'ible_', 'ate_', 'ful_', 'ive_', 'ice_', 'ise_', 'ic_', 'en_', 'ship_', 'ure_', 'ness_', 'ern_', 'age_', 'ize_', 'less_', 'ism_', 'ary_', 'th_', 'ite_', 'ist_', 'cracy_', 'ide_', 'hood_', 'ify_']
DEBUG:root:word freq dict (with affixes): {'_abort_': 2.92, '_abortion_': 3.77, '_acidic_': 3.26, '_act_': 4.99, '_action_': 5.09, '_add_': 5.0, '_address_': 4.69, '_ageing_': 3.73, '_arming_': 3.07, '_asking_': 4.99, '_ball_': 5.33, '_ballast_': 2.94, '_bank_': 5.28, '_banker_': 3.73, '_beefy_': 2.96, '_beg_': 4.1, '_begin_': 4.77, '_boards_': 4.06, '_bossy_': 3.42, '_both_': 5.57, '_bother_': 4.45, '_box_': 5.12, '_boxer_': 3.83, '_bricks_': 4.02, '_broth_': 3.49, '_brother_': 5.01, '_bubby_': 1.95, '_bumpy_': 3.63, '_bushy_': 3.17, '_buttery_': 3.27, '_car_': 5.44, '_carrot_': 4.08, '_cart_': 3.77, '_carton_': 3.0, '_cash_': 4.95, '_cashew_': 2.84, '_cat_': 4.83, '_catchy_': 3.31, '_cater_': 3.25, '_corn_': 3.94, '_corner_': 4.96, '_cow_': 4.44, '_cower_': 2.42, '_curled_': 3.22, '_darker_': 3.8, '_deal_': 5.34, '_dealer_': 4.17, '_doing_': 5.89, '_drag_': 4.16, '_dragon_': 4.28, '_dusty_': 3.72, '_earthy_': 3.24, '_eatable_': 1.39, '_edit_': 3.31, '_edition_': 4.08, '_evict_': 2.89, '_eviction_': 3.38, '_fairly_': 4.75, '_farm_': 4.81, '_farmer_': 4.35, '_faulty_': 3.46, '_filthy_': 3.92, '_flee_': 3.48, '_fleece_': 3.37, '_flow_': 4.32, '_flower_': 4.5, '_fluffy_': 3.91, '_free_': 5.25, '_freeze_': 4.3, '_fruity_': 3.62, '_fuse_': 3.66, '_fusion_': 3.6, '_gala_': 3.32, '_galaxy_': 3.81, '_gawky_': 1.84, '_girdle_': 2.7, '_glassy_': 2.59, '_gloomy_': 3.63, '_governor_': 4.15, '_grassy_': 3.13, '_greedy_': 3.78, '_griped_': 1.3, '_grocery_': 3.09, '_hot_': 5.14, '_hotel_': 4.76, '_hunt_': 4.69, '_hunter_': 4.18, '_joyous_': 3.22, '_kill_': 4.91, '_killer_': 4.37, '_lag_': 3.1, '_lager_': 3.56, '_lately_': 3.88, '_lead_': 5.18, '_leader_': 5.02, '_leg_': 4.88, '_legion_': 3.5, '_likely_': 4.87, '_lot_': 5.98, '_lotion_': 2.97, '_lovely_': 5.65, '_messy_': 4.11, '_milky_': 3.51, '_miss_': 5.21, '_mission_': 4.69, '_mist_': 3.95, '_mister_': 3.99, '_mix_': 4.7, '_mixer_': 3.45, '_moth_': 3.64, '_mother_': 5.29, '_nearly_': 5.09, '_oddity_': 2.79, '_own_': 5.72, '_owner_': 4.65, '_petal_': 3.64, '_pill_': 3.81, '_pillow_': 3.73, '_play_': 5.69, '_player_': 4.99, '_poetry_': 4.1, '_poll_': 4.19, '_pollen_': 3.55, '_pond_': 4.2, '_ponder_': 3.06, '_port_': 4.49, '_portion_': 3.77, '_postal_': 3.61, '_pricey_': 3.24, '_prop_': 3.85, '_proper_': 4.88, '_prowess_': 3.24, '_pulp_': 3.41, '_pulpit_': 3.0, '_purity_': 3.28, '_rat_': 4.23, '_ration_': 3.29, '_read_': 5.14, '_reader_': 3.71, '_risky_': 4.09, '_robbery_': 3.83, '_rocky_': 3.99, '_sailor_': 3.75, '_salty_': 3.87, '_saving_': 4.49, '_sculptor_': 3.51, '_seeing_': 5.12, '_show_': 5.77, '_shower_': 4.52, '_sing_': 4.94, '_singer_': 4.48, '_sir_': 5.3, '_siren_': 3.44, '_ski_': 3.88, '_skirt_': 3.81, '_sleepy_': 3.78, '_smelly_': 3.87, '_snowy_': 3.5, '_sooner_': 4.23, '_speaker_': 4.53, '_spin_': 4.41, '_spinach_': 3.87, '_star_': 5.04, '_starve_': 3.38, '_sticky_': 4.27, '_stormy_': 3.55, '_syrupy_': 2.66, '_tap_': 4.33, '_taper_': 2.71, '_tea_': 5.02, '_tease_': 3.57, '_tell_': 5.82, '_teller_': 3.19, '_test_': 5.06, '_tester_': 2.93, '_tight_': 4.73, '_tighten_': 3.55, '_too_': 5.93, '_tooth_': 4.09, '_tow_': 3.57, '_tower_': 4.5, '_turn_': 5.45, '_turnip_': 3.36, '_wand_': 3.54, '_wander_': 3.87, '_weak_': 4.33, '_weaken_': 3.2, '_wealthy_': 4.13, '_widely_': 4.04, '_win_': 5.49, '_wind_': 5.0, '_window_': 4.84, '_winner_': 4.89, '_won_': 5.36, '_wonder_': 5.06, '_yell_': 3.28, '_yellow_': 4.84, '_zealous_': 2.69, '_the_': 7.67, '_to_': 7.42, '_a_': 7.38, '_it_': 7.33, '_i_': 7.33, '_you_': 7.32, '_and_': 7.32, '_of_': 7.27, '_s_': 7.23, '_that_': 7.19, '_is_': 7.18, '_in_': 7.17, '_we_': 7.0, '_for_': 6.93, '_have_': 6.9, '_this_': 6.89, '_on_': 6.89, '_was_': 6.87, "_n't_": 6.87, '_do_': 6.85, '_they_': 6.83, '_he_': 6.82, '_are_': 6.82, '_be_': 6.8, '_what_': 6.78, '_but_': 6.76, '_with_': 6.75, '_there_': 6.72, '_not_': 6.72, '_so_': 6.69, '_at_': 6.69, '_all_': 6.63, '_as_': 6.61, '_one_': 6.56, '_can_': 6.56, '_will_': 6.55, '_just_': 6.55, '_me_': 6.54, '_up_': 6.53, '_re_': 6.53, '_like_': 6.53, '_my_': 6.52, '_think_': 6.51, '_m_': 6.51, '_has_': 6.51, '_about_': 6.51, '_your_': 6.5, '_ve_': 6.5, '_no_': 6.5, '_if_': 6.5, '_from_': 6.5, '_get_': 6.49, '_out_': 6.48, '_got_': 6.47, '_going_': 6.47, '_would_': 6.45, '_here_': 6.45, '_now_': 6.44, '_well_': 6.43, '_know_': 6.43, '_go_': 6.43, '_she_': 6.42, '_been_': 6.42, '_very_': 6.41, '_his_': 6.4, '_an_': 6.4, '_had_': 6.37, '_right_': 6.36, '_did_': 6.36, '_were_': 6.35, '_time_': 6.35, '_them_': 6.35, '_people_': 6.35, '_good_': 6.35, '_when_': 6.34, '_see_': 6.34, '_how_': 6.33, '_who_': 6.32, '_more_': 6.32, '_ll_': 6.32, '_really_': 6.29, '_or_': 6.29, '_oh_': 6.29, '_their_': 6.28, '_by_': 6.28, '_yeah_': 6.27, '_some_': 6.27, '_could_': 6.27, '_which_': 6.26, '_come_': 6.26, '_her_': 6.25, '_back_': 6.25, '_yes_': 6.23, '_look_': 6.23, '_want_': 6.22, '_our_': 6.22, '_because_': 6.22, '_then_': 6.21, '_him_': 6.19, '_two_': 6.18, '_first_': 6.17, '_let_': 6.16, '_into_': 6.16, '_us_': 6.15, '_over_': 6.14, '_make_': 6.14, '_where_': 6.13, '_say_': 6.13, '_way_': 6.12, '_these_': 6.12, '_much_': 6.11, '_bit_': 6.1, '_down_': 6.09, '_take_': 6.08, '_off_': 6.08, '_need_': 6.07, '_does_': 6.07, '_said_': 6.05, '_d_': 6.04, '_little_': 6.03, '_why_': 6.02, '_than_': 6.02, '_something_': 6.02, '_only_': 6.02, '_any_': 6.01, '_years_': 6.0, '_should_': 6.0, '_great_': 6.0, '_work_': 5.99, '_put_': 5.99, '_done_': 5.99, '_day_': 5.99, '_other_': 5.98, '_ok_': 5.98, '_new_': 5.98, '_last_': 5.97, '_today_': 5.96, '_ca_': 5.96, '_through_': 5.94, '_three_': 5.94, '_those_': 5.94, '_thing_': 5.94, '_still_': 5.94, '_big_': 5.94, '_after_': 5.94, '_things_': 5.93, '_year_': 5.92, '_quite_': 5.92, '_made_': 5.91, '_being_': 5.9, '_next_': 5.89, '_never_': 5.89, '_find_': 5.89, '_world_': 5.88, '_love_': 5.88, '_before_': 5.88, '_am_': 5.88, '_thank_': 5.87, '_many_': 5.87, '_most_': 5.86, '_man_': 5.86, '_home_': 5.86, '_give_': 5.86, '_around_': 5.86, '_looking_': 5.85, '_even_': 5.85, '_thought_': 5.84, '_money_': 5.84, '_away_': 5.84, '_again_': 5.84, '_nice_': 5.83, '_house_': 5.83, '_life_': 5.81, '_also_': 5.81, '_sure_': 5.8, '_might_': 5.8, '_long_': 5.8, '_old_': 5.79, '_another_': 5.79, '_actually_': 5.79, '_place_': 5.78, '_best_': 5.78, '_start_': 5.77, '_its_': 5.77, '_end_': 5.77, '_government_': 5.76, '_better_': 5.76, '_always_': 5.76, '_help_': 5.75, '_coming_': 5.75, '_every_': 5.74, '_getting_': 5.73, '_feel_': 5.73, '_keep_': 5.72, '_round_': 5.71, '_mean_': 5.71, '_anything_': 5.7, '_went_': 5.68, '_please_': 5.68, '_may_': 5.68, '_family_': 5.68, '_used_': 5.67, '_team_': 5.67, '_part_': 5.67, '_must_': 5.67, '_four_': 5.67, '_few_': 5.67, '_ever_': 5.67, '_course_': 5.67, '_week_': 5.66, '_left_': 5.66, '_everything_': 5.66, '_different_': 5.66, '_came_': 5.66, '_try_': 5.65, '_sorry_': 5.65, '_seen_': 5.65, '_same_': 5.65, '_night_': 5.65, '_five_': 5.65, '_enough_': 5.65, '_country_': 5.65, '_top_': 5.64, '_nothing_': 5.64, '_having_': 5.62, '_sort_': 5.61, '_second_': 5.61, '_name_': 5.61, '_maybe_': 5.61, '_head_': 5.61, '_far_': 5.61, '_under_': 5.6, '_together_': 5.6, '_room_': 5.6, '_question_': 5.6, '_point_': 5.6, '_kind_': 5.6, '_job_': 5.6, '_hello_': 5.6, '_called_': 5.6, '_probably_': 5.59, '_wrong_': 5.58, '_looks_': 5.58, '_hard_': 5.58, '_gone_': 5.58, '_found_': 5.58, '_absolutely_': 5.58, '_use_': 5.57, '_trying_': 5.57, '_set_': 5.57, '_mr_': 5.57, '_moment_': 5.57, '_important_': 5.57, '_wanted_': 5.56, '_saying_': 5.56, '_number_': 5.56, '_making_': 5.56, '_idea_': 5.56, '_hope_': 5.56, '_happy_': 5.56, '_believe_': 5.56, '_bad_': 5.56, '_answer_': 5.56, '_stop_': 5.55, '_side_': 5.55, '_says_': 5.55, '_half_': 5.55, '_between_': 5.55, '_whole_': 5.54, '_game_': 5.54, '_call_': 5.54, '_water_': 5.53, '_real_': 5.53, '_party_': 5.53, '_high_': 5.53, '_each_': 5.53, '_children_': 5.53, '_against_': 5.53, '_wo_': 5.52, '_talk_': 5.52, '_remember_': 5.52, '_ready_': 5.52, '_days_': 5.52, '_young_': 5.51, '_working_': 5.51, '_told_': 5.51, '_problem_': 5.51, '_once_': 5.51, '_goes_': 5.51, '_such_': 5.5, '_someone_': 5.5, '_pretty_': 5.5, '_police_': 5.5, '_morning_': 5.5, '_live_': 5.5, '_later_': 5.5, '_everyone_': 5.5, '_else_': 5.5, '_ago_': 5.5, '_run_': 5.49, '_move_': 5.49, '_leave_': 5.49, '_comes_': 5.49, '_change_': 5.49, '_british_': 5.49, '_across_': 5.49, '_ha_': 5.48, '_david_': 5.48, '_talking_': 5.47, '_six_': 5.47, '_mind_': 5.47, '_london_': 5.47, '_john_': 5.47, '_business_': 5.47, '_able_': 5.47, '_without_': 5.46, '_times_': 5.46, '_taking_': 5.46, '_since_': 5.46, '_mum_': 5.46, '_final_': 5.46, '_chance_': 5.46, '_while_': 5.45, '_took_': 5.45, '_tonight_': 5.45, '_school_': 5.45, '_line_': 5.45, '_happened_': 5.45, '_food_': 5.45, '_fantastic_': 5.45, '_fact_': 5.45, '_already_': 5.45, '_public_': 5.44, '_minutes_': 5.44, '_minister_': 5.44, '_means_': 5.44, '_local_': 5.44, '_hear_': 5.44, '_hand_': 5.44, '_fine_': 5.44, '_face_': 5.44, '_cos_': 5.44, '_though_': 5.43, '_thanks_': 5.43, '_started_': 5.43, '_small_': 5.43, '_hey_': 5.43, '_close_': 5.43, '_case_': 5.43, '_ah_': 5.43, '_welcome_': 5.42, '_uk_': 5.42, '_taken_': 5.42, '_story_': 5.42, '_scotland_': 5.42, '_needs_': 5.42, '_lost_': 5.42, '_given_': 5.42, '_front_': 5.42, '_couple_': 5.42, '_britain_': 5.42, '_behind_': 5.42, '_beautiful_': 5.42, '_yet_': 5.41, '_red_': 5.41, '_open_': 5.41, '_news_': 5.41, '_meet_': 5.41, '_dad_': 5.41, '_ask_': 5.41, '_until_': 5.4, '_saw_': 5.4, '_pay_': 5.4, '_makes_': 5.4, '_full_': 5.4, '_difficult_': 5.4, '_city_': 5.4, '_bring_': 5.4, '_area_': 5.4, '_whether_': 5.39, '_ten_': 5.39, '_stuff_': 5.39, '_stay_': 5.39, '_rather_': 5.39, '_almost_': 5.39, '_million_': 5.38, '_god_': 5.38, '_england_': 5.38, '_wait_': 5.37, '_property_': 5.37, '_men_': 5.37, '_mark_': 5.37, '_guys_': 5.37, '_exactly_': 5.37, '_everybody_': 5.37, '_correct_': 5.37, '_clear_': 5.37, '_buy_': 5.37, '_thinking_': 5.36, '_south_': 5.36, '_playing_': 5.36, '_months_': 5.36, '_knew_': 5.36, '_inside_': 5.36, '_heard_': 5.36, '_amazing_': 5.36, '_wales_': 5.35, '_music_': 5.35, '_lots_': 5.35, '_labour_': 5.35, '_cut_': 5.35, '_war_': 5.34, '_points_': 5.34, '_person_': 5.34, '_obviously_': 5.34, '_gets_': 5.34, '_care_': 5.34, '_brilliant_': 5.34, '_wonderful_': 5.33, '_wants_': 5.33, '_true_': 5.33, '_friends_': 5.33, '_forward_': 5.33, '_certainly_': 5.33, '_along_': 5.33, '_understand_': 5.32, '_special_': 5.32, '_outside_': 5.32, '_north_': 5.32, '_huge_': 5.32, '_hold_': 5.32, '_happen_': 5.32, '_easy_': 5.32, '_early_': 5.32, '_yourself_': 5.31, '_seems_': 5.31, '_living_': 5.31, '_less_': 5.31, '_hit_': 5.31, '_fun_': 5.31, '_watch_': 5.3, '_soon_': 5.3, '_past_': 5.3, '_ooh_': 5.3, '_heart_': 5.3, '_future_': 5.3, '_word_': 5.29, '_west_': 5.29, '_support_': 5.29, '_space_': 5.29, '_somebody_': 5.29, '_power_': 5.29, '_known_': 5.29, '_girl_': 5.29, '_friend_': 5.29, '_definitely_': 5.29, '_baby_': 5.29, '_asked_': 5.29, '_wow_': 5.28, '_worth_': 5.28, '_women_': 5.28, '_weeks_': 5.28, '_road_': 5.28, '_rest_': 5.28, '_price_': 5.28, '_perfect_': 5.28, '_paul_': 5.28, '_myself_': 5.28, '_light_': 5.28, '_least_': 5.28, '_interesting_': 5.28, '_hours_': 5.28, '_hi_': 5.28, '_garden_': 5.28, '_feeling_': 5.28, '_brought_': 5.28, '_boy_': 5.28, '_become_': 5.28, '_anyone_': 5.28, '_piece_': 5.27, '_looked_': 5.27, '_james_': 5.27, 'tion_': 8.505783124678207, 'al_': 8.2126215864618, 'ial_': 8.2126215864618, 'er_': 8.144413336435266, 'y_': 8.01925019348126, 'ment_': 7.7792995238506695, 'ous_': 7.633587712669276, 'ious_': 7.633587712669276, 'ant_': 7.613785085373096, 'ent_': 7.613785085373096, 'an_': 7.572963090852841, 'ian_': 7.572963090852841, 'ar_': 7.462962195638513, 'or_': 7.462962195638513, 'ance_': 7.102959461607106, 'ence_': 7.102959461607106, 'ity_': 7.033966590120154, 'able_': 6.879815910292896, 'ible_': 6.879815910292896, 'ate_': 6.792804533303266, 'ful_': 6.792804533303266, 'ive_': 6.534975424001166, 'ice_': 6.474350802184731, 'ise_': 6.474350802184731, 'ic_': 6.266711437406487, 'en_': 6.266711437406487, 'ship_': 6.09965735274332, 'ure_': 6.09965735274332, 'ness_': 6.004347172938996, 'ern_': 5.781203621624786, 'age_': 5.781203621624786, 'ize_': 5.781203621624786, 'less_': 5.493521549173005, 'ism_': 5.31119999237905, 'ary_': 5.31119999237905, 'th_': 5.088056441064841, 'ite_': 4.80037436861306, 'ist_': 4.80037436861306, 'cracy_': 4.394909260504895, 'ide_': 3.7017620799449498, 'hood_': 3.7017620799449498, 'ify_': 3.7017620799449498}
INFO:root:max freq:8.505783124678207
INFO:root:Length text: 66
Length pred: 722
INFO:root:LENGTH of freq dict: 722
INFO:root:LENGTH of individual words: 66
DEBUG:root:size lexicon: 722
INFO:root:Setting up word-to-word inhibition grid...
INFO:root:Inhibition grid ready. BEGIN EXPERIMENT
INFO:root:trial: 1
DEBUG:root:Stimulus: hashgrid screen
DEBUG:root:['_#', '##', '#_']
DEBUG:root:target index:[]
DEBUG:root:target activity:[]
DEBUG:root:total activity: 0.0
DEBUG:root:nr. above thresh. in lexicon: 0
DEBUG:root:recognized words []
DEBUG:root:words lenghts to be matched: [5]
DEBUG:root:no words above threshold and of fitting length
DEBUG:root:


DEBUG:root:Stimulus: hashgrid screen
DEBUG:root:['_#', '##', '#_']
DEBUG:root:target index:[]
DEBUG:root:target activity:[]
DEBUG:root:total activity: 0.0
DEBUG:root:nr. above thresh. in lexicon: 0
DEBUG:root:recognized words []
DEBUG:root:words lenghts to be matched: [5]
DEBUG:root:no words above threshold and of fitting length
DEBUG:root:


DEBUG:root:Stimulus: hashgrid screen
DEBUG:root:['_#', '##', '#_']
DEBUG:root:target index:[]
DEBUG:root:target activity:[]
DEBUG:root:total activity: 0.0
DEBUG:root:nr. above thresh. in lexicon: 0
DEBUG:root:recognized words []
DEBUG:root:words lenghts to be matched: [5]
DEBUG:root:no words above threshold and of fitting length
DEBUG:root:


DEBUG:root:Stimulus: hashgrid screen
DEBUG:root:['_#', '##', '#_']
DEBUG:root:target index:[]
DEBUG:root:target activity:[]
DEBUG:root:total activity: 0.0
DEBUG:root:nr. above thresh. in lexicon: 0
DEBUG:root:recognized words []
DEBUG:root:words lenghts to be matched: [5]
DEBUG:root:no words above threshold and of fitting length
DEBUG:root:


DEBUG:root:Stimulus: hashgrid screen
DEBUG:root:['_#', '##', '#_']
DEBUG:root:target index:[]
DEBUG:root:target activity:[]
DEBUG:root:total activity: 0.0
DEBUG:root:nr. above thresh. in lexicon: 0
DEBUG:root:recognized words []
DEBUG:root:words lenghts to be matched: [5]
DEBUG:root:no words above threshold and of fitting length
DEBUG:root:


DEBUG:root:Stimulus: hashgrid screen
DEBUG:root:['_#', '##', '#_']
DEBUG:root:target index:[]
DEBUG:root:target activity:[]
DEBUG:root:total activity: 0.0
DEBUG:root:nr. above thresh. in lexicon: 0
DEBUG:root:recognized words []
DEBUG:root:words lenghts to be matched: [5]
DEBUG:root:no words above threshold and of fitting length
DEBUG:root:


DEBUG:root:Stimulus: hashgrid screen
DEBUG:root:['_#', '##', '#_']
DEBUG:root:target index:[]
DEBUG:root:target activity:[]
DEBUG:root:total activity: 0.0
DEBUG:root:nr. above thresh. in lexicon: 0
DEBUG:root:recognized words []
DEBUG:root:words lenghts to be matched: [5]
DEBUG:root:no words above threshold and of fitting length
DEBUG:root:


DEBUG:root:Stimulus: hashgrid screen
DEBUG:root:['_#', '##', '#_']
DEBUG:root:target index:[]
DEBUG:root:target activity:[]
DEBUG:root:total activity: 0.0
DEBUG:root:nr. above thresh. in lexicon: 0
DEBUG:root:recognized words []
DEBUG:root:words lenghts to be matched: [5]
DEBUG:root:no words above threshold and of fitting length
DEBUG:root:


DEBUG:root:Stimulus: hashgrid screen
DEBUG:root:['_#', '##', '#_']
DEBUG:root:target index:[]
DEBUG:root:target activity:[]
DEBUG:root:total activity: 0.0
DEBUG:root:nr. above thresh. in lexicon: 0
DEBUG:root:recognized words []
DEBUG:root:words lenghts to be matched: [5]
DEBUG:root:no words above threshold and of fitting length
DEBUG:root:


DEBUG:root:Stimulus: hashgrid screen
DEBUG:root:['_#', '##', '#_']
DEBUG:root:target index:[]
DEBUG:root:target activity:[]
DEBUG:root:total activity: 0.0
DEBUG:root:nr. above thresh. in lexicon: 0
DEBUG:root:recognized words []
DEBUG:root:words lenghts to be matched: [5]
DEBUG:root:no words above threshold and of fitting length
DEBUG:root:


DEBUG:root:Stimulus: hashgrid screen
DEBUG:root:['_#', '##', '#_']
DEBUG:root:target index:[]
DEBUG:root:target activity:[]
DEBUG:root:total activity: 0.0
DEBUG:root:nr. above thresh. in lexicon: 0
DEBUG:root:recognized words []
DEBUG:root:words lenghts to be matched: [5]
DEBUG:root:no words above threshold and of fitting length
DEBUG:root:


DEBUG:root:Stimulus: hashgrid screen
DEBUG:root:['_#', '##', '#_']
DEBUG:root:target index:[]
DEBUG:root:target activity:[]
DEBUG:root:total activity: 0.0
DEBUG:root:nr. above thresh. in lexicon: 0
DEBUG:root:recognized words []
DEBUG:root:words lenghts to be matched: [5]
DEBUG:root:no words above threshold and of fitting length
DEBUG:root:


DEBUG:root:Stimulus: hashgrid screen
DEBUG:root:['_#', '##', '#_']
DEBUG:root:target index:[]
DEBUG:root:target activity:[]
DEBUG:root:total activity: 0.0
DEBUG:root:nr. above thresh. in lexicon: 0
DEBUG:root:recognized words []
DEBUG:root:words lenghts to be matched: [5]
DEBUG:root:no words above threshold and of fitting length
DEBUG:root:


DEBUG:root:Stimulus: hashgrid screen
DEBUG:root:['_#', '##', '#_']
DEBUG:root:target index:[]
DEBUG:root:target activity:[]
DEBUG:root:total activity: 0.0
DEBUG:root:nr. above thresh. in lexicon: 0
DEBUG:root:recognized words []
DEBUG:root:words lenghts to be matched: [5]
DEBUG:root:no words above threshold and of fitting length
DEBUG:root:


DEBUG:root:Stimulus: hashgrid screen
DEBUG:root:['_#', '##', '#_']
DEBUG:root:target index:[]
DEBUG:root:target activity:[]
DEBUG:root:total activity: 0.0
DEBUG:root:nr. above thresh. in lexicon: 0
DEBUG:root:recognized words []
DEBUG:root:words lenghts to be matched: [5]
DEBUG:root:no words above threshold and of fitting length
DEBUG:root:


DEBUG:root:Stimulus: hashgrid screen
DEBUG:root:['_#', '##', '#_']
DEBUG:root:target index:[]
DEBUG:root:target activity:[]
DEBUG:root:total activity: 0.0
DEBUG:root:nr. above thresh. in lexicon: 0
DEBUG:root:recognized words []
DEBUG:root:words lenghts to be matched: [5]
DEBUG:root:no words above threshold and of fitting length
DEBUG:root:


DEBUG:root:Stimulus: hashgrid screen
DEBUG:root:['_#', '##', '#_']
DEBUG:root:target index:[]
DEBUG:root:target activity:[]
DEBUG:root:total activity: 0.0
DEBUG:root:nr. above thresh. in lexicon: 0
DEBUG:root:recognized words []
DEBUG:root:words lenghts to be matched: [5]
DEBUG:root:no words above threshold and of fitting length
DEBUG:root:


DEBUG:root:Stimulus: hashgrid screen
DEBUG:root:['_#', '##', '#_']
DEBUG:root:target index:[]
DEBUG:root:target activity:[]
DEBUG:root:total activity: 0.0
DEBUG:root:nr. above thresh. in lexicon: 0
DEBUG:root:recognized words []
DEBUG:root:words lenghts to be matched: [5]
DEBUG:root:no words above threshold and of fitting length
DEBUG:root:


DEBUG:root:Stimulus: hashgrid screen
DEBUG:root:['_#', '##', '#_']
DEBUG:root:target index:[]
DEBUG:root:target activity:[]
DEBUG:root:total activity: 0.0
DEBUG:root:nr. above thresh. in lexicon: 0
DEBUG:root:recognized words []
DEBUG:root:words lenghts to be matched: [5]
DEBUG:root:no words above threshold and of fitting length
DEBUG:root:


DEBUG:root:Stimulus: hashgrid screen
DEBUG:root:['_#', '##', '#_']
DEBUG:root:target index:[]
DEBUG:root:target activity:[]
DEBUG:root:total activity: 0.0
DEBUG:root:nr. above thresh. in lexicon: 0
DEBUG:root:recognized words []
DEBUG:root:words lenghts to be matched: [5]
DEBUG:root:no words above threshold and of fitting length
DEBUG:root:


DEBUG:root:Stimulus: weaken
DEBUG:root:['_w', 'we', 'wa', 'wk', 'ea', 'ek', 'ee', 'en', 'ak', 'ae', 'an', 'ke', 'kn', 'n_']
DEBUG:root:target index:[]
DEBUG:root:target activity:[]
DEBUG:root:total activity: 11.773046278886673
DEBUG:root:nr. above thresh. in lexicon: 0
DEBUG:root:recognized words []
DEBUG:root:words lenghts to be matched: [6]
DEBUG:root:no words above threshold and of fitting length
DEBUG:root:


DEBUG:root:Stimulus: weaken
DEBUG:root:['_w', 'we', 'wa', 'wk', 'ea', 'ek', 'ee', 'en', 'ak', 'ae', 'an', 'ke', 'kn', 'n_']
DEBUG:root:target index:[]
DEBUG:root:target activity:[]
DEBUG:root:total activity: 17.71661383729884
DEBUG:root:nr. above thresh. in lexicon: 0
DEBUG:root:recognized words []
DEBUG:root:words lenghts to be matched: [6]
DEBUG:root:no words above threshold and of fitting length
DEBUG:root:


DEBUG:root:Stimulus: weaken
DEBUG:root:['_w', 'we', 'wa', 'wk', 'ea', 'ek', 'ee', 'en', 'ak', 'ae', 'an', 'ke', 'kn', 'n_']
DEBUG:root:target index:[]
DEBUG:root:target activity:[]
DEBUG:root:total activity: 21.54254415605293
DEBUG:root:nr. above thresh. in lexicon: 0
DEBUG:root:recognized words []
DEBUG:root:words lenghts to be matched: [6]
DEBUG:root:no words above threshold and of fitting length
DEBUG:root:


DEBUG:root:Stimulus: weaken
DEBUG:root:['_w', 'we', 'wa', 'wk', 'ea', 'ek', 'ee', 'en', 'ak', 'ae', 'an', 'ke', 'kn', 'n_']
DEBUG:root:target index:[]
DEBUG:root:target activity:[]
DEBUG:root:total activity: 24.284523593400426
DEBUG:root:nr. above thresh. in lexicon: 0
DEBUG:root:recognized words []
DEBUG:root:words lenghts to be matched: [6]
DEBUG:root:no words above threshold and of fitting length
DEBUG:root:


DEBUG:root:Stimulus: weaken
DEBUG:root:['_w', 'we', 'wa', 'wk', 'ea', 'ek', 'ee', 'en', 'ak', 'ae', 'an', 'ke', 'kn', 'n_']
DEBUG:root:target index:[]
DEBUG:root:target activity:[]
DEBUG:root:total activity: 26.32799077047939
DEBUG:root:nr. above thresh. in lexicon: 0
DEBUG:root:recognized words []
DEBUG:root:words lenghts to be matched: [6]
DEBUG:root:no words above threshold and of fitting length
DEBUG:root:


DEBUG:root:Stimulus: weaken
DEBUG:root:['_w', 'we', 'wa', 'wk', 'ea', 'ek', 'ee', 'en', 'ak', 'ae', 'an', 'ke', 'kn', 'n_']
DEBUG:root:target index:[]
DEBUG:root:target activity:[]
DEBUG:root:total activity: 27.946051211856748
DEBUG:root:nr. above thresh. in lexicon: 0
DEBUG:root:recognized words []
DEBUG:root:words lenghts to be matched: [6]
DEBUG:root:no words above threshold and of fitting length
DEBUG:root:


DEBUG:root:Stimulus: weaken
DEBUG:root:['_w', 'we', 'wa', 'wk', 'ea', 'ek', 'ee', 'en', 'ak', 'ae', 'an', 'ke', 'kn', 'n_']
DEBUG:root:target index:[]
DEBUG:root:target activity:[]
DEBUG:root:total activity: 29.267611082702064
DEBUG:root:nr. above thresh. in lexicon: 0
DEBUG:root:recognized words []
DEBUG:root:words lenghts to be matched: [6]
DEBUG:root:no words above threshold and of fitting length
DEBUG:root:


DEBUG:root:Stimulus: weaken
DEBUG:root:['_w', 'we', 'wa', 'wk', 'ea', 'ek', 'ee', 'en', 'ak', 'ae', 'an', 'ke', 'kn', 'n_']
DEBUG:root:target index:[]
DEBUG:root:target activity:[]
DEBUG:root:total activity: 30.30660231417031
DEBUG:root:nr. above thresh. in lexicon: 1
DEBUG:root:recognized words ['en_']
DEBUG:root:words lenghts to be matched: [6, 4]
DEBUG:root:no words above threshold and of fitting length
DEBUG:root:


DEBUG:root:Stimulus: weaken
DEBUG:root:['_w', 'we', 'wa', 'wk', 'ea', 'ek', 'ee', 'en', 'ak', 'ae', 'an', 'ke', 'kn', 'n_']
DEBUG:root:target index:[]
DEBUG:root:target activity:[]
DEBUG:root:total activity: 31.186361164056713
DEBUG:root:nr. above thresh. in lexicon: 3
DEBUG:root:recognized words ['_we_', '_week_', 'en_']
DEBUG:root:words lenghts to be matched: [6, 4]
DEBUG:root:highest activation of fitting length: _week_, 0.7076361310282899
DEBUG:root:


DEBUG:root:Stimulus: weaken
DEBUG:root:['_w', 'we', 'wa', 'wk', 'ea', 'ek', 'ee', 'en', 'ak', 'ae', 'an', 'ke', 'kn', 'n_']
DEBUG:root:target index:[]
DEBUG:root:target activity:[]
DEBUG:root:total activity: 31.93113561923314
DEBUG:root:nr. above thresh. in lexicon: 3
DEBUG:root:recognized words ['_we_', '_week_', 'en_']
DEBUG:root:words lenghts to be matched: [6, 4]
DEBUG:root:highest activation of fitting length: _week_, 0.7312921009838185
DEBUG:root:


DEBUG:root:Stimulus: weaken
DEBUG:root:['_w', 'we', 'wa', 'wk', 'ea', 'ek', 'ee', 'en', 'ak', 'ae', 'an', 'ke', 'kn', 'n_']
DEBUG:root:target index:[]
DEBUG:root:target activity:[]
DEBUG:root:total activity: 32.53817177801297
DEBUG:root:nr. above thresh. in lexicon: 4
DEBUG:root:recognized words ['_weaken_', '_we_', '_week_', 'en_']
DEBUG:root:words lenghts to be matched: [6, 4]
DEBUG:root:highest activation of fitting length: _week_, 0.7508984143923508
DEBUG:root:


DEBUG:root:Stimulus: weaken
DEBUG:root:['_w', 'we', 'wa', 'wk', 'ea', 'ek', 'ee', 'en', 'ak', 'ae', 'an', 'ke', 'kn', 'n_']
DEBUG:root:target index:[]
DEBUG:root:target activity:[]
DEBUG:root:total activity: 33.05802824067895
DEBUG:root:nr. above thresh. in lexicon: 5
DEBUG:root:recognized words ['_weak_', '_weaken_', '_we_', '_week_', 'en_']
DEBUG:root:words lenghts to be matched: [6, 4]
DEBUG:root:highest activation of fitting length: _week_, 0.7671866436265271
DEBUG:root:


DEBUG:root:Stimulus: weaken
DEBUG:root:['_w', 'we', 'wa', 'wk', 'ea', 'ek', 'ee', 'en', 'ak', 'ae', 'an', 'ke', 'kn', 'n_']
DEBUG:root:target index:[]
DEBUG:root:target activity:[]
DEBUG:root:total activity: 33.512591640378254
DEBUG:root:nr. above thresh. in lexicon: 5
DEBUG:root:recognized words ['_weak_', '_weaken_', '_we_', '_week_', 'en_']
DEBUG:root:words lenghts to be matched: [6, 4]
DEBUG:root:highest activation of fitting length: _week_, 0.7807427900307737
DEBUG:root:


DEBUG:root:Stimulus: weaken
DEBUG:root:['_w', 'we', 'wa', 'wk', 'ea', 'ek', 'ee', 'en', 'ak', 'ae', 'an', 'ke', 'kn', 'n_']
DEBUG:root:target index:[]
DEBUG:root:target activity:[]
DEBUG:root:total activity: 33.89068704688778
DEBUG:root:nr. above thresh. in lexicon: 5
DEBUG:root:recognized words ['_weak_', '_weaken_', '_we_', '_week_', 'en_']
DEBUG:root:words lenghts to be matched: [6, 4]
DEBUG:root:highest activation of fitting length: _week_, 0.7920438331254369
DEBUG:root:


DEBUG:root:Stimulus: weaken
DEBUG:root:['_w', 'we', 'wa', 'wk', 'ea', 'ek', 'ee', 'en', 'ak', 'ae', 'an', 'ke', 'kn', 'n_']
DEBUG:root:target index:[]
DEBUG:root:target activity:[]
DEBUG:root:total activity: 34.21234915667109
DEBUG:root:nr. above thresh. in lexicon: 5
DEBUG:root:recognized words ['_weak_', '_weaken_', '_we_', '_week_', 'en_']
DEBUG:root:words lenghts to be matched: [6, 4]
DEBUG:root:highest activation of fitting length: _week_, 0.8014818094536741
DEBUG:root:


DEBUG:root:Stimulus: weaken
DEBUG:root:['_w', 'we', 'wa', 'wk', 'ea', 'ek', 'ee', 'en', 'ak', 'ae', 'an', 'ke', 'kn', 'n_']
DEBUG:root:target index:[]
DEBUG:root:target activity:[]
DEBUG:root:total activity: 34.49731229878866
DEBUG:root:nr. above thresh. in lexicon: 5
DEBUG:root:recognized words ['_weak_', '_weaken_', '_we_', '_week_', 'en_']
DEBUG:root:words lenghts to be matched: [6, 4]
DEBUG:root:highest activation of fitting length: _week_, 0.8093676572785256
DEBUG:root:


DEBUG:root:Stimulus: weaken
DEBUG:root:['_w', 'we', 'wa', 'wk', 'ea', 'ek', 'ee', 'en', 'ak', 'ae', 'an', 'ke', 'kn', 'n_']
DEBUG:root:target index:[]
DEBUG:root:target activity:[]
DEBUG:root:total activity: 34.748993851271955
DEBUG:root:nr. above thresh. in lexicon: 5
DEBUG:root:recognized words ['_weak_', '_weaken_', '_we_', '_week_', 'en_']
DEBUG:root:words lenghts to be matched: [6, 4]
DEBUG:root:highest activation of fitting length: _week_, 0.8159579616200497
DEBUG:root:


DEBUG:root:Stimulus: weaken
DEBUG:root:['_w', 'we', 'wa', 'wk', 'ea', 'ek', 'ee', 'en', 'ak', 'ae', 'an', 'ke', 'kn', 'n_']
DEBUG:root:target index:[]
DEBUG:root:target activity:[]
DEBUG:root:total activity: 34.96703894535022
DEBUG:root:nr. above thresh. in lexicon: 5
DEBUG:root:recognized words ['_weak_', '_weaken_', '_we_', '_week_', 'en_']
DEBUG:root:words lenghts to be matched: [6, 4]
DEBUG:root:highest activation of fitting length: _week_, 0.8214668535819242
DEBUG:root:


DEBUG:root:Stimulus: weaken
DEBUG:root:['_w', 'we', 'wa', 'wk', 'ea', 'ek', 'ee', 'en', 'ak', 'ae', 'an', 'ke', 'kn', 'n_']
DEBUG:root:target index:[]
DEBUG:root:target activity:[]
DEBUG:root:total activity: 35.15172316051101
DEBUG:root:nr. above thresh. in lexicon: 6
DEBUG:root:recognized words ['_weak_', '_weaken_', '_we_', '_week_', 'an_', 'en_']
DEBUG:root:words lenghts to be matched: [6, 4, 4]
DEBUG:root:highest activation of fitting length: _week_, 0.8260753087837931
DEBUG:root:


DEBUG:root:Stimulus: weaken
DEBUG:root:['_w', 'we', 'wa', 'wk', 'ea', 'ek', 'ee', 'en', 'ak', 'ae', 'an', 'ke', 'kn', 'n_']
DEBUG:root:target index:[]
DEBUG:root:target activity:[]
DEBUG:root:total activity: 35.30738104016937
DEBUG:root:nr. above thresh. in lexicon: 6
DEBUG:root:recognized words ['_weak_', '_weaken_', '_we_', '_week_', 'an_', 'en_']
DEBUG:root:words lenghts to be matched: [6, 4, 4]
DEBUG:root:highest activation of fitting length: _week_, 0.8299349068924784
DEBUG:root:


DEBUG:root:Stimulus: weaken
DEBUG:root:['_w', 'we', 'wa', 'wk', 'ea', 'ek', 'ee', 'en', 'ak', 'ae', 'an', 'ke', 'kn', 'n_']
DEBUG:root:target index:[]
DEBUG:root:target activity:[]
DEBUG:root:total activity: 35.439640507427654
DEBUG:root:nr. above thresh. in lexicon: 6
DEBUG:root:recognized words ['_weak_', '_weaken_', '_we_', '_week_', 'an_', 'en_']
DEBUG:root:words lenghts to be matched: [6, 4, 4]
DEBUG:root:highest activation of fitting length: _week_, 0.8331706447782058
DEBUG:root:


DEBUG:root:Stimulus: weaken
DEBUG:root:['_w', 'we', 'wa', 'wk', 'ea', 'ek', 'ee', 'en', 'ak', 'ae', 'an', 'ke', 'kn', 'n_']
DEBUG:root:target index:[]
DEBUG:root:target activity:[]
DEBUG:root:total activity: 35.55292352600805
DEBUG:root:nr. above thresh. in lexicon: 6
DEBUG:root:recognized words ['_weak_', '_weaken_', '_we_', '_week_', 'an_', 'en_']
DEBUG:root:words lenghts to be matched: [6, 4, 4]
DEBUG:root:highest activation of fitting length: _week_, 0.8358858157768699
DEBUG:root:


DEBUG:root:Stimulus: weaken
DEBUG:root:['_w', 'we', 'wa', 'wk', 'ea', 'ek', 'ee', 'en', 'ak', 'ae', 'an', 'ke', 'kn', 'n_']
DEBUG:root:target index:[]
DEBUG:root:target activity:[]
DEBUG:root:total activity: 35.65150141563212
DEBUG:root:nr. above thresh. in lexicon: 6
DEBUG:root:recognized words ['_weak_', '_weaken_', '_we_', '_week_', 'an_', 'en_']
DEBUG:root:words lenghts to be matched: [6, 4, 4]
DEBUG:root:highest activation of fitting length: _week_, 0.8381659983956523
DEBUG:root:


DEBUG:root:Stimulus: weaken
DEBUG:root:['_w', 'we', 'wa', 'wk', 'ea', 'ek', 'ee', 'en', 'ak', 'ae', 'an', 'ke', 'kn', 'n_']
DEBUG:root:target index:[]
DEBUG:root:target activity:[]
DEBUG:root:total activity: 35.74216022086619
DEBUG:root:nr. above thresh. in lexicon: 6
DEBUG:root:recognized words ['_weak_', '_weaken_', '_we_', '_week_', 'an_', 'en_']
DEBUG:root:words lenghts to be matched: [6, 4, 4]
DEBUG:root:highest activation of fitting length: _week_, 0.840082253443066
DEBUG:root:


DEBUG:root:Stimulus: weaken
DEBUG:root:['_w', 'we', 'wa', 'wk', 'ea', 'ek', 'ee', 'en', 'ak', 'ae', 'an', 'ke', 'kn', 'n_']
DEBUG:root:target index:[]
DEBUG:root:target activity:[]
DEBUG:root:total activity: 35.82591723392418
DEBUG:root:nr. above thresh. in lexicon: 6
DEBUG:root:recognized words ['_weak_', '_weaken_', '_we_', '_week_', 'an_', 'en_']
DEBUG:root:words lenghts to be matched: [6, 4, 4]
DEBUG:root:highest activation of fitting length: _week_, 0.8416933835579906
DEBUG:root:


DEBUG:root:Stimulus: weaken
DEBUG:root:['_w', 'we', 'wa', 'wk', 'ea', 'ek', 'ee', 'en', 'ak', 'ae', 'an', 'ke', 'kn', 'n_']
DEBUG:root:target index:[]
DEBUG:root:target activity:[]
DEBUG:root:total activity: 35.91004639311783
DEBUG:root:nr. above thresh. in lexicon: 6
DEBUG:root:recognized words ['_weak_', '_weaken_', '_we_', '_week_', 'an_', 'en_']
DEBUG:root:words lenghts to be matched: [6, 4, 4]
DEBUG:root:highest activation of fitting length: _week_, 0.8430480057121197
DEBUG:root:


DEBUG:root:Stimulus: weaken
DEBUG:root:['_w', 'we', 'wa', 'wk', 'ea', 'ek', 'ee', 'en', 'ak', 'ae', 'an', 'ke', 'kn', 'n_']
DEBUG:root:target index:[]
DEBUG:root:target activity:[]
DEBUG:root:total activity: 35.985717870401785
DEBUG:root:nr. above thresh. in lexicon: 6
DEBUG:root:recognized words ['_weak_', '_weaken_', '_we_', '_week_', 'an_', 'en_']
DEBUG:root:words lenghts to be matched: [6, 4, 4]
DEBUG:root:highest activation of fitting length: _week_, 0.8441816758542273
DEBUG:root:


DEBUG:root:Stimulus: weaken
DEBUG:root:['_w', 'we', 'wa', 'wk', 'ea', 'ek', 'ee', 'en', 'ak', 'ae', 'an', 'ke', 'kn', 'n_']
DEBUG:root:target index:[]
DEBUG:root:target activity:[]
DEBUG:root:total activity: 36.05109151648661
DEBUG:root:nr. above thresh. in lexicon: 6
DEBUG:root:recognized words ['_weak_', '_weaken_', '_we_', '_week_', 'an_', 'en_']
DEBUG:root:words lenghts to be matched: [6, 4, 4]
DEBUG:root:highest activation of fitting length: _week_, 0.8451278764933383
DEBUG:root:


DEBUG:root:Stimulus: weaken
DEBUG:root:['_w', 'we', 'wa', 'wk', 'ea', 'ek', 'ee', 'en', 'ak', 'ae', 'an', 'ke', 'kn', 'n_']
DEBUG:root:target index:[]
DEBUG:root:target activity:[]
DEBUG:root:total activity: 36.10812002316979
DEBUG:root:nr. above thresh. in lexicon: 6
DEBUG:root:recognized words ['_weak_', '_weaken_', '_we_', '_week_', 'an_', 'en_']
DEBUG:root:words lenghts to be matched: [6, 4, 4]
DEBUG:root:highest activation of fitting length: _week_, 0.8459176793821264
DEBUG:root:


DEBUG:root:Stimulus: weaken
DEBUG:root:['_w', 'we', 'wa', 'wk', 'ea', 'ek', 'ee', 'en', 'ak', 'ae', 'an', 'ke', 'kn', 'n_']
DEBUG:root:target index:[]
DEBUG:root:target activity:[]
DEBUG:root:total activity: 36.16345416005409
DEBUG:root:nr. above thresh. in lexicon: 6
DEBUG:root:recognized words ['_weak_', '_weaken_', '_we_', '_week_', 'an_', 'en_']
DEBUG:root:words lenghts to be matched: [6, 4, 4]
DEBUG:root:highest activation of fitting length: _week_, 0.8465766807732845
DEBUG:root:


DEBUG:root:Stimulus: weaken
DEBUG:root:['_w', 'we', 'wa', 'wk', 'ea', 'ek', 'ee', 'en', 'ak', 'ae', 'an', 'ke', 'kn', 'n_']
DEBUG:root:target index:[]
DEBUG:root:target activity:[]
DEBUG:root:total activity: 36.21406524469363
DEBUG:root:nr. above thresh. in lexicon: 6
DEBUG:root:recognized words ['_weak_', '_weaken_', '_we_', '_week_', 'an_', 'en_']
DEBUG:root:words lenghts to be matched: [6, 4, 4]
DEBUG:root:highest activation of fitting length: _week_, 0.8471228182910151
DEBUG:root:


DEBUG:root:Stimulus: weaken
DEBUG:root:['_w', 'we', 'wa', 'wk', 'ea', 'ek', 'ee', 'en', 'ak', 'ae', 'an', 'ke', 'kn', 'n_']
DEBUG:root:target index:[]
DEBUG:root:target activity:[]
DEBUG:root:total activity: 36.25758424240011
DEBUG:root:nr. above thresh. in lexicon: 6
DEBUG:root:recognized words ['_weak_', '_weaken_', '_we_', '_week_', 'an_', 'en_']
DEBUG:root:words lenghts to be matched: [6, 4, 4]
DEBUG:root:highest activation of fitting length: _week_, 0.8475750729408055
DEBUG:root:


DEBUG:root:Stimulus: weaken
DEBUG:root:['_w', 'we', 'wa', 'wk', 'ea', 'ek', 'ee', 'en', 'ak', 'ae', 'an', 'ke', 'kn', 'n_']
DEBUG:root:target index:[]
DEBUG:root:target activity:[]
DEBUG:root:total activity: 36.29687278975684
DEBUG:root:nr. above thresh. in lexicon: 6
DEBUG:root:recognized words ['_weak_', '_weaken_', '_we_', '_week_', 'an_', 'en_']
DEBUG:root:words lenghts to be matched: [6, 4, 4]
DEBUG:root:highest activation of fitting length: _week_, 0.8479497212675398
DEBUG:root:


DEBUG:root:Stimulus: weaken
DEBUG:root:['_w', 'we', 'wa', 'wk', 'ea', 'ek', 'ee', 'en', 'ak', 'ae', 'an', 'ke', 'kn', 'n_']
DEBUG:root:target index:[]
DEBUG:root:target activity:[]
DEBUG:root:total activity: 36.33497085965237
DEBUG:root:nr. above thresh. in lexicon: 6
DEBUG:root:recognized words ['_weak_', '_weaken_', '_we_', '_week_', 'an_', 'en_']
DEBUG:root:words lenghts to be matched: [6, 4, 4]
DEBUG:root:highest activation of fitting length: _week_, 0.8482577027277808
DEBUG:root:


DEBUG:root:Stimulus: weaken
DEBUG:root:['_w', 'we', 'wa', 'wk', 'ea', 'ek', 'ee', 'en', 'ak', 'ae', 'an', 'ke', 'kn', 'n_']
DEBUG:root:target index:[]
DEBUG:root:target activity:[]
DEBUG:root:total activity: 36.36793099422466
DEBUG:root:nr. above thresh. in lexicon: 6
DEBUG:root:recognized words ['_weak_', '_weaken_', '_we_', '_week_', 'an_', 'en_']
DEBUG:root:words lenghts to be matched: [6, 4, 4]
DEBUG:root:highest activation of fitting length: _week_, 0.8485093188453623
DEBUG:root:


DEBUG:root:Stimulus: weaken
DEBUG:root:['_w', 'we', 'wa', 'wk', 'ea', 'ek', 'ee', 'en', 'ak', 'ae', 'an', 'ke', 'kn', 'n_']
DEBUG:root:target index:[]
DEBUG:root:target activity:[]
DEBUG:root:total activity: 36.39614252680943
DEBUG:root:nr. above thresh. in lexicon: 6
DEBUG:root:recognized words ['_weak_', '_weaken_', '_we_', '_week_', 'an_', 'en_']
DEBUG:root:words lenghts to be matched: [6, 4, 4]
DEBUG:root:highest activation of fitting length: _week_, 0.8487147358860748
DEBUG:root:


DEBUG:root:Stimulus: weaken
DEBUG:root:['_w', 'we', 'wa', 'wk', 'ea', 'ek', 'ee', 'en', 'ak', 'ae', 'an', 'ke', 'kn', 'n_']
DEBUG:root:target index:[]
DEBUG:root:target activity:[]
DEBUG:root:total activity: 36.42039358620717
DEBUG:root:nr. above thresh. in lexicon: 6
DEBUG:root:recognized words ['_weak_', '_weaken_', '_we_', '_week_', 'an_', 'en_']
DEBUG:root:words lenghts to be matched: [6, 4, 4]
DEBUG:root:highest activation of fitting length: _week_, 0.8488823724406271
DEBUG:root:


DEBUG:root:Stimulus: weaken
DEBUG:root:['_w', 'we', 'wa', 'wk', 'ea', 'ek', 'ee', 'en', 'ak', 'ae', 'an', 'ke', 'kn', 'n_']
DEBUG:root:target index:[]
DEBUG:root:target activity:[]
DEBUG:root:total activity: 36.44133056366582
DEBUG:root:nr. above thresh. in lexicon: 6
DEBUG:root:recognized words ['_weak_', '_weaken_', '_we_', '_week_', 'an_', 'en_']
DEBUG:root:words lenghts to be matched: [6, 4, 4]
DEBUG:root:highest activation of fitting length: _week_, 0.8490191110750945
DEBUG:root:


DEBUG:root:Stimulus: weaken
DEBUG:root:['_w', 'we', 'wa', 'wk', 'ea', 'ek', 'ee', 'en', 'ak', 'ae', 'an', 'ke', 'kn', 'n_']
DEBUG:root:target index:[]
DEBUG:root:target activity:[]
DEBUG:root:total activity: 36.459484678670776
DEBUG:root:nr. above thresh. in lexicon: 6
DEBUG:root:recognized words ['_weak_', '_weaken_', '_we_', '_week_', 'an_', 'en_']
DEBUG:root:words lenghts to be matched: [6, 4, 4]
DEBUG:root:highest activation of fitting length: _week_, 0.849130580502411
DEBUG:root:


DEBUG:root:Stimulus: weaken
DEBUG:root:['_w', 'we', 'wa', 'wk', 'ea', 'ek', 'ee', 'en', 'ak', 'ae', 'an', 'ke', 'kn', 'n_']
DEBUG:root:target index:[]
DEBUG:root:target activity:[]
DEBUG:root:total activity: 36.47529345280496
DEBUG:root:nr. above thresh. in lexicon: 6
DEBUG:root:recognized words ['_weak_', '_weaken_', '_we_', '_week_', 'an_', 'en_']
DEBUG:root:words lenghts to be matched: [6, 4, 4]
DEBUG:root:highest activation of fitting length: _week_, 0.8492213853310979
DEBUG:root:


DEBUG:root:Stimulus: weaken
DEBUG:root:['_w', 'we', 'wa', 'wk', 'ea', 'ek', 'ee', 'en', 'ak', 'ae', 'an', 'ke', 'kn', 'n_']
DEBUG:root:target index:[]
DEBUG:root:target activity:[]
DEBUG:root:total activity: 36.4891180830617
DEBUG:root:nr. above thresh. in lexicon: 6
DEBUG:root:recognized words ['_weak_', '_weaken_', '_we_', '_week_', 'an_', 'en_']
DEBUG:root:words lenghts to be matched: [6, 4, 4]
DEBUG:root:highest activation of fitting length: _week_, 0.8492952932885475
DEBUG:root:


DEBUG:root:Stimulus: weaken
DEBUG:root:['_w', 'we', 'wa', 'wk', 'ea', 'ek', 'ee', 'en', 'ak', 'ae', 'an', 'ke', 'kn', 'n_']
DEBUG:root:target index:[]
DEBUG:root:target activity:[]
DEBUG:root:total activity: 36.501795643571754
DEBUG:root:nr. above thresh. in lexicon: 6
DEBUG:root:recognized words ['_weak_', '_weaken_', '_we_', '_week_', 'an_', 'en_']
DEBUG:root:words lenghts to be matched: [6, 4, 4]
DEBUG:root:highest activation of fitting length: _week_, 0.8493553879045957
DEBUG:root:


DEBUG:root:Stimulus: weaken
DEBUG:root:['_w', 'we', 'wa', 'wk', 'ea', 'ek', 'ee', 'en', 'ak', 'ae', 'an', 'ke', 'kn', 'n_']
DEBUG:root:target index:[]
DEBUG:root:target activity:[]
DEBUG:root:total activity: 36.51322013943737
DEBUG:root:nr. above thresh. in lexicon: 6
DEBUG:root:recognized words ['_weak_', '_weaken_', '_we_', '_week_', 'an_', 'en_']
DEBUG:root:words lenghts to be matched: [6, 4, 4]
DEBUG:root:highest activation of fitting length: _week_, 0.8494040251698136
DEBUG:root:


DEBUG:root:Stimulus: weaken
DEBUG:root:['_w', 'we', 'wa', 'wk', 'ea', 'ek', 'ee', 'en', 'ak', 'ae', 'an', 'ke', 'kn', 'n_']
DEBUG:root:target index:[]
DEBUG:root:target activity:[]
DEBUG:root:total activity: 36.523253359572685
DEBUG:root:nr. above thresh. in lexicon: 6
DEBUG:root:recognized words ['_weak_', '_weaken_', '_we_', '_week_', 'an_', 'en_']
DEBUG:root:words lenghts to be matched: [6, 4, 4]
DEBUG:root:highest activation of fitting length: _week_, 0.8494432339497443
DEBUG:root:


DEBUG:root:Stimulus: weaken
DEBUG:root:['_w', 'we', 'wa', 'wk', 'ea', 'ek', 'ee', 'en', 'ak', 'ae', 'an', 'ke', 'kn', 'n_']
DEBUG:root:target index:[]
DEBUG:root:target activity:[]
DEBUG:root:total activity: 36.53209859425917
DEBUG:root:nr. above thresh. in lexicon: 6
DEBUG:root:recognized words ['_weak_', '_weaken_', '_we_', '_week_', 'an_', 'en_']
DEBUG:root:words lenghts to be matched: [6, 4, 4]
DEBUG:root:highest activation of fitting length: _week_, 0.849474779562001
DEBUG:root:


DEBUG:root:Stimulus: weaken
DEBUG:root:['_w', 'we', 'wa', 'wk', 'ea', 'ek', 'ee', 'en', 'ak', 'ae', 'an', 'ke', 'kn', 'n_']
DEBUG:root:target index:[]
DEBUG:root:target activity:[]
DEBUG:root:total activity: 36.5399254440524
DEBUG:root:nr. above thresh. in lexicon: 6
DEBUG:root:recognized words ['_weak_', '_weaken_', '_we_', '_week_', 'an_', 'en_']
DEBUG:root:words lenghts to be matched: [6, 4, 4]
DEBUG:root:highest activation of fitting length: _week_, 0.8495001010175081
DEBUG:root:


DEBUG:root:Stimulus: weaken
DEBUG:root:['_w', 'we', 'wa', 'wk', 'ea', 'ek', 'ee', 'en', 'ak', 'ae', 'an', 'ke', 'kn', 'n_']
DEBUG:root:target index:[]
DEBUG:root:target activity:[]
DEBUG:root:total activity: 36.54687581873118
DEBUG:root:nr. above thresh. in lexicon: 6
DEBUG:root:recognized words ['_weak_', '_weaken_', '_we_', '_week_', 'an_', 'en_']
DEBUG:root:words lenghts to be matched: [6, 4, 4]
DEBUG:root:highest activation of fitting length: _week_, 0.8495203711638497
DEBUG:root:


DEBUG:root:Stimulus: weaken
DEBUG:root:['_w', 'we', 'wa', 'wk', 'ea', 'ek', 'ee', 'en', 'ak', 'ae', 'an', 'ke', 'kn', 'n_']
DEBUG:root:target index:[]
DEBUG:root:target activity:[]
DEBUG:root:total activity: 36.553068827043774
DEBUG:root:nr. above thresh. in lexicon: 6
DEBUG:root:recognized words ['_weak_', '_weaken_', '_we_', '_week_', 'an_', 'en_']
DEBUG:root:words lenghts to be matched: [6, 4, 4]
DEBUG:root:highest activation of fitting length: _week_, 0.8495365457153776
DEBUG:root:


DEBUG:root:Stimulus: weaken
DEBUG:root:['_w', 'we', 'wa', 'wk', 'ea', 'ek', 'ee', 'en', 'ak', 'ae', 'an', 'ke', 'kn', 'n_']
DEBUG:root:target index:[]
DEBUG:root:target activity:[]
DEBUG:root:total activity: 36.55860476649434
DEBUG:root:nr. above thresh. in lexicon: 6
DEBUG:root:recognized words ['_weak_', '_weaken_', '_we_', '_week_', 'an_', 'en_']
DEBUG:root:words lenghts to be matched: [6, 4, 4]
DEBUG:root:highest activation of fitting length: _week_, 0.8495494032356145
DEBUG:root:


DEBUG:root:Stimulus: weaken
DEBUG:root:['_w', 'we', 'wa', 'wk', 'ea', 'ek', 'ee', 'en', 'ak', 'ae', 'an', 'ke', 'kn', 'n_']
DEBUG:root:target index:[]
DEBUG:root:target activity:[]
DEBUG:root:total activity: 36.563568382456644
DEBUG:root:nr. above thresh. in lexicon: 6
DEBUG:root:recognized words ['_weak_', '_weaken_', '_we_', '_week_', 'an_', 'en_']
DEBUG:root:words lenghts to be matched: [6, 4, 4]
DEBUG:root:highest activation of fitting length: _week_, 0.8495595777503193
DEBUG:root:


DEBUG:root:Stimulus: weaken
DEBUG:root:['_w', 'we', 'wa', 'wk', 'ea', 'ek', 'ee', 'en', 'ak', 'ae', 'an', 'ke', 'kn', 'n_']
DEBUG:root:target index:[]
DEBUG:root:target activity:[]
DEBUG:root:total activity: 36.568031533650895
DEBUG:root:nr. above thresh. in lexicon: 6
DEBUG:root:recognized words ['_weak_', '_weaken_', '_we_', '_week_', 'an_', 'en_']
DEBUG:root:words lenghts to be matched: [6, 4, 4]
DEBUG:root:highest activation of fitting length: _week_, 0.849567585355818
DEBUG:root:


DEBUG:root:Stimulus: weaken
DEBUG:root:['_w', 'we', 'wa', 'wk', 'ea', 'ek', 'ee', 'en', 'ak', 'ae', 'an', 'ke', 'kn', 'n_']
DEBUG:root:target index:[]
DEBUG:root:target activity:[]
DEBUG:root:total activity: 36.572055374973544
DEBUG:root:nr. above thresh. in lexicon: 6
DEBUG:root:recognized words ['_weak_', '_weaken_', '_we_', '_week_', 'an_', 'en_']
DEBUG:root:words lenghts to be matched: [6, 4, 4]
DEBUG:root:highest activation of fitting length: _week_, 0.8495738459327026
DEBUG:root:


DEBUG:root:Stimulus: weaken
DEBUG:root:['_w', 'we', 'wa', 'wk', 'ea', 'ek', 'ee', 'en', 'ak', 'ae', 'an', 'ke', 'kn', 'n_']
DEBUG:root:target index:[]
DEBUG:root:target activity:[]
DEBUG:root:total activity: 36.57604856530021
DEBUG:root:nr. above thresh. in lexicon: 6
DEBUG:root:recognized words ['_weak_', '_weaken_', '_we_', '_week_', 'an_', 'en_']
DEBUG:root:words lenghts to be matched: [6, 4, 4]
DEBUG:root:highest activation of fitting length: _week_, 0.8495787008684218
DEBUG:root:


DEBUG:root:Stimulus: weaken
DEBUG:root:['_w', 'we', 'wa', 'wk', 'ea', 'ek', 'ee', 'en', 'ak', 'ae', 'an', 'ke', 'kn', 'n_']
DEBUG:root:target index:[]
DEBUG:root:target activity:[]
DEBUG:root:total activity: 36.5798642559857
DEBUG:root:nr. above thresh. in lexicon: 6
DEBUG:root:recognized words ['_weak_', '_weaken_', '_we_', '_week_', 'an_', 'en_']
DEBUG:root:words lenghts to be matched: [6, 4, 4]
DEBUG:root:highest activation of fitting length: _week_, 0.8495824275244783
DEBUG:root:


DEBUG:root:Stimulus: weaken
DEBUG:root:['_w', 'we', 'wa', 'wk', 'ea', 'ek', 'ee', 'en', 'ak', 'ae', 'an', 'ke', 'kn', 'n_']
DEBUG:root:target index:[]
DEBUG:root:target activity:[]
DEBUG:root:total activity: 36.583356108486214
DEBUG:root:nr. above thresh. in lexicon: 6
DEBUG:root:recognized words ['_weak_', '_weaken_', '_we_', '_week_', 'an_', 'en_']
DEBUG:root:words lenghts to be matched: [6, 4, 4]
DEBUG:root:highest activation of fitting length: _week_, 0.8495851928381988
DEBUG:root:


DEBUG:root:Stimulus: weaken
DEBUG:root:['_w', 'we', 'wa', 'wk', 'ea', 'ek', 'ee', 'en', 'ak', 'ae', 'an', 'ke', 'kn', 'n_']
DEBUG:root:target index:[]
DEBUG:root:target activity:[]
DEBUG:root:total activity: 36.586498214820345
DEBUG:root:nr. above thresh. in lexicon: 6
DEBUG:root:recognized words ['_weak_', '_weaken_', '_we_', '_week_', 'an_', 'en_']
DEBUG:root:words lenghts to be matched: [6, 4, 4]
DEBUG:root:highest activation of fitting length: _week_, 0.849587189258002
DEBUG:root:


DEBUG:root:Stimulus: weaken
DEBUG:root:['_w', 'we', 'wa', 'wk', 'ea', 'ek', 'ee', 'en', 'ak', 'ae', 'an', 'ke', 'kn', 'n_']
DEBUG:root:target index:[]
DEBUG:root:target activity:[]
DEBUG:root:total activity: 36.58958047505088
DEBUG:root:nr. above thresh. in lexicon: 6
DEBUG:root:recognized words ['_weak_', '_weaken_', '_we_', '_week_', 'an_', 'en_']
DEBUG:root:words lenghts to be matched: [6, 4, 4]
DEBUG:root:highest activation of fitting length: _week_, 0.8495885923827898
DEBUG:root:


DEBUG:root:Stimulus: weaken
DEBUG:root:['_w', 'we', 'wa', 'wk', 'ea', 'ek', 'ee', 'en', 'ak', 'ae', 'an', 'ke', 'kn', 'n_']
DEBUG:root:target index:[]
DEBUG:root:target activity:[]
DEBUG:root:total activity: 36.59241944377075
DEBUG:root:nr. above thresh. in lexicon: 6
DEBUG:root:recognized words ['_weak_', '_weaken_', '_we_', '_week_', 'an_', 'en_']
DEBUG:root:words lenghts to be matched: [6, 4, 4]
DEBUG:root:highest activation of fitting length: _week_, 0.8495895409040798
DEBUG:root:


DEBUG:root:Stimulus: weaken
DEBUG:root:['_w', 'we', 'wa', 'wk', 'ea', 'ek', 'ee', 'en', 'ak', 'ae', 'an', 'ke', 'kn', 'n_']
DEBUG:root:target index:[]
DEBUG:root:target activity:[]
DEBUG:root:total activity: 36.59497360304926
DEBUG:root:nr. above thresh. in lexicon: 6
DEBUG:root:recognized words ['_weak_', '_weaken_', '_we_', '_week_', 'an_', 'en_']
DEBUG:root:words lenghts to be matched: [6, 4, 4]
DEBUG:root:highest activation of fitting length: _week_, 0.8495901509355127
DEBUG:root:


DEBUG:root:Stimulus: weaken
DEBUG:root:['_w', 'we', 'wa', 'wk', 'ea', 'ek', 'ee', 'en', 'ak', 'ae', 'an', 'ke', 'kn', 'n_']
DEBUG:root:target index:[]
DEBUG:root:target activity:[]
DEBUG:root:total activity: 36.597277981142696
DEBUG:root:nr. above thresh. in lexicon: 6
DEBUG:root:recognized words ['_weak_', '_weaken_', '_we_', '_week_', 'an_', 'en_']
DEBUG:root:words lenghts to be matched: [6, 4, 4]
DEBUG:root:highest activation of fitting length: _week_, 0.8495905139973675
DEBUG:root:


DEBUG:root:Stimulus: weaken
DEBUG:root:['_w', 'we', 'wa', 'wk', 'ea', 'ek', 'ee', 'en', 'ak', 'ae', 'an', 'ke', 'kn', 'n_']
DEBUG:root:target index:[]
DEBUG:root:target activity:[]
DEBUG:root:total activity: 36.59936245060103
DEBUG:root:nr. above thresh. in lexicon: 6
DEBUG:root:recognized words ['_weak_', '_weaken_', '_we_', '_week_', 'an_', 'en_']
DEBUG:root:words lenghts to be matched: [6, 4, 4]
DEBUG:root:highest activation of fitting length: _week_, 0.849590699943941
DEBUG:root:


DEBUG:root:Stimulus: weaken
DEBUG:root:['_w', 'we', 'wa', 'wk', 'ea', 'ek', 'ee', 'en', 'ak', 'ae', 'an', 'ke', 'kn', 'n_']
DEBUG:root:target index:[]
DEBUG:root:target activity:[]
DEBUG:root:total activity: 36.601252583412084
DEBUG:root:nr. above thresh. in lexicon: 6
DEBUG:root:recognized words ['_weak_', '_weaken_', '_we_', '_week_', 'an_', 'en_']
DEBUG:root:words lenghts to be matched: [6, 4, 4]
DEBUG:root:highest activation of fitting length: _week_, 0.8495907617192834
DEBUG:root:


DEBUG:root:Stimulus: weaken
DEBUG:root:['_w', 'we', 'wa', 'wk', 'ea', 'ek', 'ee', 'en', 'ak', 'ae', 'an', 'ke', 'kn', 'n_']
DEBUG:root:target index:[]
DEBUG:root:target activity:[]
DEBUG:root:total activity: 36.60297035466612
DEBUG:root:nr. above thresh. in lexicon: 6
DEBUG:root:recognized words ['_weak_', '_weaken_', '_we_', '_week_', 'an_', 'en_']
DEBUG:root:words lenghts to be matched: [6, 4, 4]
DEBUG:root:highest activation of fitting length: _week_, 0.8495907391162563
DEBUG:root:


DEBUG:root:Stimulus: weaken
DEBUG:root:['_w', 'we', 'wa', 'wk', 'ea', 'ek', 'ee', 'en', 'ak', 'ae', 'an', 'ke', 'kn', 'n_']
DEBUG:root:target index:[]
DEBUG:root:target activity:[]
DEBUG:root:total activity: 36.6045347224791
DEBUG:root:nr. above thresh. in lexicon: 6
DEBUG:root:recognized words ['_weak_', '_weaken_', '_we_', '_week_', 'an_', 'en_']
DEBUG:root:words lenghts to be matched: [6, 4, 4]
DEBUG:root:highest activation of fitting length: _week_, 0.8495906617416902
DEBUG:root:


DEBUG:root:Stimulus: weaken
DEBUG:root:['_w', 'we', 'wa', 'wk', 'ea', 'ek', 'ee', 'en', 'ak', 'ae', 'an', 'ke', 'kn', 'n_']
DEBUG:root:target index:[]
DEBUG:root:target activity:[]
DEBUG:root:total activity: 36.60596210674859
DEBUG:root:nr. above thresh. in lexicon: 6
DEBUG:root:recognized words ['_weak_', '_weaken_', '_we_', '_week_', 'an_', 'en_']
DEBUG:root:words lenghts to be matched: [6, 4, 4]
DEBUG:root:highest activation of fitting length: _week_, 0.8495905513499626
DEBUG:root:


DEBUG:root:Stimulus: weaken
DEBUG:root:['_w', 'we', 'wa', 'wk', 'ea', 'ek', 'ee', 'en', 'ak', 'ae', 'an', 'ke', 'kn', 'n_']
DEBUG:root:target index:[]
DEBUG:root:target activity:[]
DEBUG:root:total activity: 36.60726678512219
DEBUG:root:nr. above thresh. in lexicon: 6
DEBUG:root:recognized words ['_weak_', '_weaken_', '_we_', '_week_', 'an_', 'en_']
DEBUG:root:words lenghts to be matched: [6, 4, 4]
DEBUG:root:highest activation of fitting length: _week_, 0.8495904236748271
DEBUG:root:


DEBUG:root:Stimulus: weaken
DEBUG:root:['_w', 'we', 'wa', 'wk', 'ea', 'ek', 'ee', 'en', 'ak', 'ae', 'an', 'ke', 'kn', 'n_']
DEBUG:root:target index:[]
DEBUG:root:target activity:[]
DEBUG:root:total activity: 36.608577482279635
DEBUG:root:nr. above thresh. in lexicon: 6
DEBUG:root:recognized words ['_weak_', '_weaken_', '_we_', '_week_', 'an_', 'en_']
DEBUG:root:words lenghts to be matched: [6, 4, 4]
DEBUG:root:highest activation of fitting length: _week_, 0.849590289863245
DEBUG:root:


DEBUG:root:Stimulus: weaken
DEBUG:root:['_w', 'we', 'wa', 'wk', 'ea', 'ek', 'ee', 'en', 'ak', 'ae', 'an', 'ke', 'kn', 'n_']
DEBUG:root:target index:[]
DEBUG:root:target activity:[]
DEBUG:root:total activity: 36.60993931587025
DEBUG:root:nr. above thresh. in lexicon: 6
DEBUG:root:recognized words ['_weak_', '_weaken_', '_we_', '_week_', 'an_', 'en_']
DEBUG:root:words lenghts to be matched: [6, 4, 4]
DEBUG:root:highest activation of fitting length: _week_, 0.8495901575940517
DEBUG:root:


DEBUG:root:Stimulus: weaken
DEBUG:root:['_w', 'we', 'wa', 'wk', 'ea', 'ek', 'ee', 'en', 'ak', 'ae', 'an', 'ke', 'kn', 'n_']
DEBUG:root:target index:[]
DEBUG:root:target activity:[]
DEBUG:root:total activity: 36.611175464424626
DEBUG:root:nr. above thresh. in lexicon: 6
DEBUG:root:recognized words ['_weak_', '_weaken_', '_we_', '_week_', 'an_', 'en_']
DEBUG:root:words lenghts to be matched: [6, 4, 4]
DEBUG:root:highest activation of fitting length: _week_, 0.849590035383595
DEBUG:root:


DEBUG:root:Stimulus: weaken
DEBUG:root:['_w', 'we', 'wa', 'wk', 'ea', 'ek', 'ee', 'en', 'ak', 'ae', 'an', 'ke', 'kn', 'n_']
DEBUG:root:target index:[]
DEBUG:root:target activity:[]
DEBUG:root:total activity: 36.61228082626239
DEBUG:root:nr. above thresh. in lexicon: 6
DEBUG:root:recognized words ['_weak_', '_weaken_', '_we_', '_week_', 'an_', 'en_']
DEBUG:root:words lenghts to be matched: [6, 4, 4]
DEBUG:root:highest activation of fitting length: _week_, 0.849589934416764
DEBUG:root:


DEBUG:root:Stimulus: weaken
DEBUG:root:['_w', 'we', 'wa', 'wk', 'ea', 'ek', 'ee', 'en', 'ak', 'ae', 'an', 'ke', 'kn', 'n_']
DEBUG:root:target index:[]
DEBUG:root:target activity:[]
DEBUG:root:total activity: 36.61327217390234
DEBUG:root:nr. above thresh. in lexicon: 6
DEBUG:root:recognized words ['_weak_', '_weaken_', '_we_', '_week_', 'an_', 'en_']
DEBUG:root:words lenghts to be matched: [6, 4, 4]
DEBUG:root:highest activation of fitting length: _week_, 0.8495898615388773
DEBUG:root:


DEBUG:root:Stimulus: weaken
DEBUG:root:['_w', 'we', 'wa', 'wk', 'ea', 'ek', 'ee', 'en', 'ak', 'ae', 'an', 'ke', 'kn', 'n_']
DEBUG:root:target index:[]
DEBUG:root:target activity:[]
DEBUG:root:total activity: 36.614163773480364
DEBUG:root:nr. above thresh. in lexicon: 6
DEBUG:root:recognized words ['_weak_', '_weaken_', '_we_', '_week_', 'an_', 'en_']
DEBUG:root:words lenghts to be matched: [6, 4, 4]
DEBUG:root:highest activation of fitting length: _week_, 0.8495898197164047
DEBUG:root:


DEBUG:root:Stimulus: weaken
DEBUG:root:['_w', 'we', 'wa', 'wk', 'ea', 'ek', 'ee', 'en', 'ak', 'ae', 'an', 'ke', 'kn', 'n_']
DEBUG:root:target index:[]
DEBUG:root:target activity:[]
DEBUG:root:total activity: 36.61496779760133
DEBUG:root:nr. above thresh. in lexicon: 6
DEBUG:root:recognized words ['_weak_', '_weaken_', '_we_', '_week_', 'an_', 'en_']
DEBUG:root:words lenghts to be matched: [6, 4, 4]
DEBUG:root:highest activation of fitting length: _week_, 0.8495898092418199
DEBUG:root:


DEBUG:root:Stimulus: weaken
DEBUG:root:['_w', 'we', 'wa', 'wk', 'ea', 'ek', 'ee', 'en', 'ak', 'ae', 'an', 'ke', 'kn', 'n_']
DEBUG:root:target index:[]
DEBUG:root:target activity:[]
DEBUG:root:total activity: 36.61569466635743
DEBUG:root:nr. above thresh. in lexicon: 6
DEBUG:root:recognized words ['_weak_', '_weaken_', '_we_', '_week_', 'an_', 'en_']
DEBUG:root:words lenghts to be matched: [6, 4, 4]
DEBUG:root:highest activation of fitting length: _week_, 0.8495898286329284
DEBUG:root:


DEBUG:root:Stimulus: weaken
DEBUG:root:['_w', 'we', 'wa', 'wk', 'ea', 'ek', 'ee', 'en', 'ak', 'ae', 'an', 'ke', 'kn', 'n_']
DEBUG:root:target index:[]
DEBUG:root:target activity:[]
DEBUG:root:total activity: 36.61635332938806
DEBUG:root:nr. above thresh. in lexicon: 6
DEBUG:root:recognized words ['_weak_', '_weaken_', '_we_', '_week_', 'an_', 'en_']
DEBUG:root:words lenghts to be matched: [6, 4, 4]
DEBUG:root:highest activation of fitting length: _week_, 0.8495898752966096
DEBUG:root:


DEBUG:root:Stimulus: weaken
DEBUG:root:['_w', 'we', 'wa', 'wk', 'ea', 'ek', 'ee', 'en', 'ak', 'ae', 'an', 'ke', 'kn', 'n_']
DEBUG:root:target index:[]
DEBUG:root:target activity:[]
DEBUG:root:total activity: 36.61695149951045
DEBUG:root:nr. above thresh. in lexicon: 6
DEBUG:root:recognized words ['_weak_', '_weaken_', '_we_', '_week_', 'an_', 'en_']
DEBUG:root:words lenghts to be matched: [6, 4, 4]
DEBUG:root:highest activation of fitting length: _week_, 0.8495899460118402
DEBUG:root:


DEBUG:root:Stimulus: weaken
DEBUG:root:['_w', 'we', 'wa', 'wk', 'ea', 'ek', 'ee', 'en', 'ak', 'ae', 'an', 'ke', 'kn', 'n_']
DEBUG:root:target index:[]
DEBUG:root:target activity:[]
DEBUG:root:total activity: 36.6174958465351
DEBUG:root:nr. above thresh. in lexicon: 6
DEBUG:root:recognized words ['_weak_', '_weaken_', '_we_', '_week_', 'an_', 'en_']
DEBUG:root:words lenghts to be matched: [6, 4, 4]
DEBUG:root:highest activation of fitting length: _week_, 0.8495900372749178
DEBUG:root:


DEBUG:root:Stimulus: weaken
DEBUG:root:['_w', 'we', 'wa', 'wk', 'ea', 'ek', 'ee', 'en', 'ak', 'ae', 'an', 'ke', 'kn', 'n_']
DEBUG:root:target index:[]
DEBUG:root:target activity:[]
DEBUG:root:total activity: 36.61799215831906
DEBUG:root:nr. above thresh. in lexicon: 6
DEBUG:root:recognized words ['_weak_', '_weaken_', '_we_', '_week_', 'an_', 'en_']
DEBUG:root:words lenghts to be matched: [6, 4, 4]
DEBUG:root:highest activation of fitting length: _week_, 0.8495901455403487
DEBUG:root:


DEBUG:root:Stimulus: weaken
DEBUG:root:['_w', 'we', 'wa', 'wk', 'ea', 'ek', 'ee', 'en', 'ak', 'ae', 'an', 'ke', 'kn', 'n_']
DEBUG:root:target index:[]
DEBUG:root:target activity:[]
DEBUG:root:total activity: 36.618445474833095
DEBUG:root:nr. above thresh. in lexicon: 6
DEBUG:root:recognized words ['_weak_', '_weaken_', '_we_', '_week_', 'an_', 'en_']
DEBUG:root:words lenghts to be matched: [6, 4, 4]
DEBUG:root:highest activation of fitting length: _week_, 0.8495902673834014
DEBUG:root:


DEBUG:root:Stimulus: weaken
DEBUG:root:['_w', 'we', 'wa', 'wk', 'ea', 'ek', 'ee', 'en', 'ak', 'ae', 'an', 'ke', 'kn', 'n_']
DEBUG:root:target index:[]
DEBUG:root:target activity:[]
DEBUG:root:total activity: 36.61886019997663
DEBUG:root:nr. above thresh. in lexicon: 6
DEBUG:root:recognized words ['_weak_', '_weaken_', '_we_', '_week_', 'an_', 'en_']
DEBUG:root:words lenghts to be matched: [6, 4, 4]
DEBUG:root:highest activation of fitting length: _week_, 0.8495903996044379
DEBUG:root:


DEBUG:root:Stimulus: weaken
DEBUG:root:['_w', 'we', 'wa', 'wk', 'ea', 'ek', 'ee', 'en', 'ak', 'ae', 'an', 'ke', 'kn', 'n_']
DEBUG:root:target index:[]
DEBUG:root:target activity:[]
DEBUG:root:total activity: 36.619240195023494
DEBUG:root:nr. above thresh. in lexicon: 6
DEBUG:root:recognized words ['_weak_', '_weaken_', '_we_', '_week_', 'an_', 'en_']
DEBUG:root:words lenghts to be matched: [6, 4, 4]
DEBUG:root:highest activation of fitting length: _week_, 0.8495905392905153
DEBUG:root:


DEBUG:root:Stimulus: weaken
DEBUG:root:['_w', 'we', 'wa', 'wk', 'ea', 'ek', 'ee', 'en', 'ak', 'ae', 'an', 'ke', 'kn', 'n_']
DEBUG:root:target index:[]
DEBUG:root:target activity:[]
DEBUG:root:total activity: 36.619588856883325
DEBUG:root:nr. above thresh. in lexicon: 6
DEBUG:root:recognized words ['_weak_', '_weaken_', '_we_', '_week_', 'an_', 'en_']
DEBUG:root:words lenghts to be matched: [6, 4, 4]
DEBUG:root:highest activation of fitting length: _week_, 0.8495906838461161
DEBUG:root:


DEBUG:root:Stimulus: weaken
DEBUG:root:['_w', 'we', 'wa', 'wk', 'ea', 'ek', 'ee', 'en', 'ak', 'ae', 'an', 'ke', 'kn', 'n_']
DEBUG:root:target index:[]
DEBUG:root:target activity:[]
DEBUG:root:total activity: 36.61990918379679
DEBUG:root:nr. above thresh. in lexicon: 6
DEBUG:root:recognized words ['_weak_', '_weaken_', '_we_', '_week_', 'an_', 'en_']
DEBUG:root:words lenghts to be matched: [6, 4, 4]
DEBUG:root:highest activation of fitting length: _week_, 0.849590831002038
DEBUG:root:


DEBUG:root:Stimulus: weaken
DEBUG:root:['_w', 'we', 'wa', 'wk', 'ea', 'ek', 'ee', 'en', 'ak', 'ae', 'an', 'ke', 'kn', 'n_']
DEBUG:root:target index:[]
DEBUG:root:target activity:[]
DEBUG:root:total activity: 36.62020383061361
DEBUG:root:nr. above thresh. in lexicon: 6
DEBUG:root:recognized words ['_weak_', '_weaken_', '_we_', '_week_', 'an_', 'en_']
DEBUG:root:words lenghts to be matched: [6, 4, 4]
DEBUG:root:highest activation of fitting length: _week_, 0.8495909788092583
DEBUG:root:


DEBUG:root:Stimulus: weaken
DEBUG:root:['_w', 'we', 'wa', 'wk', 'ea', 'ek', 'ee', 'en', 'ak', 'ae', 'an', 'ke', 'kn', 'n_']
DEBUG:root:target index:[]
DEBUG:root:target activity:[]
DEBUG:root:total activity: 36.62047515542431
DEBUG:root:nr. above thresh. in lexicon: 6
DEBUG:root:recognized words ['_weak_', '_weaken_', '_we_', '_week_', 'an_', 'en_']
DEBUG:root:words lenghts to be matched: [6, 4, 4]
DEBUG:root:highest activation of fitting length: _week_, 0.8495911256228764
DEBUG:root:


DEBUG:root:Stimulus: weaken
DEBUG:root:['_w', 'we', 'wa', 'wk', 'ea', 'ek', 'ee', 'en', 'ak', 'ae', 'an', 'ke', 'kn', 'n_']
DEBUG:root:target index:[]
DEBUG:root:target activity:[]
DEBUG:root:total activity: 36.62072525900082
DEBUG:root:nr. above thresh. in lexicon: 6
DEBUG:root:recognized words ['_weak_', '_weaken_', '_we_', '_week_', 'an_', 'en_']
DEBUG:root:words lenghts to be matched: [6, 4, 4]
DEBUG:root:highest activation of fitting length: _week_, 0.8495912700799132
DEBUG:root:


DEBUG:root:Stimulus: weaken
DEBUG:root:['_w', 'we', 'wa', 'wk', 'ea', 'ek', 'ee', 'en', 'ak', 'ae', 'an', 'ke', 'kn', 'n_']
DEBUG:root:target index:[]
DEBUG:root:target activity:[]
DEBUG:root:total activity: 36.62095601824816
DEBUG:root:nr. above thresh. in lexicon: 6
DEBUG:root:recognized words ['_weak_', '_weaken_', '_we_', '_week_', 'an_', 'en_']
DEBUG:root:words lenghts to be matched: [6, 4, 4]
DEBUG:root:highest activation of fitting length: _week_, 0.8495914110737235
DEBUG:root:


DEBUG:root:Stimulus: weaken
DEBUG:root:['_w', 'we', 'wa', 'wk', 'ea', 'ek', 'ee', 'en', 'ak', 'ae', 'an', 'ke', 'kn', 'n_']
DEBUG:root:target index:[]
DEBUG:root:target activity:[]
DEBUG:root:total activity: 36.62116911465715
DEBUG:root:nr. above thresh. in lexicon: 6
DEBUG:root:recognized words ['_weak_', '_weaken_', '_we_', '_week_', 'an_', 'en_']
DEBUG:root:words lenghts to be matched: [6, 4, 4]
DEBUG:root:highest activation of fitting length: _week_, 0.8495915477270022
DEBUG:root:


DEBUG:root:Stimulus: weaken
DEBUG:root:['_w', 'we', 'wa', 'wk', 'ea', 'ek', 'ee', 'en', 'ak', 'ae', 'an', 'ke', 'kn', 'n_']
DEBUG:root:target index:[]
DEBUG:root:target activity:[]
DEBUG:root:total activity: 36.621366058577
DEBUG:root:nr. above thresh. in lexicon: 6
DEBUG:root:recognized words ['_weak_', '_weaken_', '_we_', '_week_', 'an_', 'en_']
DEBUG:root:words lenghts to be matched: [6, 4, 4]
DEBUG:root:highest activation of fitting length: _week_, 0.8495916793647702
DEBUG:root:


DEBUG:root:Stimulus: weaken
DEBUG:root:['_w', 'we', 'wa', 'wk', 'ea', 'ek', 'ee', 'en', 'ak', 'ae', 'an', 'ke', 'kn', 'n_']
DEBUG:root:target index:[]
DEBUG:root:target activity:[]
DEBUG:root:total activity: 36.62154820998492
DEBUG:root:nr. above thresh. in lexicon: 6
DEBUG:root:recognized words ['_weak_', '_weaken_', '_we_', '_week_', 'an_', 'en_']
DEBUG:root:words lenghts to be matched: [6, 4, 4]
DEBUG:root:highest activation of fitting length: _week_, 0.8495918054882813
DEBUG:root:


DEBUG:root:Stimulus: weaken
DEBUG:root:['_w', 'we', 'wa', 'wk', 'ea', 'ek', 'ee', 'en', 'ak', 'ae', 'an', 'ke', 'kn', 'n_']
DEBUG:root:target index:[]
DEBUG:root:target activity:[]
DEBUG:root:total activity: 36.621716796313315
DEBUG:root:nr. above thresh. in lexicon: 6
DEBUG:root:recognized words ['_weak_', '_weaken_', '_we_', '_week_', 'an_', 'en_']
DEBUG:root:words lenghts to be matched: [6, 4, 4]
DEBUG:root:highest activation of fitting length: _week_, 0.8495919257504569
DEBUG:root:


DEBUG:root:Stimulus: weaken
DEBUG:root:['_w', 'we', 'wa', 'wk', 'ea', 'ek', 'ee', 'en', 'ak', 'ae', 'an', 'ke', 'kn', 'n_']
DEBUG:root:target index:[]
DEBUG:root:target activity:[]
DEBUG:root:total activity: 36.62187292780038
DEBUG:root:nr. above thresh. in lexicon: 6
DEBUG:root:recognized words ['_weak_', '_weaken_', '_we_', '_week_', 'an_', 'en_']
DEBUG:root:words lenghts to be matched: [6, 4, 4]
DEBUG:root:highest activation of fitting length: _week_, 0.8495920399332126
DEBUG:root:


DEBUG:root:Stimulus: weaken
DEBUG:root:['_w', 'we', 'wa', 'wk', 'ea', 'ek', 'ee', 'en', 'ak', 'ae', 'an', 'ke', 'kn', 'n_']
DEBUG:root:target index:[]
DEBUG:root:target activity:[]
DEBUG:root:total activity: 36.62201761074952
DEBUG:root:nr. above thresh. in lexicon: 6
DEBUG:root:recognized words ['_weak_', '_weaken_', '_we_', '_week_', 'an_', 'en_']
DEBUG:root:words lenghts to be matched: [6, 4, 4]
DEBUG:root:highest activation of fitting length: _week_, 0.8495921479268579
DEBUG:root:


DEBUG:root:Stimulus: weaken
DEBUG:root:['_w', 'we', 'wa', 'wk', 'ea', 'ek', 'ee', 'en', 'ak', 'ae', 'an', 'ke', 'kn', 'n_']
DEBUG:root:target index:[]
DEBUG:root:target activity:[]
DEBUG:root:total activity: 36.62215175902045
DEBUG:root:nr. above thresh. in lexicon: 6
DEBUG:root:recognized words ['_weak_', '_weaken_', '_we_', '_week_', 'an_', 'en_']
DEBUG:root:words lenghts to be matched: [6, 4, 4]
DEBUG:root:highest activation of fitting length: _week_, 0.849592249711628
DEBUG:root:


DEBUG:root:Stimulus: weaken
DEBUG:root:['_w', 'we', 'wa', 'wk', 'ea', 'ek', 'ee', 'en', 'ak', 'ae', 'an', 'ke', 'kn', 'n_']
DEBUG:root:target index:[]
DEBUG:root:target activity:[]
DEBUG:root:total activity: 36.62227620401918
DEBUG:root:nr. above thresh. in lexicon: 6
DEBUG:root:recognized words ['_weak_', '_weaken_', '_we_', '_week_', 'an_', 'en_']
DEBUG:root:words lenghts to be matched: [6, 4, 4]
DEBUG:root:highest activation of fitting length: _week_, 0.8495923453413147
DEBUG:root:


DEBUG:root:Stimulus: weaken
DEBUG:root:['_w', 'we', 'wa', 'wk', 'ea', 'ek', 'ee', 'en', 'ak', 'ae', 'an', 'ke', 'kn', 'n_']
DEBUG:root:target index:[]
DEBUG:root:target activity:[]
DEBUG:root:total activity: 36.622391703411346
DEBUG:root:nr. above thresh. in lexicon: 6
DEBUG:root:recognized words ['_weak_', '_weaken_', '_we_', '_week_', 'an_', 'en_']
DEBUG:root:words lenghts to be matched: [6, 4, 4]
DEBUG:root:highest activation of fitting length: _week_, 0.8495924349289056
DEBUG:root:


DEBUG:root:Stimulus: weaken
DEBUG:root:['_w', 'we', 'wa', 'wk', 'ea', 'ek', 'ee', 'en', 'ak', 'ae', 'an', 'ke', 'kn', 'n_']
DEBUG:root:target index:[]
DEBUG:root:target activity:[]
DEBUG:root:total activity: 36.622498948745886
DEBUG:root:nr. above thresh. in lexicon: 6
DEBUG:root:recognized words ['_weak_', '_weaken_', '_we_', '_week_', 'an_', 'en_']
DEBUG:root:words lenghts to be matched: [6, 4, 4]
DEBUG:root:highest activation of fitting length: _week_, 0.8495925186341036
DEBUG:root:


DEBUG:root:Stimulus: weaken
DEBUG:root:['_w', 'we', 'wa', 'wk', 'ea', 'ek', 'ee', 'en', 'ak', 'ae', 'an', 'ke', 'kn', 'n_']
DEBUG:root:target index:[]
DEBUG:root:target activity:[]
DEBUG:root:total activity: 36.62259857214671
DEBUG:root:nr. above thresh. in lexicon: 6
DEBUG:root:recognized words ['_weak_', '_weaken_', '_we_', '_week_', 'an_', 'en_']
DEBUG:root:words lenghts to be matched: [6, 4, 4]
DEBUG:root:highest activation of fitting length: _week_, 0.8495925966525772
DEBUG:root:


DEBUG:root:Stimulus: weaken
DEBUG:root:['_w', 'we', 'wa', 'wk', 'ea', 'ek', 'ee', 'en', 'ak', 'ae', 'an', 'ke', 'kn', 'n_']
DEBUG:root:target index:[]
DEBUG:root:target activity:[]
DEBUG:root:total activity: 36.62269115220395
DEBUG:root:nr. above thresh. in lexicon: 6
DEBUG:root:recognized words ['_weak_', '_weaken_', '_we_', '_week_', 'an_', 'en_']
DEBUG:root:words lenghts to be matched: [6, 4, 4]
DEBUG:root:highest activation of fitting length: _week_, 0.8495926692067824
DEBUG:root:


DEBUG:root:Stimulus: weaken
DEBUG:root:['_w', 'we', 'wa', 'wk', 'ea', 'ek', 'ee', 'en', 'ak', 'ae', 'an', 'ke', 'kn', 'n_']
DEBUG:root:target index:[]
DEBUG:root:target activity:[]
DEBUG:root:total activity: 36.622777219176655
DEBUG:root:nr. above thresh. in lexicon: 6
DEBUG:root:recognized words ['_weak_', '_weaken_', '_we_', '_week_', 'an_', 'en_']
DEBUG:root:words lenghts to be matched: [6, 4, 4]
DEBUG:root:highest activation of fitting length: _week_, 0.8495927365381941
DEBUG:root:


DEBUG:root:Stimulus: weaken
DEBUG:root:['_w', 'we', 'wa', 'wk', 'ea', 'ek', 'ee', 'en', 'ak', 'ae', 'an', 'ke', 'kn', 'n_']
DEBUG:root:target index:[]
DEBUG:root:target activity:[]
DEBUG:root:total activity: 36.622857259600146
DEBUG:root:nr. above thresh. in lexicon: 6
DEBUG:root:recognized words ['_weak_', '_weaken_', '_we_', '_week_', 'an_', 'en_']
DEBUG:root:words lenghts to be matched: [6, 4, 4]
DEBUG:root:highest activation of fitting length: _week_, 0.8495927989007916
DEBUG:root:


DEBUG:root:Stimulus: weaken
DEBUG:root:['_w', 'we', 'wa', 'wk', 'ea', 'ek', 'ee', 'en', 'ak', 'ae', 'an', 'ke', 'kn', 'n_']
DEBUG:root:target index:[]
DEBUG:root:target activity:[]
DEBUG:root:total activity: 36.622931720378396
DEBUG:root:nr. above thresh. in lexicon: 6
DEBUG:root:recognized words ['_weak_', '_weaken_', '_we_', '_week_', 'an_', 'en_']
DEBUG:root:words lenghts to be matched: [6, 4, 4]
DEBUG:root:highest activation of fitting length: _week_, 0.8495928565556486
DEBUG:root:


DEBUG:root:Stimulus: weaken
DEBUG:root:['_w', 'we', 'wa', 'wk', 'ea', 'ek', 'ee', 'en', 'ak', 'ae', 'an', 'ke', 'kn', 'n_']
DEBUG:root:target index:[]
DEBUG:root:target activity:[]
DEBUG:root:total activity: 36.62300101242841
DEBUG:root:nr. above thresh. in lexicon: 6
DEBUG:root:recognized words ['_weak_', '_weaken_', '_we_', '_week_', 'an_', 'en_']
DEBUG:root:words lenghts to be matched: [6, 4, 4]
DEBUG:root:highest activation of fitting length: _week_, 0.8495929097664877
DEBUG:root:


DEBUG:root:Stimulus: weaken
DEBUG:root:['_w', 'we', 'wa', 'wk', 'ea', 'ek', 'ee', 'en', 'ak', 'ae', 'an', 'ke', 'kn', 'n_']
DEBUG:root:target index:[]
DEBUG:root:target activity:[]
DEBUG:root:total activity: 36.62306551393444
DEBUG:root:nr. above thresh. in lexicon: 6
DEBUG:root:recognized words ['_weak_', '_weaken_', '_we_', '_week_', 'an_', 'en_']
DEBUG:root:words lenghts to be matched: [6, 4, 4]
DEBUG:root:highest activation of fitting length: _week_, 0.8495929587960727
DEBUG:root:


DEBUG:root:Stimulus: weaken
DEBUG:root:['_w', 'we', 'wa', 'wk', 'ea', 'ek', 'ee', 'en', 'ak', 'ae', 'an', 'ke', 'kn', 'n_']
DEBUG:root:target index:[]
DEBUG:root:target activity:[]
DEBUG:root:total activity: 36.62312557326065
DEBUG:root:nr. above thresh. in lexicon: 6
DEBUG:root:recognized words ['_weak_', '_weaken_', '_we_', '_week_', 'an_', 'en_']
DEBUG:root:words lenghts to be matched: [6, 4, 4]
DEBUG:root:highest activation of fitting length: _week_, 0.8495930039033224
DEBUG:root:


DEBUG:root:Stimulus: weaken
DEBUG:root:['_w', 'we', 'wa', 'wk', 'ea', 'ek', 'ee', 'en', 'ak', 'ae', 'an', 'ke', 'kn', 'n_']
DEBUG:root:target index:[]
DEBUG:root:target activity:[]
DEBUG:root:total activity: 36.62318151156494
DEBUG:root:nr. above thresh. in lexicon: 6
DEBUG:root:recognized words ['_weak_', '_weaken_', '_we_', '_week_', 'an_', 'en_']
DEBUG:root:words lenghts to be matched: [6, 4, 4]
DEBUG:root:highest activation of fitting length: _week_, 0.8495930453410415
DEBUG:root:


DEBUG:root:Stimulus: weaken
DEBUG:root:['_w', 'we', 'wa', 'wk', 'ea', 'ek', 'ee', 'en', 'ak', 'ae', 'an', 'ke', 'kn', 'n_']
DEBUG:root:target index:[]
DEBUG:root:target activity:[]
DEBUG:root:total activity: 36.62323362514898
DEBUG:root:nr. above thresh. in lexicon: 6
DEBUG:root:recognized words ['_weak_', '_weaken_', '_we_', '_week_', 'an_', 'en_']
DEBUG:root:words lenghts to be matched: [6, 4, 4]
DEBUG:root:highest activation of fitting length: _week_, 0.8495930833541769
DEBUG:root:


DEBUG:root:Stimulus: weaken
DEBUG:root:['_w', 'we', 'wa', 'wk', 'ea', 'ek', 'ee', 'en', 'ak', 'ae', 'an', 'ke', 'kn', 'n_']
DEBUG:root:target index:[]
DEBUG:root:target activity:[]
DEBUG:root:total activity: 36.623282187576606
DEBUG:root:nr. above thresh. in lexicon: 6
DEBUG:root:recognized words ['_weak_', '_weaken_', '_we_', '_week_', 'an_', 'en_']
DEBUG:root:words lenghts to be matched: [6, 4, 4]
DEBUG:root:highest activation of fitting length: _week_, 0.8495931181785155
DEBUG:root:


DEBUG:root:Stimulus: weaken
DEBUG:root:['_w', 'we', 'wa', 'wk', 'ea', 'ek', 'ee', 'en', 'ak', 'ae', 'an', 'ke', 'kn', 'n_']
DEBUG:root:target index:[]
DEBUG:root:target activity:[]
DEBUG:root:total activity: 36.62332745158643
DEBUG:root:nr. above thresh. in lexicon: 6
DEBUG:root:recognized words ['_weak_', '_weaken_', '_we_', '_week_', 'an_', 'en_']
DEBUG:root:words lenghts to be matched: [6, 4, 4]
DEBUG:root:highest activation of fitting length: _week_, 0.849593150039754
DEBUG:root:


DEBUG:root:Stimulus: weaken
DEBUG:root:['_w', 'we', 'wa', 'wk', 'ea', 'ek', 'ee', 'en', 'ak', 'ae', 'an', 'ke', 'kn', 'n_']
DEBUG:root:target index:[]
DEBUG:root:target activity:[]
DEBUG:root:total activity: 36.623369650822426
DEBUG:root:nr. above thresh. in lexicon: 6
DEBUG:root:recognized words ['_weak_', '_weaken_', '_we_', '_week_', 'an_', 'en_']
DEBUG:root:words lenghts to be matched: [6, 4, 4]
DEBUG:root:highest activation of fitting length: _week_, 0.8495931791528774
DEBUG:root:


DEBUG:root:Stimulus: weaken
DEBUG:root:['_w', 'we', 'wa', 'wk', 'ea', 'ek', 'ee', 'en', 'ak', 'ae', 'an', 'ke', 'kn', 'n_']
DEBUG:root:target index:[]
DEBUG:root:target activity:[]
DEBUG:root:total activity: 36.62340900140252
DEBUG:root:nr. above thresh. in lexicon: 6
DEBUG:root:recognized words ['_weak_', '_weaken_', '_we_', '_week_', 'an_', 'en_']
DEBUG:root:words lenghts to be matched: [6, 4, 4]
DEBUG:root:highest activation of fitting length: _week_, 0.8495932057217899
DEBUG:root:


DEBUG:root:Stimulus: weaken
DEBUG:root:['_w', 'we', 'wa', 'wk', 'ea', 'ek', 'ee', 'en', 'ak', 'ae', 'an', 'ke', 'kn', 'n_']
DEBUG:root:target index:[]
DEBUG:root:target activity:[]
DEBUG:root:total activity: 36.62344570334245
DEBUG:root:nr. above thresh. in lexicon: 6
DEBUG:root:recognized words ['_weak_', '_weaken_', '_we_', '_week_', 'an_', 'en_']
DEBUG:root:words lenghts to be matched: [6, 4, 4]
DEBUG:root:highest activation of fitting length: _week_, 0.8495932299391555
DEBUG:root:


DEBUG:root:Stimulus: weaken
DEBUG:root:['_w', 'we', 'wa', 'wk', 'ea', 'ek', 'ee', 'en', 'ak', 'ae', 'an', 'ke', 'kn', 'n_']
DEBUG:root:target index:[]
DEBUG:root:target activity:[]
DEBUG:root:total activity: 36.62347994185094
DEBUG:root:nr. above thresh. in lexicon: 6
DEBUG:root:recognized words ['_weak_', '_weaken_', '_we_', '_week_', 'an_', 'en_']
DEBUG:root:words lenghts to be matched: [6, 4, 4]
DEBUG:root:highest activation of fitting length: _week_, 0.8495932519864043
DEBUG:root:


DEBUG:root:Stimulus: weaken
DEBUG:root:['_w', 'we', 'wa', 'wk', 'ea', 'ek', 'ee', 'en', 'ak', 'ae', 'an', 'ke', 'kn', 'n_']
DEBUG:root:target index:[]
DEBUG:root:target activity:[]
DEBUG:root:total activity: 36.62351188850876
DEBUG:root:nr. above thresh. in lexicon: 6
DEBUG:root:recognized words ['_weak_', '_weaken_', '_we_', '_week_', 'an_', 'en_']
DEBUG:root:words lenghts to be matched: [6, 4, 4]
DEBUG:root:highest activation of fitting length: _week_, 0.8495932720338724
DEBUG:root:


DEBUG:root:Stimulus: weaken
DEBUG:root:['_w', 'we', 'wa', 'wk', 'ea', 'ek', 'ee', 'en', 'ak', 'ae', 'an', 'ke', 'kn', 'n_']
DEBUG:root:target index:[]
DEBUG:root:target activity:[]
DEBUG:root:total activity: 36.62354170234431
DEBUG:root:nr. above thresh. in lexicon: 6
DEBUG:root:recognized words ['_weak_', '_weaken_', '_we_', '_week_', 'an_', 'en_']
DEBUG:root:words lenghts to be matched: [6, 4, 4]
DEBUG:root:highest activation of fitting length: _week_, 0.8495932902410466
DEBUG:root:


DEBUG:root:Stimulus: weaken
DEBUG:root:['_w', 'we', 'wa', 'wk', 'ea', 'ek', 'ee', 'en', 'ak', 'ae', 'an', 'ke', 'kn', 'n_']
DEBUG:root:target index:[]
DEBUG:root:target activity:[]
DEBUG:root:total activity: 36.623569530815395
DEBUG:root:nr. above thresh. in lexicon: 6
DEBUG:root:recognized words ['_weak_', '_weaken_', '_we_', '_week_', 'an_', 'en_']
DEBUG:root:words lenghts to be matched: [6, 4, 4]
DEBUG:root:highest activation of fitting length: _week_, 0.8495933067568889
DEBUG:root:


DEBUG:root:Stimulus: weaken
DEBUG:root:['_w', 'we', 'wa', 'wk', 'ea', 'ek', 'ee', 'en', 'ak', 'ae', 'an', 'ke', 'kn', 'n_']
DEBUG:root:target index:[]
DEBUG:root:target activity:[]
DEBUG:root:total activity: 36.623595510707126
DEBUG:root:nr. above thresh. in lexicon: 6
DEBUG:root:recognized words ['_weak_', '_weaken_', '_we_', '_week_', 'an_', 'en_']
DEBUG:root:words lenghts to be matched: [6, 4, 4]
DEBUG:root:highest activation of fitting length: _week_, 0.8495933217202207
DEBUG:root:


DEBUG:root:Stimulus: weaken
DEBUG:root:['_w', 'we', 'wa', 'wk', 'ea', 'ek', 'ee', 'en', 'ak', 'ae', 'an', 'ke', 'kn', 'n_']
DEBUG:root:target index:[]
DEBUG:root:target activity:[]
DEBUG:root:total activity: 36.62361976895356
DEBUG:root:nr. above thresh. in lexicon: 6
DEBUG:root:recognized words ['_weak_', '_weaken_', '_we_', '_week_', 'an_', 'en_']
DEBUG:root:words lenghts to be matched: [6, 4, 4]
DEBUG:root:highest activation of fitting length: _week_, 0.8495933352601491
DEBUG:root:


DEBUG:root:Stimulus: weaken
DEBUG:root:['_w', 'we', 'wa', 'wk', 'ea', 'ek', 'ee', 'en', 'ak', 'ae', 'an', 'ke', 'kn', 'n_']
DEBUG:root:target index:[]
DEBUG:root:target activity:[]
DEBUG:root:total activity: 36.62364242339047
DEBUG:root:nr. above thresh. in lexicon: 6
DEBUG:root:recognized words ['_weak_', '_weaken_', '_we_', '_week_', 'an_', 'en_']
DEBUG:root:words lenghts to be matched: [6, 4, 4]
DEBUG:root:highest activation of fitting length: _week_, 0.8495933474965227
DEBUG:root:


DEBUG:root:Stimulus: weaken
DEBUG:root:['_w', 'we', 'wa', 'wk', 'ea', 'ek', 'ee', 'en', 'ak', 'ae', 'an', 'ke', 'kn', 'n_']
DEBUG:root:target index:[]
DEBUG:root:target activity:[]
DEBUG:root:total activity: 36.623663583445975
DEBUG:root:nr. above thresh. in lexicon: 6
DEBUG:root:recognized words ['_weak_', '_weaken_', '_we_', '_week_', 'an_', 'en_']
DEBUG:root:words lenghts to be matched: [6, 4, 4]
DEBUG:root:highest activation of fitting length: _week_, 0.849593358540404
DEBUG:root:


DEBUG:root:Stimulus: weaken
DEBUG:root:['_w', 'we', 'wa', 'wk', 'ea', 'ek', 'ee', 'en', 'ak', 'ae', 'an', 'ke', 'kn', 'n_']
DEBUG:root:target index:[]
DEBUG:root:target activity:[]
DEBUG:root:total activity: 36.62368335077418
DEBUG:root:nr. above thresh. in lexicon: 6
DEBUG:root:recognized words ['_weak_', '_weaken_', '_we_', '_week_', 'an_', 'en_']
DEBUG:root:words lenghts to be matched: [6, 4, 4]
DEBUG:root:highest activation of fitting length: _week_, 0.8495933684945497
DEBUG:root:


DEBUG:root:Stimulus: weaken
DEBUG:root:['_w', 'we', 'wa', 'wk', 'ea', 'ek', 'ee', 'en', 'ak', 'ae', 'an', 'ke', 'kn', 'n_']
DEBUG:root:target index:[]
DEBUG:root:target activity:[]
DEBUG:root:total activity: 36.623701819837706
DEBUG:root:nr. above thresh. in lexicon: 6
DEBUG:root:recognized words ['_weak_', '_weaken_', '_we_', '_week_', 'an_', 'en_']
DEBUG:root:words lenghts to be matched: [6, 4, 4]
DEBUG:root:highest activation of fitting length: _week_, 0.8495933774538921
DEBUG:root:


INFO:root:reaction time: 3275 ms
INFO:root:end of trial
INFO:root:trial: 2
DEBUG:root:Stimulus: hashgrid screen
DEBUG:root:['_#', '##', '#_']
DEBUG:root:target index:[]
DEBUG:root:target activity:[]
DEBUG:root:total activity: 0.0
DEBUG:root:nr. above thresh. in lexicon: 0
DEBUG:root:recognized words []
DEBUG:root:words lenghts to be matched: [5]
DEBUG:root:no words above threshold and of fitting length
DEBUG:root:


DEBUG:root:Stimulus: hashgrid screen
DEBUG:root:['_#', '##', '#_']
DEBUG:root:target index:[]
DEBUG:root:target activity:[]
DEBUG:root:total activity: 0.0
DEBUG:root:nr. above thresh. in lexicon: 0
DEBUG:root:recognized words []
DEBUG:root:words lenghts to be matched: [5]
DEBUG:root:no words above threshold and of fitting length
DEBUG:root:


DEBUG:root:Stimulus: hashgrid screen
DEBUG:root:['_#', '##', '#_']
DEBUG:root:target index:[]
DEBUG:root:target activity:[]
DEBUG:root:total activity: 0.0
DEBUG:root:nr. above thresh. in lexicon: 0
DEBUG:root:recognized words []
DEBUG:root:words lenghts to be matched: [5]
DEBUG:root:no words above threshold and of fitting length
DEBUG:root:


DEBUG:root:Stimulus: hashgrid screen
DEBUG:root:['_#', '##', '#_']
DEBUG:root:target index:[]
DEBUG:root:target activity:[]
DEBUG:root:total activity: 0.0
DEBUG:root:nr. above thresh. in lexicon: 0
DEBUG:root:recognized words []
DEBUG:root:words lenghts to be matched: [5]
DEBUG:root:no words above threshold and of fitting length
DEBUG:root:


DEBUG:root:Stimulus: hashgrid screen
DEBUG:root:['_#', '##', '#_']
DEBUG:root:target index:[]
DEBUG:root:target activity:[]
DEBUG:root:total activity: 0.0
DEBUG:root:nr. above thresh. in lexicon: 0
DEBUG:root:recognized words []
DEBUG:root:words lenghts to be matched: [5]
DEBUG:root:no words above threshold and of fitting length
DEBUG:root:


DEBUG:root:Stimulus: hashgrid screen
DEBUG:root:['_#', '##', '#_']
DEBUG:root:target index:[]
DEBUG:root:target activity:[]
DEBUG:root:total activity: 0.0
DEBUG:root:nr. above thresh. in lexicon: 0
DEBUG:root:recognized words []
DEBUG:root:words lenghts to be matched: [5]
DEBUG:root:no words above threshold and of fitting length
DEBUG:root:


DEBUG:root:Stimulus: hashgrid screen
DEBUG:root:['_#', '##', '#_']
DEBUG:root:target index:[]
DEBUG:root:target activity:[]
DEBUG:root:total activity: 0.0
DEBUG:root:nr. above thresh. in lexicon: 0
DEBUG:root:recognized words []
DEBUG:root:words lenghts to be matched: [5]
DEBUG:root:no words above threshold and of fitting length
DEBUG:root:


DEBUG:root:Stimulus: hashgrid screen
DEBUG:root:['_#', '##', '#_']
DEBUG:root:target index:[]
DEBUG:root:target activity:[]
DEBUG:root:total activity: 0.0
DEBUG:root:nr. above thresh. in lexicon: 0
DEBUG:root:recognized words []
DEBUG:root:words lenghts to be matched: [5]
DEBUG:root:no words above threshold and of fitting length
DEBUG:root:


DEBUG:root:Stimulus: hashgrid screen
DEBUG:root:['_#', '##', '#_']
DEBUG:root:target index:[]
DEBUG:root:target activity:[]
DEBUG:root:total activity: 0.0
DEBUG:root:nr. above thresh. in lexicon: 0
DEBUG:root:recognized words []
DEBUG:root:words lenghts to be matched: [5]
DEBUG:root:no words above threshold and of fitting length
DEBUG:root:


DEBUG:root:Stimulus: hashgrid screen
DEBUG:root:['_#', '##', '#_']
DEBUG:root:target index:[]
DEBUG:root:target activity:[]
DEBUG:root:total activity: 0.0
DEBUG:root:nr. above thresh. in lexicon: 0
DEBUG:root:recognized words []
DEBUG:root:words lenghts to be matched: [5]
DEBUG:root:no words above threshold and of fitting length
DEBUG:root:


DEBUG:root:Stimulus: hashgrid screen
DEBUG:root:['_#', '##', '#_']
DEBUG:root:target index:[]
DEBUG:root:target activity:[]
DEBUG:root:total activity: 0.0
DEBUG:root:nr. above thresh. in lexicon: 0
DEBUG:root:recognized words []
DEBUG:root:words lenghts to be matched: [5]
DEBUG:root:no words above threshold and of fitting length
DEBUG:root:


DEBUG:root:Stimulus: hashgrid screen
DEBUG:root:['_#', '##', '#_']
DEBUG:root:target index:[]
DEBUG:root:target activity:[]
DEBUG:root:total activity: 0.0
DEBUG:root:nr. above thresh. in lexicon: 0
DEBUG:root:recognized words []
DEBUG:root:words lenghts to be matched: [5]
DEBUG:root:no words above threshold and of fitting length
DEBUG:root:


DEBUG:root:Stimulus: hashgrid screen
DEBUG:root:['_#', '##', '#_']
DEBUG:root:target index:[]
DEBUG:root:target activity:[]
DEBUG:root:total activity: 0.0
DEBUG:root:nr. above thresh. in lexicon: 0
DEBUG:root:recognized words []
DEBUG:root:words lenghts to be matched: [5]
DEBUG:root:no words above threshold and of fitting length
DEBUG:root:


DEBUG:root:Stimulus: hashgrid screen
DEBUG:root:['_#', '##', '#_']
DEBUG:root:target index:[]
DEBUG:root:target activity:[]
DEBUG:root:total activity: 0.0
DEBUG:root:nr. above thresh. in lexicon: 0
DEBUG:root:recognized words []
DEBUG:root:words lenghts to be matched: [5]
DEBUG:root:no words above threshold and of fitting length
DEBUG:root:


DEBUG:root:Stimulus: hashgrid screen
DEBUG:root:['_#', '##', '#_']
DEBUG:root:target index:[]
DEBUG:root:target activity:[]
DEBUG:root:total activity: 0.0
DEBUG:root:nr. above thresh. in lexicon: 0
DEBUG:root:recognized words []
DEBUG:root:words lenghts to be matched: [5]
DEBUG:root:no words above threshold and of fitting length
DEBUG:root:


DEBUG:root:Stimulus: hashgrid screen
DEBUG:root:['_#', '##', '#_']
DEBUG:root:target index:[]
DEBUG:root:target activity:[]
DEBUG:root:total activity: 0.0
DEBUG:root:nr. above thresh. in lexicon: 0
DEBUG:root:recognized words []
DEBUG:root:words lenghts to be matched: [5]
DEBUG:root:no words above threshold and of fitting length
DEBUG:root:


DEBUG:root:Stimulus: hashgrid screen
DEBUG:root:['_#', '##', '#_']
DEBUG:root:target index:[]
DEBUG:root:target activity:[]
DEBUG:root:total activity: 0.0
DEBUG:root:nr. above thresh. in lexicon: 0
DEBUG:root:recognized words []
DEBUG:root:words lenghts to be matched: [5]
DEBUG:root:no words above threshold and of fitting length
DEBUG:root:


DEBUG:root:Stimulus: hashgrid screen
DEBUG:root:['_#', '##', '#_']
DEBUG:root:target index:[]
DEBUG:root:target activity:[]
DEBUG:root:total activity: 0.0
DEBUG:root:nr. above thresh. in lexicon: 0
DEBUG:root:recognized words []
DEBUG:root:words lenghts to be matched: [5]
DEBUG:root:no words above threshold and of fitting length
DEBUG:root:


DEBUG:root:Stimulus: hashgrid screen
DEBUG:root:['_#', '##', '#_']
DEBUG:root:target index:[]
DEBUG:root:target activity:[]
DEBUG:root:total activity: 0.0
DEBUG:root:nr. above thresh. in lexicon: 0
DEBUG:root:recognized words []
DEBUG:root:words lenghts to be matched: [5]
DEBUG:root:no words above threshold and of fitting length
DEBUG:root:


DEBUG:root:Stimulus: hashgrid screen
DEBUG:root:['_#', '##', '#_']
DEBUG:root:target index:[]
DEBUG:root:target activity:[]
DEBUG:root:total activity: 0.0
DEBUG:root:nr. above thresh. in lexicon: 0
DEBUG:root:recognized words []
DEBUG:root:words lenghts to be matched: [5]
DEBUG:root:no words above threshold and of fitting length
DEBUG:root:


DEBUG:root:Stimulus: tighten
DEBUG:root:['_t', 'ti', 'tg', 'th', 'tt', 'ig', 'ih', 'it', 'ie', 'gh', 'gt', 'ge', 'gn', 'ht', 'he', 'hn', 'te', 'tn', 'en', 'n_']
DEBUG:root:target index:[]
DEBUG:root:target activity:[]
DEBUG:root:total activity: 11.624006372097137
DEBUG:root:nr. above thresh. in lexicon: 0
DEBUG:root:recognized words []
DEBUG:root:words lenghts to be matched: [7]
DEBUG:root:no words above threshold and of fitting length
DEBUG:root:


DEBUG:root:Stimulus: tighten
DEBUG:root:['_t', 'ti', 'tg', 'th', 'tt', 'ig', 'ih', 'it', 'ie', 'gh', 'gt', 'ge', 'gn', 'ht', 'he', 'hn', 'te', 'tn', 'en', 'n_']
DEBUG:root:target index:[]
DEBUG:root:target activity:[]
DEBUG:root:total activity: 16.87136628161682
DEBUG:root:nr. above thresh. in lexicon: 0
DEBUG:root:recognized words []
DEBUG:root:words lenghts to be matched: [7]
DEBUG:root:no words above threshold and of fitting length
DEBUG:root:


DEBUG:root:Stimulus: tighten
DEBUG:root:['_t', 'ti', 'tg', 'th', 'tt', 'ig', 'ih', 'it', 'ie', 'gh', 'gt', 'ge', 'gn', 'ht', 'he', 'hn', 'te', 'tn', 'en', 'n_']
DEBUG:root:target index:[]
DEBUG:root:target activity:[]
DEBUG:root:total activity: 20.101258222878496
DEBUG:root:nr. above thresh. in lexicon: 0
DEBUG:root:recognized words []
DEBUG:root:words lenghts to be matched: [7]
DEBUG:root:no words above threshold and of fitting length
DEBUG:root:


DEBUG:root:Stimulus: tighten
DEBUG:root:['_t', 'ti', 'tg', 'th', 'tt', 'ig', 'ih', 'it', 'ie', 'gh', 'gt', 'ge', 'gn', 'ht', 'he', 'hn', 'te', 'tn', 'en', 'n_']
DEBUG:root:target index:[]
DEBUG:root:target activity:[]
DEBUG:root:total activity: 22.480630535442142
DEBUG:root:nr. above thresh. in lexicon: 0
DEBUG:root:recognized words []
DEBUG:root:words lenghts to be matched: [7]
DEBUG:root:no words above threshold and of fitting length
DEBUG:root:


DEBUG:root:Stimulus: tighten
DEBUG:root:['_t', 'ti', 'tg', 'th', 'tt', 'ig', 'ih', 'it', 'ie', 'gh', 'gt', 'ge', 'gn', 'ht', 'he', 'hn', 'te', 'tn', 'en', 'n_']
DEBUG:root:target index:[]
DEBUG:root:target activity:[]
