__main__ DEBUG:namespace(task_to_run='EmbeddedWords', possible_tasks=['EmbeddedWords', 'Sentence', 'Flanker', 'Classification', 'Transposed', 'PSCall'], short={'french': 'fr', 'german': 'de', 'english': 'en', 'dutch': 'nl'}, run_exp=True, analyze_results=False, optimize=False, print_all=True, plotting=True, stim=     item_nr    prime    all target                     condition
0          1   weaken   weak   weak  truly suffixed/related prime
1          2  tighten  tight  tight  truly suffixed/related prime
2          3    boxer    box    box  truly suffixed/related prime
3          4    owner    own    own  truly suffixed/related prime
4          5   farmer   farm   farm  truly suffixed/related prime
..       ...      ...    ...    ...                           ...
127      128    beefy    too    too  non suffixed/unrelated prime
128      129   griped    beg    beg  non suffixed/unrelated prime
129      130    dusty    ski    ski  non suffixed/unrelated prime
130      131   gloomy    won    won  non suffixed/unrelated prime
131      132   girdle   cart   cart  non suffixed/unrelated prime

[132 rows x 5 columns], language='english', stimcycles=120, is_experiment=True, is_priming_task=True, blankscreen_type='hashgrid', blankscreen_cycles_begin=5, blankscreen_cycles_end=0, ncyclesprime=2, POS_implemented=False, affix_implemented=True, totalcycles=127, trial_ends_on_key_press=True, affix_system=True, simil_algo='lcs', max_edit_dist=1, short_word_cutoff=3, CYCLE_SIZE=25, attendWidth=8.0, use_grammar_prob=True, uniform_pred=False, grammar_weight=0.5, include_sacc_type_sse=True, sacc_type_objective='total', include_sacc_dist_sse=True, tuning_measure='SSE', discretization='bin', objective=[], output_dir=1659890357.6559255, epsilon=0.1, decay=-0.05, bigram_to_word_excitation=3.0, bigram_to_word_inhibition=0, word_inhibition=-0.8, word_length_similarity_constant=0.15, letPerDeg=0.3, min_activity=0.0, max_activity=1.3, max_attend_width=5.0, min_attend_width=3.0, attention_skew=4, bigram_gap=2, min_overlap=2, refix_size=0.2, salience_position=4.99, corpora_repeats=0, frequency_flag=True, prediction_flag=True, similarity_based_recognition=True, use_saccade_error=True, use_attendposition_change=True, visualise=False, slow_word_activity=False, pauze_allocation_errors=False, use_boundary_task=False, sacc_optimal_distance=9.99, saccErr_scaler=0.2, saccErr_sigma=0.17, saccErr_sigma_scaler=0.06, mu=10.09, sigma=5.36, distribution_param=5.0, max_threshold=1, wordfreq_p=0.4, wordpred_p=0.2)
simulate_experiments WARNING:language or task has no POS data.                 Unable to use grammar pred values for this task. Switching to unfiform pred values
simulate_experiments DEBUG:individual words: ['_weak_', '_tight_', '_box_', '_own_', '_farm_', '_play_', '_bank_', '_sing_', '_deal_', '_kill_', '_hunt_', '_read_', '_lead_', '_tell_', '_mix_', '_win_', '_test_', '_abort_', '_evict_', '_fuse_', '_act_', '_edit_', '_poll_', '_sir_', '_both_', '_broth_', '_cat_', '_corn_', '_cow_', '_flow_', '_lag_', '_mist_', '_moth_', '_pond_', '_prop_', '_show_', '_tap_', '_tow_', '_wand_', '_leg_', '_lot_', '_miss_', '_port_', '_rat_', '_cash_', '_flee_', '_turn_', '_ball_', '_spin_', '_pulp_', '_star_', '_gala_', '_free_', '_add_', '_tea_', '_pill_', '_drag_', '_wind_', '_yell_', '_car_', '_hot_', '_too_', '_beg_', '_ski_', '_won_', '_cart_', '_weaken_', '_tighten_', '_boxer_', '_owner_', '_farmer_', '_player_', '_banker_', '_singer_', '_dealer_', '_killer_', '_hunter_', '_reader_', '_leader_', '_teller_', '_mixer_', '_winner_', '_tester_', '_abortion_', '_eviction_', '_fusion_', '_action_', '_edition_', '_grassy_', '_grocery_', '_snowy_', '_bumpy_', '_boards_', '_bricks_', '_postal_', '_greedy_', '_saving_', '_sleepy_', '_nearly_', '_widely_', '_purity_', '_fruity_', '_rocky_', '_lately_', '_oddity_', '_sculptor_', '_governor_', '_poetry_', '_sailor_', '_robbery_', '_pollen_', '_siren_', '_bother_', '_brother_', '_cater_', '_corner_', '_cower_', '_flower_', '_lager_', '_mister_', '_mother_', '_ponder_', '_proper_', '_shower_', '_taper_', '_tower_', '_wander_', '_legion_', '_lotion_', '_mission_', '_portion_', '_ration_', '_fluffy_', '_petal_', '_acidic_', '_zealous_', '_bushy_', '_faulty_', '_gawky_', '_earthy_', '_doing_', '_sticky_', '_pricey_', '_syrupy_', '_bossy_', '_smelly_', '_messy_', '_milky_', '_stormy_', '_filthy_', '_lovely_', '_eatable_', '_wealthy_', '_likely_', '_cashew_', '_fleece_', '_turnip_', '_ballast_', '_spinach_', '_pulpit_', '_starve_', '_galaxy_', '_freeze_', '_address_', '_tease_', '_pillow_', '_dragon_', '_window_', '_yellow_', '_carrot_', '_hotel_', '_tooth_', '_begin_', '_skirt_', '_wonder_', '_carton_', '_seeing_', '_arming_', '_glassy_', '_prowess_', '_buttery_', '_joyous_', '_fairly_', '_asking_', '_ageing_', '_speaker_', '_salty_', '_curled_', '_bubby_', '_darker_', '_catchy_', '_sooner_', '_risky_', '_beefy_', '_griped_', '_dusty_', '_gloomy_', '_girdle_']
simulate_experiments DEBUG:word freq dict (first 20): 
{'_grassy_': 3.13, '_boxer_': 3.83, '_corn_': 3.94, '_farmer_': 4.35, '_ski_': 3.88, '_cart_': 3.77, '_ration_': 3.29, '_likely_': 4.87, '_ball_': 5.33, '_box_': 5.12, '_governor_': 4.15, '_siren_': 3.44, '_dusty_': 3.72, '_dealer_': 4.17, '_mission_': 4.69, '_killer_': 4.37, '_banker_': 3.73, '_cash_': 4.95, '_lager_': 3.56, '_starve_': 3.38}
simulate_experiments DEBUG:['ist_', 'ale_', 'ling_', 'esque_', 'ogony_', 'y_', 'le_', 'atist_', 'ous_', 'age_', 'throp_', 'nox_', 'ina_', 'fice_', 'aire_', 'efac_', 'ast_', 'ern_', 'us_', 'den_', 'z_', 'asthenic_', 'ia_', 'at_', 'ummy_', 'olent_', 'ifer_', 'ode_', 'uv_', 'and_', 'ness_', 'ment_', 'anda_', 'ifix_', 'acle_', 'acul_', 'ica_', 'astica_', 'n_', 'ious_', 'ant_', 'lyte_', 'al_', 'ose_', 'em_', 'ot_', 'ivore_', 'cross_', 't_', 'tics_', 'id_', 'less_', 'as_', 'ese_', 'ancy_', 'esc_', 'ix_', 'ice_', 'itis_', 'etum_', 'abulary_', 'ics_', 'itary_', 'itate_', 'er_', 'tograph_', 'bie_', 'ade_', 'ide_', 'fold_', 'esimal_', 'ium_', 'itous_', 'an_', 'atograph_', 'alia_', 'ulin_', 'oneous_', 'een_', 'oid_', 'eme_', 'ulum_', 'hood_', 'opath_', 'ally_', 'lys_', 'guire_', 'tive_', 'ard_', 'ison_', 'ae_', 'ify_', 'one_', 'enne_', 'some_', 'iatric_', 'alg_', 'isit_', 'issimo_', 'e_', 'oe_', 'ine_', 'iac_', 'etr_', 'back_', 'ated_', 'iana_', 'ius_', 'teen_', 'iz_', 'on_', 'ance_', 'ock_', 'll_', 'ata_', 'ly_', 'ola_', 'iasm_', 'alis_', 'asia_', 'syn_', 'ory_', 'ate_', 'sis_', 'efy_', 'iat_', 'batic_', 'ol_', 'ress_', 'iall_', 'atic_', 'let_', 'tude_', 'ue_', 'asi_', 'ando_', 'itation_', 'itorium_', 'by_', 'ess_', 'aci_', 'in_', 'sics_', 'ie_', 'ism_', 'endum_', 'uitous_', 'able_', 'r_', 'crine_', 'illion_', 'oria_', 'thelial_', 'ile_', 'urn_', 'wise_', 'ron_', 'is_', 'ette_', 'eer_', 'red_', 'na_', 'uple_', 'enda_', 'erry_', 'ure_', 'est_', 'ite_', 'iste_', 'ole_', 'itize_', 'ily_', 'xeur_', 'orial_', 'et_', 'th_', 'iff_', 'it_', 'batics_', 'ane_', 'rrhage_', 'ic_', 'ec_', 'astic_', 'ful_', 'ion_', 'ey_', 'ship_', 'orium_', 'ule_', 'ar_', 'ists_', 'atics_', 'iance_', 'ater_', 'eutic_', 'uity_', 'ster_', 'our_', 'dom_', 'omat_', 'acy_', 'es_', 'oli_', 'oon_', 'i_', 'ace_', 'iast_', 'um_', 'ize_', 'atum_', 'ive_', 'ity_', 'atoire_', 'en_', 'itude_', 'tography_', 'fuge_', 'ish_', 'aria_', 'itan_', 'end_', 'ee_', 'ute_', 'lege_', 'tious_', 'arthr_', 'a_', 'o_', 'or_', 'ogy_', 'ella_', 'ian_', 'ery_', 'ante_', 'ward_', 'most_', 'icle_', 'os_', 'ence_']
simulate_experiments DEBUG:word freq dict (with affixes): {'_grassy_': 3.13, '_boxer_': 3.83, '_corn_': 3.94, '_farmer_': 4.35, '_ski_': 3.88, '_cart_': 3.77, '_ration_': 3.29, '_likely_': 4.87, '_ball_': 5.33, '_box_': 5.12, '_governor_': 4.15, '_siren_': 3.44, '_dusty_': 3.72, '_dealer_': 4.17, '_mission_': 4.69, '_killer_': 4.37, '_banker_': 3.73, '_cash_': 4.95, '_lager_': 3.56, '_starve_': 3.38, '_poll_': 4.19, '_tease_': 3.57, '_add_': 5.0, '_grocery_': 3.09, '_wind_': 5.0, '_earthy_': 3.24, '_shower_': 4.52, '_action_': 5.09, '_sleepy_': 3.78, '_hunter_': 4.18, '_reader_': 3.71, '_buttery_': 3.27, '_arming_': 3.07, '_hot_': 5.14, '_teller_': 3.19, '_snowy_': 3.5, '_leader_': 5.02, '_greedy_': 3.78, '_sailor_': 3.75, '_test_': 5.06, '_winner_': 4.89, '_port_': 4.49, '_bricks_': 4.02, '_moth_': 3.64, '_eatable_': 1.39, '_boards_': 4.06, '_syrupy_': 2.66, '_fuse_': 3.66, '_postal_': 3.61, '_sir_': 5.3, '_bubby_': 1.95, '_portion_': 3.77, '_turn_': 5.45, '_stormy_': 3.55, '_tooth_': 4.09, '_gloomy_': 3.63, '_address_': 4.69, '_tight_': 4.73, '_griped_': 1.3, '_salty_': 3.87, '_bushy_': 3.17, '_tea_': 5.02, '_evict_': 2.89, '_flee_': 3.48, '_beg_': 4.1, '_owner_': 4.65, '_cower_': 2.42, '_deal_': 5.34, '_joyous_': 3.22, '_weaken_': 3.2, '_smelly_': 3.87, '_milky_': 3.51, '_player_': 4.99, '_edition_': 4.08, '_weak_': 4.33, '_bother_': 4.45, '_bossy_': 3.42, '_mixer_': 3.45, '_spinach_': 3.87, '_lately_': 3.88, '_proper_': 4.88, '_taper_': 2.71, '_curled_': 3.22, '_leg_': 4.88, '_poetry_': 4.1, '_mother_': 5.29, '_cat_': 4.83, '_ponder_': 3.06, '_tower_': 4.5, '_legion_': 3.5, '_galaxy_': 3.81, '_asking_': 4.99, '_brother_': 5.01, '_prowess_': 3.24, '_mister_': 3.99, '_yellow_': 4.84, '_sooner_': 4.23, '_pond_': 4.2, '_play_': 5.69, '_eviction_': 3.38, '_star_': 5.04, '_messy_': 4.11, '_mix_': 4.7, '_fruity_': 3.62, '_oddity_': 2.79, '_zealous_': 2.69, '_glassy_': 2.59, '_robbery_': 3.83, '_pillow_': 3.73, '_window_': 4.84, '_rat_': 4.23, '_cater_': 3.25, '_too_': 5.93, '_purity_': 3.28, '_pollen_': 3.55, '_sculptor_': 3.51, '_filthy_': 3.92, '_lead_': 5.18, '_lot_': 5.98, '_pulp_': 3.41, '_pricey_': 3.24, '_mist_': 3.95, '_cow_': 4.44, '_petal_': 3.64, '_flow_': 4.32, '_fluffy_': 3.91, '_tow_': 3.57, '_pulpit_': 3.0, '_girdle_': 2.7, '_tap_': 4.33, '_yell_': 3.28, '_beefy_': 2.96, '_nearly_': 5.09, '_drag_': 4.16, '_hotel_': 4.76, '_dragon_': 4.28, '_darker_': 3.8, '_skirt_': 3.81, '_gawky_': 1.84, '_bank_': 5.28, '_saving_': 4.49, '_broth_': 3.49, '_wand_': 3.54, '_bumpy_': 3.63, '_acidic_': 3.26, '_farm_': 4.81, '_win_': 5.49, '_lag_': 3.1, '_kill_': 4.91, '_fusion_': 3.6, '_speaker_': 4.53, '_risky_': 4.09, '_ageing_': 3.73, '_miss_': 5.21, '_show_': 5.77, '_widely_': 4.04, '_fairly_': 4.75, '_free_': 5.25, '_tighten_': 3.55, '_won_': 5.36, '_prop_': 3.85, '_lotion_': 2.97, '_carrot_': 4.08, '_act_': 4.99, '_both_': 5.57, '_tell_': 5.82, '_fleece_': 3.37, '_freeze_': 4.3, '_wonder_': 5.06, '_abortion_': 3.77, '_hunt_': 4.69, '_sticky_': 4.27, '_own_': 5.72, '_rocky_': 3.99, '_pill_': 3.81, '_flower_': 4.5, '_turnip_': 3.36, '_sing_': 4.94, '_cashew_': 2.84, '_doing_': 5.89, '_read_': 5.14, '_tester_': 2.93, '_spin_': 4.41, '_edit_': 3.31, '_wander_': 3.87, '_singer_': 4.48, '_wealthy_': 4.13, '_carton_': 3.0, '_corner_': 4.96, '_faulty_': 3.46, '_seeing_': 5.12, '_begin_': 4.77, '_ballast_': 2.94, '_catchy_': 3.31, '_abort_': 2.92, '_lovely_': 5.65, '_gala_': 3.32, '_car_': 5.44, '_the_': 7.67, '_to_': 7.42, '_a_': 7.38, '_it_': 7.33, '_i_': 7.33, '_you_': 7.32, '_and_': 7.32, '_of_': 7.27, '_s_': 7.23, '_that_': 7.19, '_is_': 7.18, '_in_': 7.17, '_we_': 7.0, '_for_': 6.93, '_have_': 6.9, '_on_': 6.89, '_this_': 6.89, '_was_': 6.87, "_n't_": 6.87, '_do_': 6.85, '_they_': 6.83, '_he_': 6.82, '_are_': 6.82, '_be_': 6.8, '_what_': 6.78, '_but_': 6.76, '_with_': 6.75, '_not_': 6.72, '_there_': 6.72, '_so_': 6.69, '_at_': 6.69, '_all_': 6.63, '_as_': 6.61, '_one_': 6.56, '_can_': 6.56, '_just_': 6.55, '_will_': 6.55, '_me_': 6.54, '_like_': 6.53, '_up_': 6.53, '_re_': 6.53, '_my_': 6.52, '_about_': 6.51, '_m_': 6.51, '_think_': 6.51, '_has_': 6.51, '_ve_': 6.5, '_your_': 6.5, '_if_': 6.5, '_no_': 6.5, '_from_': 6.5, '_get_': 6.49, '_out_': 6.48, '_got_': 6.47, '_going_': 6.47, '_here_': 6.45, '_would_': 6.45, '_now_': 6.44, '_well_': 6.43, '_go_': 6.43, '_know_': 6.43, '_been_': 6.42, '_she_': 6.42, '_very_': 6.41, '_his_': 6.4, '_an_': 6.4, '_had_': 6.37, '_did_': 6.36, '_right_': 6.36, '_them_': 6.35, '_were_': 6.35, '_good_': 6.35, '_time_': 6.35, '_people_': 6.35, '_see_': 6.34, '_when_': 6.34, '_how_': 6.33, '_more_': 6.32, '_who_': 6.32, '_ll_': 6.32, '_or_': 6.29, '_really_': 6.29, '_oh_': 6.29, '_their_': 6.28, '_by_': 6.28, '_could_': 6.27, '_some_': 6.27, '_yeah_': 6.27, '_come_': 6.26, '_which_': 6.26, '_her_': 6.25, '_back_': 6.25, '_look_': 6.23, '_yes_': 6.23, '_because_': 6.22, '_our_': 6.22, '_want_': 6.22, '_then_': 6.21, '_him_': 6.19, '_two_': 6.18, '_first_': 6.17, '_let_': 6.16, '_into_': 6.16, '_us_': 6.15, '_make_': 6.14, '_over_': 6.14, '_say_': 6.13, '_where_': 6.13, '_way_': 6.12, '_these_': 6.12, '_much_': 6.11, '_bit_': 6.1, '_down_': 6.09, '_off_': 6.08, '_take_': 6.08, '_does_': 6.07, '_need_': 6.07, '_said_': 6.05, '_d_': 6.04, '_little_': 6.03, '_than_': 6.02, '_only_': 6.02, '_why_': 6.02, '_something_': 6.02, '_any_': 6.01, '_great_': 6.0, '_years_': 6.0, '_should_': 6.0, '_put_': 5.99, '_work_': 5.99, '_done_': 5.99, '_day_': 5.99, '_ok_': 5.98, '_new_': 5.98, '_other_': 5.98, '_last_': 5.97, '_ca_': 5.96, '_today_': 5.96, '_big_': 5.94, '_still_': 5.94, '_thing_': 5.94, '_after_': 5.94, '_those_': 5.94, '_three_': 5.94, '_through_': 5.94, '_things_': 5.93, '_quite_': 5.92, '_year_': 5.92, '_made_': 5.91, '_being_': 5.9, '_next_': 5.89, '_never_': 5.89, '_find_': 5.89, '_love_': 5.88, '_before_': 5.88, '_am_': 5.88, '_world_': 5.88, '_thank_': 5.87, '_many_': 5.87, '_man_': 5.86, '_around_': 5.86, '_give_': 5.86, '_most_': 5.86, '_home_': 5.86, '_looking_': 5.85, '_even_': 5.85, '_money_': 5.84, '_again_': 5.84, '_away_': 5.84, '_thought_': 5.84, '_house_': 5.83, '_nice_': 5.83, '_also_': 5.81, '_life_': 5.81, '_long_': 5.8, '_sure_': 5.8, '_might_': 5.8, '_another_': 5.79, '_old_': 5.79, '_actually_': 5.79, '_place_': 5.78, '_best_': 5.78, '_end_': 5.77, '_start_': 5.77, '_its_': 5.77, '_government_': 5.76, '_always_': 5.76, '_better_': 5.76, '_coming_': 5.75, '_help_': 5.75, '_every_': 5.74, '_feel_': 5.73, '_getting_': 5.73, '_keep_': 5.72, '_round_': 5.71, '_mean_': 5.71, '_anything_': 5.7, '_may_': 5.68, '_please_': 5.68, '_went_': 5.68, '_family_': 5.68, '_must_': 5.67, '_course_': 5.67, '_team_': 5.67, '_part_': 5.67, '_few_': 5.67, '_used_': 5.67, '_ever_': 5.67, '_four_': 5.67, '_left_': 5.66, '_different_': 5.66, '_came_': 5.66, '_everything_': 5.66, '_week_': 5.66, '_five_': 5.65, '_sorry_': 5.65, '_enough_': 5.65, '_seen_': 5.65, '_night_': 5.65, '_same_': 5.65, '_country_': 5.65, '_try_': 5.65, '_nothing_': 5.64, '_top_': 5.64, '_having_': 5.62, '_sort_': 5.61, '_far_': 5.61, '_name_': 5.61, '_maybe_': 5.61, '_second_': 5.61, '_head_': 5.61, '_question_': 5.6, '_hello_': 5.6, '_together_': 5.6, '_called_': 5.6, '_kind_': 5.6, '_room_': 5.6, '_under_': 5.6, '_point_': 5.6, '_job_': 5.6, '_probably_': 5.59, '_hard_': 5.58, '_wrong_': 5.58, '_absolutely_': 5.58, '_gone_': 5.58, '_looks_': 5.58, '_found_': 5.58, '_important_': 5.57, '_trying_': 5.57, '_set_': 5.57, '_moment_': 5.57, '_mr_': 5.57, '_use_': 5.57, '_idea_': 5.56, '_happy_': 5.56, '_bad_': 5.56, '_number_': 5.56, '_wanted_': 5.56, '_believe_': 5.56, '_answer_': 5.56, '_making_': 5.56, '_saying_': 5.56, '_hope_': 5.56, '_stop_': 5.55, '_says_': 5.55, '_between_': 5.55, '_half_': 5.55, '_side_': 5.55, '_whole_': 5.54, '_call_': 5.54, '_game_': 5.54, '_party_': 5.53, '_high_': 5.53, '_children_': 5.53, '_each_': 5.53, '_water_': 5.53, '_real_': 5.53, '_against_': 5.53, '_wo_': 5.52, '_talk_': 5.52, '_remember_': 5.52, '_ready_': 5.52, '_days_': 5.52, '_young_': 5.51, '_told_': 5.51, '_once_': 5.51, '_problem_': 5.51, '_goes_': 5.51, '_working_': 5.51, '_police_': 5.5, '_pretty_': 5.5, '_such_': 5.5, '_someone_': 5.5, '_live_': 5.5, '_ago_': 5.5, '_else_': 5.5, '_morning_': 5.5, '_later_': 5.5, '_everyone_': 5.5, '_british_': 5.49, '_comes_': 5.49, '_across_': 5.49, '_leave_': 5.49, '_run_': 5.49, '_change_': 5.49, '_move_': 5.49, '_ha_': 5.48, '_david_': 5.48, '_john_': 5.47, '_six_': 5.47, '_mind_': 5.47, '_business_': 5.47, '_talking_': 5.47, '_able_': 5.47, '_london_': 5.47, '_mum_': 5.46, '_final_': 5.46, '_since_': 5.46, '_without_': 5.46, '_taking_': 5.46, '_chance_': 5.46, '_times_': 5.46, '_fact_': 5.45, '_took_': 5.45, '_tonight_': 5.45, '_fantastic_': 5.45, '_school_': 5.45, '_while_': 5.45, '_already_': 5.45, '_happened_': 5.45, '_food_': 5.45, '_line_': 5.45, '_means_': 5.44, '_minutes_': 5.44, '_minister_': 5.44, '_hand_': 5.44, '_hear_': 5.44, '_fine_': 5.44, '_face_': 5.44, '_public_': 5.44, '_local_': 5.44, '_cos_': 5.44, '_small_': 5.43, '_hey_': 5.43, '_close_': 5.43, '_ah_': 5.43, '_though_': 5.43, '_thanks_': 5.43, '_started_': 5.43, '_case_': 5.43, '_taken_': 5.42, '_needs_': 5.42, '_given_': 5.42, '_welcome_': 5.42, '_behind_': 5.42, '_front_': 5.42, '_couple_': 5.42, '_lost_': 5.42, '_beautiful_': 5.42, '_britain_': 5.42, '_scotland_': 5.42, '_story_': 5.42, '_uk_': 5.42, '_news_': 5.41, '_meet_': 5.41, '_red_': 5.41, '_ask_': 5.41, '_yet_': 5.41, '_open_': 5.41, '_dad_': 5.41, '_pay_': 5.4, '_makes_': 5.4, '_city_': 5.4, '_full_': 5.4, '_until_': 5.4, '_difficult_': 5.4, '_saw_': 5.4, '_bring_': 5.4, '_area_': 5.4, '_almost_': 5.39, '_stuff_': 5.39, '_whether_': 5.39, '_stay_': 5.39, '_rather_': 5.39, '_ten_': 5.39, '_god_': 5.38, '_england_': 5.38, '_million_': 5.38, '_exactly_': 5.37, '_wait_': 5.37, '_mark_': 5.37, '_property_': 5.37, '_buy_': 5.37, '_clear_': 5.37, '_correct_': 5.37, '_men_': 5.37, '_guys_': 5.37, '_everybody_': 5.37, '_south_': 5.36, '_inside_': 5.36, '_amazing_': 5.36, '_thinking_': 5.36, '_playing_': 5.36, '_knew_': 5.36, '_months_': 5.36, '_heard_': 5.36, '_lots_': 5.35, '_cut_': 5.35, '_music_': 5.35, '_labour_': 5.35, '_wales_': 5.35, '_gets_': 5.34, '_war_': 5.34, '_care_': 5.34, '_points_': 5.34, '_brilliant_': 5.34, '_obviously_': 5.34, '_person_': 5.34, '_true_': 5.33, '_wants_': 5.33, '_forward_': 5.33, '_certainly_': 5.33, '_along_': 5.33, '_wonderful_': 5.33, '_friends_': 5.33, '_outside_': 5.32, '_north_': 5.32, '_hold_': 5.32, '_easy_': 5.32, '_early_': 5.32, '_happen_': 5.32, '_huge_': 5.32, '_understand_': 5.32, '_special_': 5.32, '_less_': 5.31, '_living_': 5.31, '_yourself_': 5.31, '_seems_': 5.31, '_hit_': 5.31, '_fun_': 5.31, '_past_': 5.3, '_soon_': 5.3, '_heart_': 5.3, '_future_': 5.3, '_ooh_': 5.3, '_watch_': 5.3, '_baby_': 5.29, '_power_': 5.29, '_known_': 5.29, '_word_': 5.29, '_girl_': 5.29, '_space_': 5.29, '_somebody_': 5.29, '_asked_': 5.29, '_west_': 5.29, '_definitely_': 5.29, '_support_': 5.29, '_friend_': 5.29, '_myself_': 5.28, '_hi_': 5.28, '_hours_': 5.28, '_feeling_': 5.28, '_boy_': 5.28, '_become_': 5.28, '_interesting_': 5.28, '_light_': 5.28, '_price_': 5.28, '_perfect_': 5.28, '_worth_': 5.28, '_garden_': 5.28, '_wow_': 5.28, '_weeks_': 5.28, '_road_': 5.28, '_women_': 5.28, '_anyone_': 5.28, '_brought_': 5.28, '_least_': 5.28, '_rest_': 5.28, '_paul_': 5.28, '_james_': 5.27, '_looked_': 5.27, '_piece_': 5.27, 'ist_': 5.9810435222292675, 'ale_': 4.231788058203186, 'ling_': 4.030296054911111, 'esque_': 3.031408464251624, 'ogony_': 1.9890046156985368, 'y_': 6.985677120349406, 'le_': 3.6646419755561257, 'atist_': 2.7283537820212285, 'ous_': 3.7218106152125467, 'age_': 5.808548551240405, 'throp_': 3.0969100130080562, 'nox_': 3.707783013388108, 'ina_': 1.6283889300503116, 'fice_': 4.639361960384033, 'aire_': 4.162862993321926, 'efac_': 0.6989700043360189, 'ast_': 3.394889257167419, 'ern_': 5.487926322056887, 'us_': 5.650144753649801, 'den_': 2.146128035678238, 'z_': 2.010723865391773, 'asthenic_': 1.0969100130080565, 'ia_': 5.240630358930042, 'at_': 4.735558981091423, 'ummy_': 1.6020599913279623, 'olent_': 1.6532125137753437, 'ifer_': 2.9444826721501687, 'ode_': 3.503790683057181, 'uv_': 3.2558752733914664, 'and_': 3.2889196056617265, 'ness_': 5.656943438305863, 'ment_': 6.551355138186986, 'anda_': 4.405602455209314, 'ifix_': 3.2706788361447066, 'acle_': 3.6414741105040997, 'acul_': 4.192428055331208, 'ica_': 3.0718820073061255, 'astica_': 1.7201593034059568, 'n_': 6.252147032192213, 'ious_': 6.051955706625886, 'ant_': 6.58393322152, 'lyte_': 3.1122697684172707, 'al_': 7.070474805711531, 'ose_': 3.8980392005877604, 'em_': 3.834897339341487, 'ot_': 4.290868991027243, 'ivore_': 3.665815427990935, 'cross_': 2.484299839346786, 't_': 5.523535119426303, 'tics_': 2.9800033715837464, 'id_': 4.6031172960603115, 'less_': 5.597569046736691, 'as_': 3.2838663484734685, 'ese_': 5.369883489335479, 'ancy_': 4.954941643064743, 'esc_': 3.658488381309017, 'ix_': 4.193124598354461, 'ice_': 6.009956286976812, 'itis_': 4.098730230046384, 'etum_': 3.13433651094868, 'abulary_': 3.870111155364401, 'ics_': 5.559065337236439, 'itary_': 2.824451270036613, 'itate_': 3.538133687250669, 'er_': 7.057772477817771, 'tograph_': 1.4393326938302626, 'bie_': 3.4397273276437894, 'ade_': 3.787814567063023, 'ide_': 4.156851901070011, 'fold_': 3.3201462861110542, 'esimal_': 3.0773679052841563, 'ium_': 5.6334305794092145, 'itous_': 3.380211241711606, 'an_': 3.1383026981662816, 'atograph_': 1.916453948549925, 'alia_': 3.167317334748176, 'ulin_': 2.890700397698875, 'oneous_': 3.8394780473741985, 'een_': 3.9669625947016014, 'oid_': 4.422343571355003, 'eme_': 3.161368002234975, 'ulum_': 3.2576785748691846, 'hood_': 4.8334021292318585, 'opath_': 2.278753600952829, 'ally_': 1.3979400086720377, 'lys_': 3.472390727626629, 'guire_': 2.8822398480188234, 'tive_': 2.2612628687924934, 'ard_': 3.33193317250328, 'ison_': 4.710202014655385, 'ae_': 3.5188428262865648, 'ify_': 5.943920934047232, 'one_': 3.3636119798921444, 'enne_': 2.153814864344529, 'some_': 4.70094156232788, 'iatric_': 2.153814864344529, 'alg_': 1.9030899869919435, 'isit_': 2.3273589343863303, 'issimo_': 2.0, 'e_': 3.978522885486405, 'oe_': 0.6989700043360189, 'ine_': 4.655162454859612, 'iac_': 3.593286067020457, 'etr_': 2.5938396610812715, 'back_': 0.0, 'ated_': 3.318585010078825, 'iana_': 2.290034611362518, 'ius_': 3.3687516195445553, 'teen_': 4.616974114816842, 'iz_': 0.3979400086720376, 'on_': 5.5062851236123285, 'ance_': 6.38820647501345, 'ock_': 3.4578818967339924, 'll_': 0.0, 'ata_': 3.355547295732133, 'ly_': 6.984302119410039, 'ola_': 1.6283889300503116, 'iasm_': 3.8419848045901137, 'alis_': 1.6766936096248666, 'asia_': 2.8721562727482928, 'syn_': 3.103803720955957, 'ory_': 6.258389419951223, 'ate_': 6.807724060611393, 'sis_': 5.199837422208157, 'efy_': 2.6483600109809315, 'iat_': 4.296774846740312, 'batic_': 2.6651117370750512, 'ol_': 3.241172786770047, 'ress_': 0.0, 'iall_': 0.8750612633917, 'atic_': 3.0043213737826426, 'let_': 4.379577433327807, 'tude_': 3.9222062774390163, 'ue_': 1.6989700043360187, 'asi_': 2.864807629026147, 'ando_': 1.2430380486862944, 'itation_': 1.9890046156985368, 'itorium_': 3.6154239528859438, 'by_': 2.4734869700645685, 'ess_': 4.9304395947667, 'aci_': 2.197280558125619, 'in_': 3.656098202012832, 'sics_': 0.3979400086720376, 'ie_': 4.671219140298614, 'ism_': 5.736794754924361, 'endum_': 1.845098040014257, 'uitous_': 3.6219548200449014, 'able_': 6.487135546187958, 'r_': 3.6414741105040997, 'crine_': 2.662757831681574, 'illion_': 4.849603658082447, 'oria_': 2.6283889300503116, 'thelial_': 2.6180480967120925, 'ile_': 4.135132651376775, 'urn_': 3.2665844470668635, 'wise_': 5.286815613436587, 'ron_': 3.4742162640762553, 'is_': 2.2041199826559246, 'ette_': 4.238046103128795, 'eer_': 5.612842111828333, 'red_': 4.211053762679937, 'na_': 3.2041199826559246, 'uple_': 3.2272437815030623, 'enda_': 1.0969100130080565, 'erry_': 0.8750612633917, 'ure_': 6.131521626861502, 'est_': 5.855952022934495, 'ite_': 5.756816709812402, 'iste_': 2.7634279935629373, 'ole_': 1.6283889300503116, 'itize_': 3.2068258760318495, 'ily_': 3.180412632838324, 'xeur_': 2.311753861055754, 'orial_': 3.369215857410143, 'et_': 4.897118283992865, 'th_': 5.335883962194102, 'iff_': 3.946329426804956, 'it_': 5.445969852898849, 'batics_': 2.540954808926133, 'ane_': 1.0, 'rrhage_': 1.8750612633917, 'ic_': 6.566082899536836, 'ec_': 2.9661417327390325, 'astic_': 3.1319392952104246, 'ful_': 6.0309648533988, 'ion_': 7.212866757281024, 'ey_': 4.176814480674778, 'ship_': 5.6133660564658046, 'orium_': 2.746244871720198, 'ule_': 4.389874558390986, 'ar_': 6.125450359750159, 'ists_': 3.205475036740891, 'atics_': 2.4771212547196626, 'iance_': 3.5462341061067835, 'ater_': 4.207970795077877, 'eutic_': 3.797094342630254, 'uity_': 3.2181414681576777, 'ster_': 4.098210946028474, 'our_': 4.37254380075907, 'dom_': 5.294862862277967, 'omat_': 2.9457147140598603, 'acy_': 5.134663105066437, 'es_': 0.6989700043360189, 'oli_': 0.8750612633917, 'oon_': 2.5826314394896364, 'i_': 4.723537761532056, 'ace_': 3.700054385628239, 'iast_': 4.267816821938804, 'um_': 0.0, 'ize_': 6.044501542364305, 'atum_': 2.153814864344529, 'ive_': 6.413866994580328, 'ity_': 6.614788628838694, 'atoire_': 2.3979400086720375, 'en_': 6.214572329138008, 'itude_': 4.619615005742807, 'tography_': 3.0232524596337114, 'fuge_': 3.040404528914159, 'ish_': 5.60739335974411, 'aria_': 2.0969100130080562, 'itan_': 3.9292911732550975, 'end_': 4.171214357009491, 'ee_': 5.512047025748707, 'ute_': 2.0969100130080562, 'lege_': 2.7708520116421442, 'tious_': 3.089021500795006, 'arthr_': 2.3273589343863303, 'a_': 5.35042247660771, 'o_': 4.627673031766616, 'or_': 6.369964092070193, 'ogy_': 2.3010299956639813, 'ella_': 3.395763089417763, 'ian_': 5.993560769178718, 'ery_': 3.0960405542954277, 'ante_': 3.3922571613416745, 'ward_': 5.022675761953727, 'most_': 3.8341026557127935, 'icle_': 4.2178128306225835, 'os_': 2.901730691729219, 'ence_': 1.9777236052888478}
simulate_experiments INFO:max freq:7.67
simulate_experiments INFO:Length text: 198
simulate_experiments INFO:LENGTH of freq dict: 920
simulate_experiments INFO:LENGTH of individual words: 198
simulate_experiments DEBUG:size lexicon: 920
simulate_experiments INFO:Amount of words in lexicon: 920
simulate_experiments INFO:Amount of words in text:198
simulate_experiments INFO:Setting up word-to-word inhibition grid...
simulate_experiments INFO:
 using pickled inhibition matrix 

simulate_experiments INFO:Inhibition grid ready. BEGIN EXPERIMENT
simulate_experiments INFO:trial: 1
simulate_experiments INFO:

simulate_experiments DEBUG:Stimulus: hashgrid screen
simulate_experiments DEBUG:['_#', '##', '#_']
simulate_experiments DEBUG:bigram activity per cycle: 2.279542897554733
simulate_experiments DEBUG:target index:[0]
simulate_experiments DEBUG:target activity:[0.]
simulate_experiments DEBUG:target threshold:[0.77418514]
simulate_experiments DEBUG:stimulus activity:0
simulate_experiments DEBUG:total activity: 0.0
simulate_experiments DEBUG:nr. above thresh. in lexicon: 0
simulate_experiments DEBUG:recognized words []
simulate_experiments INFO:

simulate_experiments DEBUG:Stimulus: hashgrid screen
simulate_experiments DEBUG:['_#', '##', '#_']
simulate_experiments DEBUG:bigram activity per cycle: 2.279542897554733
simulate_experiments DEBUG:target index:[0]
simulate_experiments DEBUG:target activity:[0.]
simulate_experiments DEBUG:target threshold:[0.77418514]
simulate_experiments DEBUG:stimulus activity:0
simulate_experiments DEBUG:total activity: 0.0
simulate_experiments DEBUG:nr. above thresh. in lexicon: 0
simulate_experiments DEBUG:recognized words []
simulate_experiments INFO:

simulate_experiments DEBUG:Stimulus: hashgrid screen
simulate_experiments DEBUG:['_#', '##', '#_']
simulate_experiments DEBUG:bigram activity per cycle: 2.279542897554733
simulate_experiments DEBUG:target index:[0]
simulate_experiments DEBUG:target activity:[0.]
simulate_experiments DEBUG:target threshold:[0.77418514]
simulate_experiments DEBUG:stimulus activity:0
simulate_experiments DEBUG:total activity: 0.0
simulate_experiments DEBUG:nr. above thresh. in lexicon: 0
simulate_experiments DEBUG:recognized words []
simulate_experiments INFO:

simulate_experiments DEBUG:Stimulus: hashgrid screen
simulate_experiments DEBUG:['_#', '##', '#_']
simulate_experiments DEBUG:bigram activity per cycle: 2.279542897554733
simulate_experiments DEBUG:target index:[0]
simulate_experiments DEBUG:target activity:[0.]
simulate_experiments DEBUG:target threshold:[0.77418514]
simulate_experiments DEBUG:stimulus activity:0
simulate_experiments DEBUG:total activity: 0.0
simulate_experiments DEBUG:nr. above thresh. in lexicon: 0
simulate_experiments DEBUG:recognized words []
simulate_experiments INFO:

simulate_experiments DEBUG:Stimulus: hashgrid screen
simulate_experiments DEBUG:['_#', '##', '#_']
simulate_experiments DEBUG:bigram activity per cycle: 2.279542897554733
simulate_experiments DEBUG:target index:[0]
simulate_experiments DEBUG:target activity:[0.]
simulate_experiments DEBUG:target threshold:[0.77418514]
simulate_experiments DEBUG:stimulus activity:0
simulate_experiments DEBUG:total activity: 0.0
simulate_experiments DEBUG:nr. above thresh. in lexicon: 0
simulate_experiments DEBUG:recognized words []
simulate_experiments INFO:

simulate_experiments DEBUG:Stimulus: weaken
simulate_experiments DEBUG:['_w', 'we', 'wa', 'wk', 'ea', 'ek', 'ee', 'ak', 'ae', 'an', 'ke', 'kn', 'en', 'n_']
simulate_experiments DEBUG:bigram activity per cycle: 2.674307197010729
simulate_experiments DEBUG:target index:[0]
simulate_experiments DEBUG:target activity:[0.09742083]
simulate_experiments DEBUG:target threshold:[0.77418514]
simulate_experiments DEBUG:stimulus activity:0.16876825841848356
simulate_experiments DEBUG:total activity: 9.135405641866615
simulate_experiments DEBUG:nr. above thresh. in lexicon: 0
simulate_experiments DEBUG:recognized words []
simulate_experiments INFO:

simulate_experiments DEBUG:Stimulus: weaken
simulate_experiments DEBUG:['_w', 'we', 'wa', 'wk', 'ea', 'ek', 'ee', 'ak', 'ae', 'an', 'ke', 'kn', 'en', 'n_']
simulate_experiments DEBUG:bigram activity per cycle: 2.674307197010729
simulate_experiments DEBUG:target index:[0]
simulate_experiments DEBUG:target activity:[0.1715944]
simulate_experiments DEBUG:target threshold:[0.77418514]
simulate_experiments DEBUG:stimulus activity:0.2991899112125168
simulate_experiments DEBUG:total activity: 16.346612609363227
simulate_experiments DEBUG:nr. above thresh. in lexicon: 0
simulate_experiments DEBUG:recognized words []
simulate_experiments INFO:

simulate_experiments DEBUG:Stimulus: weak
simulate_experiments DEBUG:['_w', 'we', 'wa', 'wk', 'ea', 'ek', 'ak', 'k_']
simulate_experiments DEBUG:bigram activity per cycle: 1.865557091508979
simulate_experiments DEBUG:target index:[0]
simulate_experiments DEBUG:target activity:[0.43738396]
simulate_experiments DEBUG:target threshold:[0.77418514]
simulate_experiments DEBUG:stimulus activity:0.43738396109992783
simulate_experiments DEBUG:total activity: 17.48746083846462
simulate_experiments DEBUG:nr. above thresh. in lexicon: 0
simulate_experiments DEBUG:recognized words []
simulate_experiments INFO:

simulate_experiments DEBUG:Stimulus: weak
simulate_experiments DEBUG:['_w', 'we', 'wa', 'wk', 'ea', 'ek', 'ak', 'k_']
simulate_experiments DEBUG:bigram activity per cycle: 1.865557091508979
simulate_experiments DEBUG:target index:[0]
simulate_experiments DEBUG:target activity:[0.60989998]
simulate_experiments DEBUG:target threshold:[0.77418514]
simulate_experiments DEBUG:stimulus activity:0.6098999845614
simulate_experiments DEBUG:total activity: 18.012104425468127
simulate_experiments DEBUG:nr. above thresh. in lexicon: 0
simulate_experiments DEBUG:recognized words []
simulate_experiments INFO:

simulate_experiments DEBUG:Stimulus: weak
simulate_experiments DEBUG:['_w', 'we', 'wa', 'wk', 'ea', 'ek', 'ak', 'k_']
simulate_experiments DEBUG:bigram activity per cycle: 1.865557091508979
simulate_experiments DEBUG:target index:[0]
simulate_experiments DEBUG:target activity:[0.72991647]
simulate_experiments DEBUG:target threshold:[0.77418514]
simulate_experiments DEBUG:stimulus activity:0.7299164691373323
simulate_experiments DEBUG:total activity: 18.230938133547728
simulate_experiments DEBUG:nr. above thresh. in lexicon: 0
simulate_experiments DEBUG:recognized words []
simulate_experiments INFO:

simulate_experiments DEBUG:Stimulus: weak
simulate_experiments DEBUG:['_w', 'we', 'wa', 'wk', 'ea', 'ek', 'ak', 'k_']
simulate_experiments DEBUG:bigram activity per cycle: 1.865557091508979
simulate_experiments DEBUG:target index:[0]
simulate_experiments DEBUG:target activity:[0.8164786]
simulate_experiments DEBUG:target threshold:[0.77418514]
simulate_experiments DEBUG:stimulus activity:0.8164785971735817
simulate_experiments DEBUG:total activity: 18.296485836293854
simulate_experiments DEBUG:nr. above thresh. in lexicon: 1
simulate_experiments DEBUG:recognized words ['_weak_']
simulate_experiments INFO:word weak matched in slot 0
simulate_experiments INFO:matched word is target word
simulate_experiments INFO:reaction time: 425 ms
simulate_experiments INFO:end of trial 

simulate_experiments INFO:trial: 2
simulate_experiments INFO:

simulate_experiments DEBUG:Stimulus: hashgrid screen
simulate_experiments DEBUG:['_#', '##', '#_']
simulate_experiments DEBUG:bigram activity per cycle: 2.279542897554733
simulate_experiments DEBUG:target index:[1]
simulate_experiments DEBUG:target activity:[0.]
simulate_experiments DEBUG:target threshold:[0.75332464]
simulate_experiments DEBUG:stimulus activity:0
simulate_experiments DEBUG:total activity: 0.0
simulate_experiments DEBUG:nr. above thresh. in lexicon: 0
simulate_experiments DEBUG:recognized words []
simulate_experiments INFO:

simulate_experiments DEBUG:Stimulus: hashgrid screen
simulate_experiments DEBUG:['_#', '##', '#_']
simulate_experiments DEBUG:bigram activity per cycle: 2.279542897554733
simulate_experiments DEBUG:target index:[1]
simulate_experiments DEBUG:target activity:[0.]
simulate_experiments DEBUG:target threshold:[0.75332464]
simulate_experiments DEBUG:stimulus activity:0
simulate_experiments DEBUG:total activity: 0.0
simulate_experiments DEBUG:nr. above thresh. in lexicon: 0
simulate_experiments DEBUG:recognized words []
simulate_experiments INFO:

simulate_experiments DEBUG:Stimulus: hashgrid screen
simulate_experiments DEBUG:['_#', '##', '#_']
simulate_experiments DEBUG:bigram activity per cycle: 2.279542897554733
simulate_experiments DEBUG:target index:[1]
simulate_experiments DEBUG:target activity:[0.]
simulate_experiments DEBUG:target threshold:[0.75332464]
simulate_experiments DEBUG:stimulus activity:0
simulate_experiments DEBUG:total activity: 0.0
simulate_experiments DEBUG:nr. above thresh. in lexicon: 0
simulate_experiments DEBUG:recognized words []
simulate_experiments INFO:

simulate_experiments DEBUG:Stimulus: hashgrid screen
simulate_experiments DEBUG:['_#', '##', '#_']
simulate_experiments DEBUG:bigram activity per cycle: 2.279542897554733
simulate_experiments DEBUG:target index:[1]
simulate_experiments DEBUG:target activity:[0.]
simulate_experiments DEBUG:target threshold:[0.75332464]
simulate_experiments DEBUG:stimulus activity:0
simulate_experiments DEBUG:total activity: 0.0
simulate_experiments DEBUG:nr. above thresh. in lexicon: 0
simulate_experiments DEBUG:recognized words []
simulate_experiments INFO:

simulate_experiments DEBUG:Stimulus: hashgrid screen
simulate_experiments DEBUG:['_#', '##', '#_']
simulate_experiments DEBUG:bigram activity per cycle: 2.279542897554733
simulate_experiments DEBUG:target index:[1]
simulate_experiments DEBUG:target activity:[0.]
simulate_experiments DEBUG:target threshold:[0.75332464]
simulate_experiments DEBUG:stimulus activity:0
simulate_experiments DEBUG:total activity: 0.0
simulate_experiments DEBUG:nr. above thresh. in lexicon: 0
simulate_experiments DEBUG:recognized words []
simulate_experiments INFO:

simulate_experiments DEBUG:Stimulus: tighten
simulate_experiments DEBUG:['_t', 'ti', 'tg', 'th', 'ig', 'ih', 'it', 'gh', 'gt', 'ge', 'ht', 'he', 'hn', 'te', 'tn', 'en', 'n_']
simulate_experiments DEBUG:bigram activity per cycle: 2.8919259018100614
simulate_experiments DEBUG:target index:[1]
simulate_experiments DEBUG:target activity:[0.06546563]
simulate_experiments DEBUG:target threshold:[0.75332464]
simulate_experiments DEBUG:stimulus activity:0.06297026670369878
simulate_experiments DEBUG:total activity: 7.998360584219726
simulate_experiments DEBUG:nr. above thresh. in lexicon: 0
simulate_experiments DEBUG:recognized words []
simulate_experiments INFO:

simulate_experiments DEBUG:Stimulus: tighten
simulate_experiments DEBUG:['_t', 'ti', 'tg', 'th', 'ig', 'ih', 'it', 'gh', 'gt', 'ge', 'ht', 'he', 'hn', 'te', 'tn', 'en', 'n_']
simulate_experiments DEBUG:bigram activity per cycle: 2.8919259018100614
simulate_experiments DEBUG:target index:[1]
simulate_experiments DEBUG:target activity:[0.12436124]
simulate_experiments DEBUG:target threshold:[0.75332464]
simulate_experiments DEBUG:stimulus activity:0.11974182431164726
simulate_experiments DEBUG:total activity: 14.748910976936548
simulate_experiments DEBUG:nr. above thresh. in lexicon: 0
simulate_experiments DEBUG:recognized words []
simulate_experiments INFO:

simulate_experiments DEBUG:Stimulus: tight
simulate_experiments DEBUG:['_t', 'ti', 'tg', 'th', 'ig', 'ih', 'it', 'gh', 'gt', 'ht', 't_']
simulate_experiments DEBUG:bigram activity per cycle: 2.279542897554733
simulate_experiments DEBUG:target index:[1]
simulate_experiments DEBUG:target activity:[0.28377674]
simulate_experiments DEBUG:target threshold:[0.75332464]
simulate_experiments DEBUG:stimulus activity:0.2837767404028164
simulate_experiments DEBUG:total activity: 18.670239550544014
simulate_experiments DEBUG:nr. above thresh. in lexicon: 0
simulate_experiments DEBUG:recognized words []
simulate_experiments INFO:

simulate_experiments DEBUG:Stimulus: tight
simulate_experiments DEBUG:['_t', 'ti', 'tg', 'th', 'ig', 'ih', 'it', 'gh', 'gt', 'ht', 't_']
simulate_experiments DEBUG:bigram activity per cycle: 2.279542897554733
simulate_experiments DEBUG:target index:[1]
simulate_experiments DEBUG:target activity:[0.41257238]
simulate_experiments DEBUG:target threshold:[0.75332464]
simulate_experiments DEBUG:stimulus activity:0.41257237875745467
simulate_experiments DEBUG:total activity: 21.88128284577729
simulate_experiments DEBUG:nr. above thresh. in lexicon: 0
simulate_experiments DEBUG:recognized words []
simulate_experiments INFO:

simulate_experiments DEBUG:Stimulus: tight
simulate_experiments DEBUG:['_t', 'ti', 'tg', 'th', 'ig', 'ih', 'it', 'gh', 'gt', 'ht', 't_']
simulate_experiments DEBUG:bigram activity per cycle: 2.279542897554733
simulate_experiments DEBUG:target index:[1]
simulate_experiments DEBUG:target activity:[0.5168495]
simulate_experiments DEBUG:target threshold:[0.75332464]
simulate_experiments DEBUG:stimulus activity:0.5168495027786495
simulate_experiments DEBUG:total activity: 24.534205214134936
simulate_experiments DEBUG:nr. above thresh. in lexicon: 3
simulate_experiments DEBUG:recognized words ['t_', 'th_', 'it_']
simulate_experiments INFO:

simulate_experiments DEBUG:Stimulus: tight
simulate_experiments DEBUG:['_t', 'ti', 'tg', 'th', 'ig', 'ih', 'it', 'gh', 'gt', 'ht', 't_']
simulate_experiments DEBUG:bigram activity per cycle: 2.279542897554733
simulate_experiments DEBUG:target index:[1]
simulate_experiments DEBUG:target activity:[0.60134365]
simulate_experiments DEBUG:target threshold:[0.75332464]
simulate_experiments DEBUG:stimulus activity:0.6013436467746778
simulate_experiments DEBUG:total activity: 26.748460238830585
simulate_experiments DEBUG:nr. above thresh. in lexicon: 3
simulate_experiments DEBUG:recognized words ['t_', 'th_', 'it_']
simulate_experiments INFO:

simulate_experiments DEBUG:Stimulus: tight
simulate_experiments DEBUG:['_t', 'ti', 'tg', 'th', 'ig', 'ih', 'it', 'gh', 'gt', 'ht', 't_']
simulate_experiments DEBUG:bigram activity per cycle: 2.279542897554733
simulate_experiments DEBUG:target index:[1]
simulate_experiments DEBUG:target activity:[0.66970886]
simulate_experiments DEBUG:target threshold:[0.75332464]
simulate_experiments DEBUG:stimulus activity:0.6697088605405905
simulate_experiments DEBUG:total activity: 28.60389337663136
simulate_experiments DEBUG:nr. above thresh. in lexicon: 3
simulate_experiments DEBUG:recognized words ['t_', 'th_', 'it_']
simulate_experiments INFO:

simulate_experiments DEBUG:Stimulus: tight
simulate_experiments DEBUG:['_t', 'ti', 'tg', 'th', 'ig', 'ih', 'it', 'gh', 'gt', 'ht', 't_']
simulate_experiments DEBUG:bigram activity per cycle: 2.279542897554733
simulate_experiments DEBUG:target index:[1]
simulate_experiments DEBUG:target activity:[0.72502397]
simulate_experiments DEBUG:target threshold:[0.75332464]
simulate_experiments DEBUG:stimulus activity:0.7250239656143652
simulate_experiments DEBUG:total activity: 30.166622385256357
simulate_experiments DEBUG:nr. above thresh. in lexicon: 4
simulate_experiments DEBUG:recognized words ['ist_', 't_', 'th_', 'it_']
simulate_experiments INFO:

simulate_experiments DEBUG:Stimulus: tight
simulate_experiments DEBUG:['_t', 'ti', 'tg', 'th', 'ig', 'ih', 'it', 'gh', 'gt', 'ht', 't_']
simulate_experiments DEBUG:bigram activity per cycle: 2.279542897554733
simulate_experiments DEBUG:target index:[1]
simulate_experiments DEBUG:target activity:[0.76978007]
simulate_experiments DEBUG:target threshold:[0.75332464]
simulate_experiments DEBUG:stimulus activity:0.7697800730083911
simulate_experiments DEBUG:total activity: 31.48854300032191
simulate_experiments DEBUG:nr. above thresh. in lexicon: 6
simulate_experiments DEBUG:recognized words ['_tight_', 'ist_', 't_', 'et_', 'th_', 'it_']
simulate_experiments INFO:word tight matched in slot 0
simulate_experiments INFO:matched word is target word
simulate_experiments INFO:reaction time: 500 ms
simulate_experiments INFO:end of trial 

simulate_experiments INFO:trial: 3
simulate_experiments INFO:

simulate_experiments DEBUG:Stimulus: hashgrid screen
simulate_experiments DEBUG:['_#', '##', '#_']
simulate_experiments DEBUG:bigram activity per cycle: 2.279542897554733
simulate_experiments DEBUG:target index:[2]
simulate_experiments DEBUG:target activity:[0.]
simulate_experiments DEBUG:target threshold:[0.73298566]
simulate_experiments DEBUG:stimulus activity:0
simulate_experiments DEBUG:total activity: 0.0
simulate_experiments DEBUG:nr. above thresh. in lexicon: 0
simulate_experiments DEBUG:recognized words []
simulate_experiments INFO:

simulate_experiments DEBUG:Stimulus: hashgrid screen
simulate_experiments DEBUG:['_#', '##', '#_']
simulate_experiments DEBUG:bigram activity per cycle: 2.279542897554733
simulate_experiments DEBUG:target index:[2]
simulate_experiments DEBUG:target activity:[0.]
simulate_experiments DEBUG:target threshold:[0.73298566]
simulate_experiments DEBUG:stimulus activity:0
simulate_experiments DEBUG:total activity: 0.0
simulate_experiments DEBUG:nr. above thresh. in lexicon: 0
simulate_experiments DEBUG:recognized words []
simulate_experiments INFO:

simulate_experiments DEBUG:Stimulus: hashgrid screen
simulate_experiments DEBUG:['_#', '##', '#_']
simulate_experiments DEBUG:bigram activity per cycle: 2.279542897554733
simulate_experiments DEBUG:target index:[2]
simulate_experiments DEBUG:target activity:[0.]
simulate_experiments DEBUG:target threshold:[0.73298566]
simulate_experiments DEBUG:stimulus activity:0
simulate_experiments DEBUG:total activity: 0.0
simulate_experiments DEBUG:nr. above thresh. in lexicon: 0
simulate_experiments DEBUG:recognized words []
simulate_experiments INFO:

simulate_experiments DEBUG:Stimulus: hashgrid screen
simulate_experiments DEBUG:['_#', '##', '#_']
simulate_experiments DEBUG:bigram activity per cycle: 2.279542897554733
simulate_experiments DEBUG:target index:[2]
simulate_experiments DEBUG:target activity:[0.]
simulate_experiments DEBUG:target threshold:[0.73298566]
simulate_experiments DEBUG:stimulus activity:0
simulate_experiments DEBUG:total activity: 0.0
simulate_experiments DEBUG:nr. above thresh. in lexicon: 0
simulate_experiments DEBUG:recognized words []
simulate_experiments INFO:

simulate_experiments DEBUG:Stimulus: hashgrid screen
simulate_experiments DEBUG:['_#', '##', '#_']
simulate_experiments DEBUG:bigram activity per cycle: 2.279542897554733
simulate_experiments DEBUG:target index:[2]
simulate_experiments DEBUG:target activity:[0.]
simulate_experiments DEBUG:target threshold:[0.73298566]
simulate_experiments DEBUG:stimulus activity:0
simulate_experiments DEBUG:total activity: 0.0
simulate_experiments DEBUG:nr. above thresh. in lexicon: 0
simulate_experiments DEBUG:recognized words []
simulate_experiments INFO:

simulate_experiments DEBUG:Stimulus: boxer
simulate_experiments DEBUG:['_b', 'bo', 'bx', 'be', 'ox', 'oe', 'or', 'xe', 'xr', 'er', 'r_']
simulate_experiments DEBUG:bigram activity per cycle: 2.279542897554733
simulate_experiments DEBUG:target index:[2]
simulate_experiments DEBUG:target activity:[0.27061044]
simulate_experiments DEBUG:target threshold:[0.73298566]
simulate_experiments DEBUG:stimulus activity:0.1904050279312018
simulate_experiments DEBUG:total activity: 5.91257446040626
simulate_experiments DEBUG:nr. above thresh. in lexicon: 0
simulate_experiments DEBUG:recognized words []
simulate_experiments INFO:

simulate_experiments DEBUG:Stimulus: boxer
simulate_experiments DEBUG:['_b', 'bo', 'bx', 'be', 'ox', 'oe', 'or', 'xe', 'xr', 'er', 'r_']
simulate_experiments DEBUG:bigram activity per cycle: 2.279542897554733
simulate_experiments DEBUG:target index:[2]
simulate_experiments DEBUG:target activity:[0.464569]
simulate_experiments DEBUG:target threshold:[0.73298566]
simulate_experiments DEBUG:stimulus activity:0.335661312727191
simulate_experiments DEBUG:total activity: 10.395860187915886
simulate_experiments DEBUG:nr. above thresh. in lexicon: 1
simulate_experiments DEBUG:recognized words ['er_']
simulate_experiments INFO:

simulate_experiments DEBUG:Stimulus: box
simulate_experiments DEBUG:['_b', 'bo', 'bx', 'ox', 'x_']
simulate_experiments DEBUG:bigram activity per cycle: 1.2356140568881095
simulate_experiments DEBUG:target index:[2]
simulate_experiments DEBUG:target activity:[0.75500883]
simulate_experiments DEBUG:target threshold:[0.73298566]
simulate_experiments DEBUG:stimulus activity:0.7550088329724157
simulate_experiments DEBUG:total activity: 11.634016212609117
simulate_experiments DEBUG:nr. above thresh. in lexicon: 1
simulate_experiments DEBUG:recognized words ['_box_']
simulate_experiments INFO:word box matched in slot 0
simulate_experiments INFO:matched word is target word
simulate_experiments INFO:reaction time: 350 ms
simulate_experiments INFO:end of trial 

simulate_experiments INFO:trial: 4
simulate_experiments INFO:

simulate_experiments DEBUG:Stimulus: hashgrid screen
simulate_experiments DEBUG:['_#', '##', '#_']
simulate_experiments DEBUG:bigram activity per cycle: 2.279542897554733
simulate_experiments DEBUG:target index:[3]
simulate_experiments DEBUG:target activity:[0.]
simulate_experiments DEBUG:target threshold:[0.70169492]
simulate_experiments DEBUG:stimulus activity:0
simulate_experiments DEBUG:total activity: 0.0
simulate_experiments DEBUG:nr. above thresh. in lexicon: 0
simulate_experiments DEBUG:recognized words []
simulate_experiments INFO:

simulate_experiments DEBUG:Stimulus: hashgrid screen
simulate_experiments DEBUG:['_#', '##', '#_']
simulate_experiments DEBUG:bigram activity per cycle: 2.279542897554733
simulate_experiments DEBUG:target index:[3]
simulate_experiments DEBUG:target activity:[0.]
simulate_experiments DEBUG:target threshold:[0.70169492]
simulate_experiments DEBUG:stimulus activity:0
simulate_experiments DEBUG:total activity: 0.0
simulate_experiments DEBUG:nr. above thresh. in lexicon: 0
simulate_experiments DEBUG:recognized words []
simulate_experiments INFO:

simulate_experiments DEBUG:Stimulus: hashgrid screen
simulate_experiments DEBUG:['_#', '##', '#_']
simulate_experiments DEBUG:bigram activity per cycle: 2.279542897554733
simulate_experiments DEBUG:target index:[3]
simulate_experiments DEBUG:target activity:[0.]
simulate_experiments DEBUG:target threshold:[0.70169492]
simulate_experiments DEBUG:stimulus activity:0
simulate_experiments DEBUG:total activity: 0.0
simulate_experiments DEBUG:nr. above thresh. in lexicon: 0
simulate_experiments DEBUG:recognized words []
simulate_experiments INFO:

simulate_experiments DEBUG:Stimulus: hashgrid screen
simulate_experiments DEBUG:['_#', '##', '#_']
simulate_experiments DEBUG:bigram activity per cycle: 2.279542897554733
simulate_experiments DEBUG:target index:[3]
simulate_experiments DEBUG:target activity:[0.]
simulate_experiments DEBUG:target threshold:[0.70169492]
simulate_experiments DEBUG:stimulus activity:0
simulate_experiments DEBUG:total activity: 0.0
simulate_experiments DEBUG:nr. above thresh. in lexicon: 0
simulate_experiments DEBUG:recognized words []
simulate_experiments INFO:

simulate_experiments DEBUG:Stimulus: hashgrid screen
simulate_experiments DEBUG:['_#', '##', '#_']
simulate_experiments DEBUG:bigram activity per cycle: 2.279542897554733
simulate_experiments DEBUG:target index:[3]
simulate_experiments DEBUG:target activity:[0.]
simulate_experiments DEBUG:target threshold:[0.70169492]
simulate_experiments DEBUG:stimulus activity:0
simulate_experiments DEBUG:total activity: 0.0
simulate_experiments DEBUG:nr. above thresh. in lexicon: 0
simulate_experiments DEBUG:recognized words []
simulate_experiments INFO:

simulate_experiments DEBUG:Stimulus: owner
simulate_experiments DEBUG:['_o', 'ow', 'on', 'oe', 'wn', 'we', 'wr', 'ne', 'nr', 'er', 'r_']
simulate_experiments DEBUG:bigram activity per cycle: 2.279542897554733
simulate_experiments DEBUG:target index:[3]
simulate_experiments DEBUG:target activity:[0.07211299]
simulate_experiments DEBUG:target threshold:[0.70169492]
simulate_experiments DEBUG:stimulus activity:0.015601813997720804
simulate_experiments DEBUG:total activity: 6.7815678492436415
simulate_experiments DEBUG:nr. above thresh. in lexicon: 0
simulate_experiments DEBUG:recognized words []
simulate_experiments INFO:

simulate_experiments DEBUG:Stimulus: owner
simulate_experiments DEBUG:['_o', 'ow', 'on', 'oe', 'wn', 'we', 'wr', 'ne', 'nr', 'er', 'r_']
simulate_experiments DEBUG:bigram activity per cycle: 2.279542897554733
simulate_experiments DEBUG:target index:[3]
simulate_experiments DEBUG:target activity:[0.12673859]
simulate_experiments DEBUG:target threshold:[0.70169492]
simulate_experiments DEBUG:stimulus activity:0.025235722730878596
simulate_experiments DEBUG:total activity: 12.13010725988326
simulate_experiments DEBUG:nr. above thresh. in lexicon: 1
simulate_experiments DEBUG:recognized words ['er_']
simulate_experiments INFO:

simulate_experiments DEBUG:Stimulus: own
simulate_experiments DEBUG:['_o', 'ow', 'on', 'wn', 'n_']
simulate_experiments DEBUG:bigram activity per cycle: 1.2356140568881095
simulate_experiments DEBUG:target index:[3]
simulate_experiments DEBUG:target activity:[0.37994133]
simulate_experiments DEBUG:target threshold:[0.70169492]
simulate_experiments DEBUG:stimulus activity:0.37994133170090705
simulate_experiments DEBUG:total activity: 16.412648802221273
simulate_experiments DEBUG:nr. above thresh. in lexicon: 0
simulate_experiments DEBUG:recognized words []
simulate_experiments INFO:

simulate_experiments DEBUG:Stimulus: own
simulate_experiments DEBUG:['_o', 'ow', 'on', 'wn', 'n_']
simulate_experiments DEBUG:bigram activity per cycle: 1.2356140568881095
simulate_experiments DEBUG:target index:[3]
simulate_experiments DEBUG:target activity:[0.53741812]
simulate_experiments DEBUG:target threshold:[0.70169492]
simulate_experiments DEBUG:stimulus activity:0.5374181216587763
simulate_experiments DEBUG:total activity: 19.320965687781666
simulate_experiments DEBUG:nr. above thresh. in lexicon: 1
simulate_experiments DEBUG:recognized words ['n_']
simulate_experiments INFO:

simulate_experiments DEBUG:Stimulus: own
simulate_experiments DEBUG:['_o', 'ow', 'on', 'wn', 'n_']
simulate_experiments DEBUG:bigram activity per cycle: 1.2356140568881095
simulate_experiments DEBUG:target index:[3]
simulate_experiments DEBUG:target activity:[0.64572197]
simulate_experiments DEBUG:target threshold:[0.70169492]
simulate_experiments DEBUG:stimulus activity:0.6457219706628049
simulate_experiments DEBUG:total activity: 21.389988441744375
simulate_experiments DEBUG:nr. above thresh. in lexicon: 2
simulate_experiments DEBUG:recognized words ['n_', 'on_']
simulate_experiments INFO:

simulate_experiments DEBUG:Stimulus: own
simulate_experiments DEBUG:['_o', 'ow', 'on', 'wn', 'n_']
simulate_experiments DEBUG:bigram activity per cycle: 1.2356140568881095
simulate_experiments DEBUG:target index:[3]
simulate_experiments DEBUG:target activity:[0.72462339]
simulate_experiments DEBUG:target threshold:[0.70169492]
simulate_experiments DEBUG:stimulus activity:0.7246233901189132
simulate_experiments DEBUG:total activity: 22.90650899695531
simulate_experiments DEBUG:nr. above thresh. in lexicon: 4
simulate_experiments DEBUG:recognized words ['_own_', 'n_', 'on_', 'ion_']
simulate_experiments INFO:word own matched in slot 0
simulate_experiments INFO:matched word is target word
simulate_experiments INFO:reaction time: 425 ms
simulate_experiments INFO:end of trial 

simulate_experiments INFO:trial: 5
simulate_experiments INFO:

simulate_experiments DEBUG:Stimulus: hashgrid screen
simulate_experiments DEBUG:['_#', '##', '#_']
simulate_experiments DEBUG:bigram activity per cycle: 2.279542897554733
simulate_experiments DEBUG:target index:[4]
simulate_experiments DEBUG:target activity:[0.]
simulate_experiments DEBUG:target threshold:[0.74915254]
simulate_experiments DEBUG:stimulus activity:0
simulate_experiments DEBUG:total activity: 0.0
simulate_experiments DEBUG:nr. above thresh. in lexicon: 0
simulate_experiments DEBUG:recognized words []
simulate_experiments INFO:

simulate_experiments DEBUG:Stimulus: hashgrid screen
simulate_experiments DEBUG:['_#', '##', '#_']
simulate_experiments DEBUG:bigram activity per cycle: 2.279542897554733
simulate_experiments DEBUG:target index:[4]
simulate_experiments DEBUG:target activity:[0.]
simulate_experiments DEBUG:target threshold:[0.74915254]
simulate_experiments DEBUG:stimulus activity:0
simulate_experiments DEBUG:total activity: 0.0
simulate_experiments DEBUG:nr. above thresh. in lexicon: 0
simulate_experiments DEBUG:recognized words []
simulate_experiments INFO:

simulate_experiments DEBUG:Stimulus: hashgrid screen
simulate_experiments DEBUG:['_#', '##', '#_']
simulate_experiments DEBUG:bigram activity per cycle: 2.279542897554733
simulate_experiments DEBUG:target index:[4]
simulate_experiments DEBUG:target activity:[0.]
simulate_experiments DEBUG:target threshold:[0.74915254]
simulate_experiments DEBUG:stimulus activity:0
simulate_experiments DEBUG:total activity: 0.0
simulate_experiments DEBUG:nr. above thresh. in lexicon: 0
simulate_experiments DEBUG:recognized words []
simulate_experiments INFO:

simulate_experiments DEBUG:Stimulus: hashgrid screen
simulate_experiments DEBUG:['_#', '##', '#_']
simulate_experiments DEBUG:bigram activity per cycle: 2.279542897554733
simulate_experiments DEBUG:target index:[4]
simulate_experiments DEBUG:target activity:[0.]
simulate_experiments DEBUG:target threshold:[0.74915254]
simulate_experiments DEBUG:stimulus activity:0
simulate_experiments DEBUG:total activity: 0.0
simulate_experiments DEBUG:nr. above thresh. in lexicon: 0
simulate_experiments DEBUG:recognized words []
simulate_experiments INFO:

simulate_experiments DEBUG:Stimulus: hashgrid screen
simulate_experiments DEBUG:['_#', '##', '#_']
simulate_experiments DEBUG:bigram activity per cycle: 2.279542897554733
simulate_experiments DEBUG:target index:[4]
simulate_experiments DEBUG:target activity:[0.]
simulate_experiments DEBUG:target threshold:[0.74915254]
simulate_experiments DEBUG:stimulus activity:0
simulate_experiments DEBUG:total activity: 0.0
simulate_experiments DEBUG:nr. above thresh. in lexicon: 0
simulate_experiments DEBUG:recognized words []
simulate_experiments INFO:

simulate_experiments DEBUG:Stimulus: farmer
simulate_experiments DEBUG:['_f', 'fa', 'fr', 'fm', 'ar', 'am', 'ae', 'rm', 're', 'rr', 'me', 'mr', 'er', 'r_']
simulate_experiments DEBUG:bigram activity per cycle: 2.674307197010729
simulate_experiments DEBUG:target index:[4]
simulate_experiments DEBUG:target activity:[0.14580981]
simulate_experiments DEBUG:target threshold:[0.74915254]
simulate_experiments DEBUG:stimulus activity:0.11655613515685846
simulate_experiments DEBUG:total activity: 7.485491326274113
simulate_experiments DEBUG:nr. above thresh. in lexicon: 0
simulate_experiments DEBUG:recognized words []
simulate_experiments INFO:

simulate_experiments DEBUG:Stimulus: farmer
simulate_experiments DEBUG:['_f', 'fa', 'fr', 'fm', 'ar', 'am', 'ae', 'rm', 're', 'rr', 'me', 'mr', 'er', 'r_']
simulate_experiments DEBUG:bigram activity per cycle: 2.674307197010729
simulate_experiments DEBUG:target index:[4]
simulate_experiments DEBUG:target activity:[0.26438128]
simulate_experiments DEBUG:target threshold:[0.74915254]
simulate_experiments DEBUG:stimulus activity:0.21419906999049698
simulate_experiments DEBUG:total activity: 13.441047094335527
simulate_experiments DEBUG:nr. above thresh. in lexicon: 1
simulate_experiments DEBUG:recognized words ['er_']
simulate_experiments INFO:

simulate_experiments DEBUG:Stimulus: farm
simulate_experiments DEBUG:['_f', 'fa', 'fr', 'fm', 'ar', 'am', 'rm', 'm_']
simulate_experiments DEBUG:bigram activity per cycle: 1.865557091508979
simulate_experiments DEBUG:target index:[4]
simulate_experiments DEBUG:target activity:[0.56901764]
simulate_experiments DEBUG:target threshold:[0.74915254]
simulate_experiments DEBUG:stimulus activity:0.5690176422529131
simulate_experiments DEBUG:total activity: 17.087472519103475
simulate_experiments DEBUG:nr. above thresh. in lexicon: 1
simulate_experiments DEBUG:recognized words ['ar_']
simulate_experiments INFO:

simulate_experiments DEBUG:Stimulus: farm
simulate_experiments DEBUG:['_f', 'fa', 'fr', 'fm', 'ar', 'am', 'rm', 'm_']
simulate_experiments DEBUG:bigram activity per cycle: 1.865557091508979
simulate_experiments DEBUG:target index:[4]
simulate_experiments DEBUG:target activity:[0.73954027]
simulate_experiments DEBUG:target threshold:[0.74915254]
simulate_experiments DEBUG:stimulus activity:0.7395402670536149
simulate_experiments DEBUG:total activity: 19.34915598560033
simulate_experiments DEBUG:nr. above thresh. in lexicon: 1
simulate_experiments DEBUG:recognized words ['ar_']
simulate_experiments INFO:

simulate_experiments DEBUG:Stimulus: farm
simulate_experiments DEBUG:['_f', 'fa', 'fr', 'fm', 'ar', 'am', 'rm', 'm_']
simulate_experiments DEBUG:bigram activity per cycle: 1.865557091508979
simulate_experiments DEBUG:target index:[4]
simulate_experiments DEBUG:target activity:[0.84747521]
simulate_experiments DEBUG:target threshold:[0.74915254]
simulate_experiments DEBUG:stimulus activity:0.847475208118535
simulate_experiments DEBUG:total activity: 20.98005539275993
simulate_experiments DEBUG:nr. above thresh. in lexicon: 2
simulate_experiments DEBUG:recognized words ['_farm_', 'ar_']
simulate_experiments INFO:word farm matched in slot 0
simulate_experiments INFO:matched word is target word
simulate_experiments INFO:reaction time: 400 ms
simulate_experiments INFO:end of trial 

simulate_experiments INFO:trial: 6
simulate_experiments INFO:

simulate_experiments DEBUG:Stimulus: hashgrid screen
simulate_experiments DEBUG:['_#', '##', '#_']
simulate_experiments DEBUG:bigram activity per cycle: 2.279542897554733
simulate_experiments DEBUG:target index:[5]
simulate_experiments DEBUG:target activity:[0.]
simulate_experiments DEBUG:target threshold:[0.70325945]
simulate_experiments DEBUG:stimulus activity:0
simulate_experiments DEBUG:total activity: 0.0
simulate_experiments DEBUG:nr. above thresh. in lexicon: 0
simulate_experiments DEBUG:recognized words []
simulate_experiments INFO:

simulate_experiments DEBUG:Stimulus: hashgrid screen
simulate_experiments DEBUG:['_#', '##', '#_']
simulate_experiments DEBUG:bigram activity per cycle: 2.279542897554733
simulate_experiments DEBUG:target index:[5]
simulate_experiments DEBUG:target activity:[0.]
simulate_experiments DEBUG:target threshold:[0.70325945]
simulate_experiments DEBUG:stimulus activity:0
simulate_experiments DEBUG:total activity: 0.0
simulate_experiments DEBUG:nr. above thresh. in lexicon: 0
simulate_experiments DEBUG:recognized words []
simulate_experiments INFO:

simulate_experiments DEBUG:Stimulus: hashgrid screen
simulate_experiments DEBUG:['_#', '##', '#_']
simulate_experiments DEBUG:bigram activity per cycle: 2.279542897554733
simulate_experiments DEBUG:target index:[5]
simulate_experiments DEBUG:target activity:[0.]
simulate_experiments DEBUG:target threshold:[0.70325945]
simulate_experiments DEBUG:stimulus activity:0
simulate_experiments DEBUG:total activity: 0.0
simulate_experiments DEBUG:nr. above thresh. in lexicon: 0
simulate_experiments DEBUG:recognized words []
simulate_experiments INFO:

simulate_experiments DEBUG:Stimulus: hashgrid screen
simulate_experiments DEBUG:['_#', '##', '#_']
simulate_experiments DEBUG:bigram activity per cycle: 2.279542897554733
simulate_experiments DEBUG:target index:[5]
simulate_experiments DEBUG:target activity:[0.]
simulate_experiments DEBUG:target threshold:[0.70325945]
simulate_experiments DEBUG:stimulus activity:0
simulate_experiments DEBUG:total activity: 0.0
simulate_experiments DEBUG:nr. above thresh. in lexicon: 0
simulate_experiments DEBUG:recognized words []
simulate_experiments INFO:

simulate_experiments DEBUG:Stimulus: hashgrid screen
simulate_experiments DEBUG:['_#', '##', '#_']
simulate_experiments DEBUG:bigram activity per cycle: 2.279542897554733
simulate_experiments DEBUG:target index:[5]
simulate_experiments DEBUG:target activity:[0.]
simulate_experiments DEBUG:target threshold:[0.70325945]
simulate_experiments DEBUG:stimulus activity:0
simulate_experiments DEBUG:total activity: 0.0
simulate_experiments DEBUG:nr. above thresh. in lexicon: 0
simulate_experiments DEBUG:recognized words []
simulate_experiments INFO:

simulate_experiments DEBUG:Stimulus: player
simulate_experiments DEBUG:['_p', 'pl', 'pa', 'py', 'la', 'ly', 'le', 'ay', 'ae', 'ar', 'ye', 'yr', 'er', 'r_']
simulate_experiments DEBUG:bigram activity per cycle: 2.674307197010729
