DEBUG:root:namespace(task_to_run='Classification', possible_tasks=['EmbeddedWords', 'Sentence', 'Flanker', 'Classification', 'Transposed', 'PSCall'], short={'french': 'fr', 'german': 'de', 'english': 'en', 'dutch': 'nl'}, run_exp=True, analyze_results=False, optimize=False, print_all=True, plotting=True, stim=     item_nr               all  target    condition
0          1   hoes zicht hoes       2    congruent
1          2  vlees brug vlees       2    congruent
2          3    kool eend kool       2    congruent
3          4    lava auto lava       2    congruent
4          5    wolk grot wolk       2    congruent
..       ...               ...     ...          ...
195      196    hond zakt hond       2  incongruent
196      197    kool gaan kool       2  incongruent
197      198    kurk rent kurk       2  incongruent
198      199  koper hang koper       2  incongruent
199      200    ober wist ober       2  incongruent

[200 rows x 4 columns], language='dutch', stimcycles=7, is_experiment=True, is_priming_task=False, blankscreen_type='fixation cross', blankscreen_cycles_begin=8, blankscreen_cycles_end=0, ncyclesprime=0, POS_implemented=True, affix_implemented=False, totalcycles=15, trial_ends_on_key_press=True, affix_system=True, simil_algo='lcs', max_edit_dist=1, short_word_cutoff=3, CYCLE_SIZE=25, attendWidth=8.0, use_grammar_prob=True, uniform_pred=False, grammar_weight=0.5, include_sacc_type_sse=True, sacc_type_objective='total', include_sacc_dist_sse=True, tuning_measure='SSE', discretization='bin', objective=[], output_dir=1659698894.2540915, epsilon=0.1, decay=-0.05, bigram_to_word_excitation=3.0, bigram_to_word_inhibition=0, word_inhibition=-0.3, word_length_similarity_constant=0.15, letPerDeg=0.3, min_activity=0.0, max_activity=1.3, max_attend_width=5.0, min_attend_width=3.0, attention_skew=4, bigram_gap=2, min_overlap=2, refix_size=0.2, salience_position=4.99, corpora_repeats=0, frequency_flag=True, prediction_flag=True, similarity_based_recognition=True, use_saccade_error=True, use_attendposition_change=True, visualise=False, slow_word_activity=False, pauze_allocation_errors=False, use_boundary_task=False, sacc_optimal_distance=9.99, saccErr_scaler=0.2, saccErr_sigma=0.17, saccErr_sigma_scaler=0.06, mu=10.09, sigma=5.36, distribution_param=5.0, max_threshold=1, wordfreq_p=0.4, wordpred_p=0.2)
WARNING:root:language/task does not support affix system yet! Switching to non-affix version
WARNING:root:Task is not a classical word recognition task and cannot be terminated by key press.                      Switching to trial_ends_on_key_press = False
DEBUG:root:individual words: ['_hoes_', '_zicht_', '_vlees_', '_brug_', '_kool_', '_eend_', '_lava_', '_auto_', '_wolk_', '_grot_', '_vlok_', '_lijst_', '_vocht_', '_broek_', '_worp_', '_hand_', '_mopje_', '_kern_', '_huig_', '_kaars_', '_plek_', '_zaal_', '_slak_', '_zalm_', '_vlaag_', '_wrak_', '_snot_', '_titel_', '_stand_', '_hond_', '_ewrt_', '_pees_', '_traan_', '_cola_', '_stank_', '_naam_', '_ijzer_', '_boon_', '_jurk_', '_muur_', '_beton_', '_lamp_', '_huis_', '_stro_', '_duif_', '_takje_', '_trede_', '_kurk_', '_meid_', '_klank_', '_ster_', '_pruik_', '_wang_', '_waas_', '_poos_', '_wesp_', '_arend_', '_vrouw_', '_hout_', '_druif_', '_teen_', '_oksel_', '_kiwi_', '_worm_', '_tram_', '_kruk_', '_gang_', '_koper_', '_stad_', '_kous_', '_arts_', '_dorp_', '_snoet_', '_kroop_', '_balde_', '_laaf_', '_hief_', '_dool_', '_beef_', '_ging_', '_gewed_', '_maak_', '_stook_', '_leun_', '_doet_', '_hang_', '_zwalk_', '_volg_', '_leef_', '_rees_', '_laat_', '_baar_', '_drijf_', '_gaan_', '_moet_', '_loos_', '_gehad_', '_vrat_', '_laak_', '_duwde_', '_klots_', '_belde_', '_waak_', '_zend_', '_sleep_', '_klikt_', '_vier_', '_woon_', '_vijns_', '_reken_', '_reeg_', '_aaide_', '_loert_', '_raak_', '_zoek_', '_bent_', '_breek_', '_ween_', '_houd_', '_blijf_', '_stelp_', '_hakt_', '_gunde_', '_tril_', '_roei_', '_snap_', '_rouw_', '_bekt_', '_stak_', '_weet_', '_zakt_', '_sterf_', '_kapte_', '_train_', '_eerde_', '_zegt_', '_lukt_', '_viel_', '_past_', '_zinde_', '_kopt_', '_beken_', '_rent_', '_geef_', '_zijn_', '_word_', '_werd_', '_stond_', '_wist_', '_trim_', '_wekte_', '_meen_', '_pupil_', '_graan_', '_wrok_', '_zaad_', '_ober_']
DEBUG:root:word freq dict (first 20): 
{'_vlees_': 4.786544272, '_zalm_': 3.720990312, '_huis_': 5.909518775, '_laat_': 6.304360119, '_blijf_': 5.746931472, '_lijst_': 4.821033884, '_grot_': 4.238595685, '_roei_': 3.23056359, '_hief_': 2.677721622, '_stond_': 5.220902445, '_geef_': 5.93517162, '_past_': 4.645314166, '_gunde_': 2.817900325, '_mopje_': 2.55962231, '_poos_': 3.540193758, '_raak_': 4.918983412, '_pees_': 2.817900325, '_vrat_': 2.935285923, '_rouw_': 3.596051575, '_vlaag_': 3.054472331}
INFO:root:max freq:7.597064496
INFO:root:Length text: 157
Length pred: 2
INFO:root:LENGTH of freq dict: 629
INFO:root:LENGTH of individual words: 157
DEBUG:root:size lexicon: 632
INFO:root:Amount of words in lexicon: 632
INFO:root:Amount of words in text:157
INFO:root:Setting up word-to-word inhibition grid...
INFO:root:
 using pickled inhibition matrix 

INFO:root:Inhibition grid ready. BEGIN EXPERIMENT
INFO:root:trial: 1
DEBUG:root:Stimulus: fixaition cross
DEBUG:root:['_+', '+_']
DEBUG:root:bigram activity per cycle: 0.5398160162368384
DEBUG:root:target index:[1]
DEBUG:root:target activity:[0.]
DEBUG:root:stimulus activity:0
DEBUG:root:total activity: 0.0
DEBUG:root:nr. above thresh. in lexicon: 0
DEBUG:root:recognized words []
DEBUG:root:Stimulus: fixaition cross
DEBUG:root:['_+', '+_']
DEBUG:root:bigram activity per cycle: 0.5398160162368384
DEBUG:root:target index:[1]
DEBUG:root:target activity:[0.]
DEBUG:root:stimulus activity:0
DEBUG:root:total activity: 0.0
DEBUG:root:nr. above thresh. in lexicon: 0
DEBUG:root:recognized words []
DEBUG:root:Stimulus: fixaition cross
DEBUG:root:['_+', '+_']
DEBUG:root:bigram activity per cycle: 0.5398160162368384
DEBUG:root:target index:[1]
DEBUG:root:target activity:[0.]
DEBUG:root:stimulus activity:0
DEBUG:root:total activity: 0.0
DEBUG:root:nr. above thresh. in lexicon: 0
DEBUG:root:recognized words []
DEBUG:root:Stimulus: fixaition cross
DEBUG:root:['_+', '+_']
DEBUG:root:bigram activity per cycle: 0.5398160162368384
DEBUG:root:target index:[1]
DEBUG:root:target activity:[0.]
DEBUG:root:stimulus activity:0
DEBUG:root:total activity: 0.0
DEBUG:root:nr. above thresh. in lexicon: 0
DEBUG:root:recognized words []
DEBUG:root:Stimulus: fixaition cross
DEBUG:root:['_+', '+_']
DEBUG:root:bigram activity per cycle: 0.5398160162368384
DEBUG:root:target index:[1]
DEBUG:root:target activity:[0.]
DEBUG:root:stimulus activity:0
DEBUG:root:total activity: 0.0
DEBUG:root:nr. above thresh. in lexicon: 0
DEBUG:root:recognized words []
DEBUG:root:Stimulus: fixaition cross
DEBUG:root:['_+', '+_']
DEBUG:root:bigram activity per cycle: 0.5398160162368384
DEBUG:root:target index:[1]
DEBUG:root:target activity:[0.]
DEBUG:root:stimulus activity:0
DEBUG:root:total activity: 0.0
DEBUG:root:nr. above thresh. in lexicon: 0
DEBUG:root:recognized words []
DEBUG:root:Stimulus: fixaition cross
DEBUG:root:['_+', '+_']
DEBUG:root:bigram activity per cycle: 0.5398160162368384
DEBUG:root:target index:[1]
DEBUG:root:target activity:[0.]
DEBUG:root:stimulus activity:0
DEBUG:root:total activity: 0.0
DEBUG:root:nr. above thresh. in lexicon: 0
DEBUG:root:recognized words []
DEBUG:root:Stimulus: fixaition cross
DEBUG:root:['_+', '+_']
DEBUG:root:bigram activity per cycle: 0.5398160162368384
DEBUG:root:target index:[1]
DEBUG:root:target activity:[0.]
DEBUG:root:stimulus activity:0
DEBUG:root:total activity: 0.0
DEBUG:root:nr. above thresh. in lexicon: 0
DEBUG:root:recognized words []
DEBUG:root:Stimulus: hoes zicht hoes
DEBUG:root:['_h', 'ho', 'he', 'hs', 'oe', 'os', 'es', ' z', ' i', ' c', 'zi', 'zc', 'zh', 'ic', 'ih', 'it', 'ch', 'ct', 'ht', ' h', ' o', ' e', 's_']
DEBUG:root:bigram activity per cycle: 4.940246722841367
DEBUG:root:target index:[1]
DEBUG:root:target activity:[0.42058836]
DEBUG:root:stimulus activity:1.4253576694014596
DEBUG:root:total activity: 19.12052366635023
DEBUG:root:nr. above thresh. in lexicon: 0
DEBUG:root:recognized words []
DEBUG:root:Stimulus: hoes zicht hoes
DEBUG:root:['_h', 'ho', 'he', 'hs', 'oe', 'os', 'es', ' z', ' i', ' c', 'zi', 'zc', 'zh', 'ic', 'ih', 'it', 'ch', 'ct', 'ht', ' h', ' o', ' e', 's_']
DEBUG:root:bigram activity per cycle: 4.940246722841367
DEBUG:root:target index:[1]
DEBUG:root:target activity:[0.66730404]
DEBUG:root:stimulus activity:2.1160245404368094
DEBUG:root:total activity: 30.291525901301714
DEBUG:root:nr. above thresh. in lexicon: 0
DEBUG:root:recognized words []
DEBUG:root:Stimulus: hoes zicht hoes
DEBUG:root:['_h', 'ho', 'he', 'hs', 'oe', 'os', 'es', ' z', ' i', ' c', 'zi', 'zc', 'zh', 'ic', 'ih', 'it', 'ch', 'ct', 'ht', ' h', ' o', ' e', 's_']
DEBUG:root:bigram activity per cycle: 4.940246722841367
DEBUG:root:target index:[1]
DEBUG:root:target activity:[0.81505406]
DEBUG:root:stimulus activity:2.467642191422661
DEBUG:root:total activity: 36.03053423902896
DEBUG:root:nr. above thresh. in lexicon: 2
DEBUG:root:recognized words ['_zicht_', '_zich_']
